{"C:\\Users\\ASUS\\Desktop\\4.sınıf\\yedek\\isg-ap\\controllers\\dokumanController.js": {"path":"C:\\Users\\ASUS\\Desktop\\4.sınıf\\yedek\\isg-ap\\controllers\\dokumanController.js","statementMap":{"0":{"start":{"line":2,"column":16},"end":{"line":2,"column":44}},"1":{"start":{"line":3,"column":17},"end":{"line":3,"column":42}},"2":{"start":{"line":6,"column":0},"end":{"line":36,"column":2}},"3":{"start":{"line":7,"column":2},"end":{"line":35,"column":3}},"4":{"start":{"line":8,"column":53},"end":{"line":8,"column":62}},"5":{"start":{"line":9,"column":19},"end":{"line":9,"column":21}},"6":{"start":{"line":11,"column":4},"end":{"line":11,"column":40}},"7":{"start":{"line":11,"column":17},"end":{"line":11,"column":40}},"8":{"start":{"line":14,"column":4},"end":{"line":16,"column":5}},"9":{"start":{"line":15,"column":6},"end":{"line":15,"column":48}},"10":{"start":{"line":18,"column":4},"end":{"line":18,"column":40}},"11":{"start":{"line":18,"column":18},"end":{"line":18,"column":40}},"12":{"start":{"line":19,"column":4},"end":{"line":19,"column":45}},"13":{"start":{"line":19,"column":18},"end":{"line":19,"column":45}},"14":{"start":{"line":20,"column":4},"end":{"line":20,"column":69}},"15":{"start":{"line":20,"column":18},"end":{"line":20,"column":69}},"16":{"start":{"line":22,"column":21},"end":{"line":25,"column":32}},"17":{"start":{"line":28,"column":4},"end":{"line":30,"column":5}},"18":{"start":{"line":29,"column":6},"end":{"line":29,"column":61}},"19":{"start":{"line":29,"column":42},"end":{"line":29,"column":59}},"20":{"start":{"line":32,"column":4},"end":{"line":32,"column":74}},"21":{"start":{"line":34,"column":4},"end":{"line":34,"column":64}},"22":{"start":{"line":39,"column":0},"end":{"line":52,"column":2}},"23":{"start":{"line":40,"column":2},"end":{"line":51,"column":3}},"24":{"start":{"line":41,"column":20},"end":{"line":43,"column":44}},"25":{"start":{"line":45,"column":4},"end":{"line":47,"column":5}},"26":{"start":{"line":46,"column":6},"end":{"line":46,"column":83}},"27":{"start":{"line":48,"column":4},"end":{"line":48,"column":46}},"28":{"start":{"line":50,"column":4},"end":{"line":50,"column":64}},"29":{"start":{"line":55,"column":0},"end":{"line":77,"column":2}},"30":{"start":{"line":56,"column":2},"end":{"line":76,"column":3}},"31":{"start":{"line":57,"column":22},"end":{"line":57,"column":35}},"32":{"start":{"line":59,"column":17},"end":{"line":65,"column":5}},"33":{"start":{"line":67,"column":20},"end":{"line":67,"column":46}},"34":{"start":{"line":70,"column":4},"end":{"line":70,"column":51}},"35":{"start":{"line":71,"column":4},"end":{"line":71,"column":56}},"36":{"start":{"line":73,"column":4},"end":{"line":73,"column":85}},"37":{"start":{"line":75,"column":4},"end":{"line":75,"column":64}},"38":{"start":{"line":80,"column":0},"end":{"line":97,"column":2}},"39":{"start":{"line":81,"column":2},"end":{"line":96,"column":3}},"40":{"start":{"line":82,"column":20},"end":{"line":88,"column":44}},"41":{"start":{"line":90,"column":4},"end":{"line":92,"column":5}},"42":{"start":{"line":91,"column":6},"end":{"line":91,"column":83}},"43":{"start":{"line":93,"column":4},"end":{"line":93,"column":77}},"44":{"start":{"line":95,"column":4},"end":{"line":95,"column":64}},"45":{"start":{"line":100,"column":0},"end":{"line":110,"column":2}},"46":{"start":{"line":101,"column":2},"end":{"line":109,"column":3}},"47":{"start":{"line":102,"column":20},"end":{"line":102,"column":66}},"48":{"start":{"line":103,"column":4},"end":{"line":105,"column":5}},"49":{"start":{"line":104,"column":6},"end":{"line":104,"column":83}},"50":{"start":{"line":106,"column":4},"end":{"line":106,"column":68}},"51":{"start":{"line":108,"column":4},"end":{"line":108,"column":64}},"52":{"start":{"line":113,"column":0},"end":{"line":135,"column":2}},"53":{"start":{"line":114,"column":2},"end":{"line":134,"column":3}},"54":{"start":{"line":115,"column":19},"end":{"line":115,"column":53}},"55":{"start":{"line":117,"column":4},"end":{"line":119,"column":5}},"56":{"start":{"line":118,"column":6},"end":{"line":118,"column":48}},"57":{"start":{"line":121,"column":21},"end":{"line":124,"column":35}},"58":{"start":{"line":127,"column":19},"end":{"line":129,"column":19}},"59":{"start":{"line":128,"column":19},"end":{"line":128,"column":72}},"60":{"start":{"line":131,"column":4},"end":{"line":131,"column":66}},"61":{"start":{"line":133,"column":4},"end":{"line":133,"column":64}}},"fnMap":{"0":{"name":"(anonymous_0)","decl":{"start":{"line":6,"column":24},"end":{"line":6,"column":25}},"loc":{"start":{"line":6,"column":44},"end":{"line":36,"column":1}},"line":6},"1":{"name":"(anonymous_1)","decl":{"start":{"line":29,"column":37},"end":{"line":29,"column":38}},"loc":{"start":{"line":29,"column":42},"end":{"line":29,"column":59}},"line":29},"2":{"name":"(anonymous_2)","decl":{"start":{"line":39,"column":23},"end":{"line":39,"column":24}},"loc":{"start":{"line":39,"column":43},"end":{"line":52,"column":1}},"line":39},"3":{"name":"(anonymous_3)","decl":{"start":{"line":55,"column":22},"end":{"line":55,"column":23}},"loc":{"start":{"line":55,"column":42},"end":{"line":77,"column":1}},"line":55},"4":{"name":"(anonymous_4)","decl":{"start":{"line":80,"column":26},"end":{"line":80,"column":27}},"loc":{"start":{"line":80,"column":46},"end":{"line":97,"column":1}},"line":80},"5":{"name":"(anonymous_5)","decl":{"start":{"line":100,"column":21},"end":{"line":100,"column":22}},"loc":{"start":{"line":100,"column":41},"end":{"line":110,"column":1}},"line":100},"6":{"name":"(anonymous_6)","decl":{"start":{"line":113,"column":27},"end":{"line":113,"column":28}},"loc":{"start":{"line":113,"column":47},"end":{"line":135,"column":1}},"line":113},"7":{"name":"(anonymous_7)","decl":{"start":{"line":128,"column":14},"end":{"line":128,"column":15}},"loc":{"start":{"line":128,"column":19},"end":{"line":128,"column":72}},"line":128}},"branchMap":{"0":{"loc":{"start":{"line":11,"column":4},"end":{"line":11,"column":40}},"type":"if","locations":[{"start":{"line":11,"column":4},"end":{"line":11,"column":40}},{"start":{},"end":{}}],"line":11},"1":{"loc":{"start":{"line":14,"column":4},"end":{"line":16,"column":5}},"type":"if","locations":[{"start":{"line":14,"column":4},"end":{"line":16,"column":5}},{"start":{},"end":{}}],"line":14},"2":{"loc":{"start":{"line":18,"column":4},"end":{"line":18,"column":40}},"type":"if","locations":[{"start":{"line":18,"column":4},"end":{"line":18,"column":40}},{"start":{},"end":{}}],"line":18},"3":{"loc":{"start":{"line":19,"column":4},"end":{"line":19,"column":45}},"type":"if","locations":[{"start":{"line":19,"column":4},"end":{"line":19,"column":45}},{"start":{},"end":{}}],"line":19},"4":{"loc":{"start":{"line":20,"column":4},"end":{"line":20,"column":69}},"type":"if","locations":[{"start":{"line":20,"column":4},"end":{"line":20,"column":69}},{"start":{},"end":{}}],"line":20},"5":{"loc":{"start":{"line":28,"column":4},"end":{"line":30,"column":5}},"type":"if","locations":[{"start":{"line":28,"column":4},"end":{"line":30,"column":5}},{"start":{},"end":{}}],"line":28},"6":{"loc":{"start":{"line":45,"column":4},"end":{"line":47,"column":5}},"type":"if","locations":[{"start":{"line":45,"column":4},"end":{"line":47,"column":5}},{"start":{},"end":{}}],"line":45},"7":{"loc":{"start":{"line":64,"column":17},"end":{"line":64,"column":59}},"type":"binary-expr","locations":[{"start":{"line":64,"column":17},"end":{"line":64,"column":34}},{"start":{"line":64,"column":38},"end":{"line":64,"column":53}},{"start":{"line":64,"column":57},"end":{"line":64,"column":59}}],"line":64},"8":{"loc":{"start":{"line":90,"column":4},"end":{"line":92,"column":5}},"type":"if","locations":[{"start":{"line":90,"column":4},"end":{"line":92,"column":5}},{"start":{},"end":{}}],"line":90},"9":{"loc":{"start":{"line":103,"column":4},"end":{"line":105,"column":5}},"type":"if","locations":[{"start":{"line":103,"column":4},"end":{"line":105,"column":5}},{"start":{},"end":{}}],"line":103},"10":{"loc":{"start":{"line":117,"column":4},"end":{"line":119,"column":5}},"type":"if","locations":[{"start":{"line":117,"column":4},"end":{"line":119,"column":5}},{"start":{},"end":{}}],"line":117},"11":{"loc":{"start":{"line":128,"column":19},"end":{"line":128,"column":72}},"type":"binary-expr","locations":[{"start":{"line":128,"column":19},"end":{"line":128,"column":46}},{"start":{"line":128,"column":50},"end":{"line":128,"column":72}}],"line":128}},"s":{"0":1,"1":1,"2":1,"3":4,"4":4,"5":4,"6":4,"7":0,"8":4,"9":1,"10":4,"11":0,"12":4,"13":0,"14":4,"15":0,"16":4,"17":3,"18":1,"19":2,"20":3,"21":1,"22":1,"23":2,"24":2,"25":2,"26":1,"27":1,"28":0,"29":1,"30":1,"31":1,"32":1,"33":1,"34":1,"35":1,"36":1,"37":0,"38":1,"39":1,"40":1,"41":1,"42":1,"43":0,"44":0,"45":1,"46":2,"47":2,"48":2,"49":1,"50":1,"51":0,"52":1,"53":1,"54":1,"55":1,"56":0,"57":1,"58":1,"59":3,"60":1,"61":0},"f":{"0":4,"1":2,"2":2,"3":1,"4":1,"5":2,"6":1,"7":3},"b":{"0":[0,4],"1":[1,3],"2":[0,4],"3":[0,4],"4":[0,4],"5":[1,2],"6":[1,1],"7":[1,0,0],"8":[1,0],"9":[1,1],"10":[0,1],"11":[3,2]},"_coverageSchema":"1a1c01bbd47fc00a2c39e90264f33305004495a9","hash":"af9e37bcb929cb1614c86b7a7759f1aa64a0a8d3"}
,"C:\\Users\\ASUS\\Desktop\\4.sınıf\\yedek\\isg-ap\\controllers\\firmaController.js": {"path":"C:\\Users\\ASUS\\Desktop\\4.sınıf\\yedek\\isg-ap\\controllers\\firmaController.js","statementMap":{"0":{"start":{"line":2,"column":17},"end":{"line":2,"column":43}},"1":{"start":{"line":3,"column":17},"end":{"line":3,"column":46}},"2":{"start":{"line":4,"column":17},"end":{"line":4,"column":45}},"3":{"start":{"line":5,"column":18},"end":{"line":5,"column":43}},"4":{"start":{"line":8,"column":0},"end":{"line":43,"column":2}},"5":{"start":{"line":9,"column":2},"end":{"line":42,"column":3}},"6":{"start":{"line":10,"column":29},"end":{"line":10,"column":38}},"7":{"start":{"line":11,"column":19},"end":{"line":11,"column":21}},"8":{"start":{"line":12,"column":16},"end":{"line":12,"column":33}},"9":{"start":{"line":13,"column":24},"end":{"line":13,"column":41}},"10":{"start":{"line":15,"column":4},"end":{"line":23,"column":5}},"11":{"start":{"line":18,"column":9},"end":{"line":23,"column":5}},"12":{"start":{"line":19,"column":6},"end":{"line":19,"column":44}},"13":{"start":{"line":21,"column":9},"end":{"line":23,"column":5}},"14":{"start":{"line":22,"column":6},"end":{"line":22,"column":46}},"15":{"start":{"line":26,"column":4},"end":{"line":30,"column":5}},"16":{"start":{"line":27,"column":8},"end":{"line":27,"column":40}},"17":{"start":{"line":29,"column":8},"end":{"line":29,"column":38}},"18":{"start":{"line":32,"column":4},"end":{"line":32,"column":66}},"19":{"start":{"line":32,"column":15},"end":{"line":32,"column":66}},"20":{"start":{"line":34,"column":21},"end":{"line":37,"column":28}},"21":{"start":{"line":39,"column":4},"end":{"line":39,"column":70}},"22":{"start":{"line":41,"column":4},"end":{"line":41,"column":64}},"23":{"start":{"line":46,"column":0},"end":{"line":70,"column":2}},"24":{"start":{"line":47,"column":2},"end":{"line":69,"column":3}},"25":{"start":{"line":48,"column":18},"end":{"line":50,"column":48}},"26":{"start":{"line":52,"column":4},"end":{"line":52,"column":91}},"27":{"start":{"line":52,"column":16},"end":{"line":52,"column":91}},"28":{"start":{"line":54,"column":16},"end":{"line":54,"column":33}},"29":{"start":{"line":55,"column":24},"end":{"line":55,"column":52}},"30":{"start":{"line":58,"column":4},"end":{"line":60,"column":5}},"31":{"start":{"line":59,"column":6},"end":{"line":59,"column":95}},"32":{"start":{"line":62,"column":4},"end":{"line":64,"column":5}},"33":{"start":{"line":63,"column":7},"end":{"line":63,"column":122}},"34":{"start":{"line":66,"column":4},"end":{"line":66,"column":44}},"35":{"start":{"line":68,"column":4},"end":{"line":68,"column":64}},"36":{"start":{"line":73,"column":0},"end":{"line":124,"column":2}},"37":{"start":{"line":74,"column":2},"end":{"line":123,"column":3}},"38":{"start":{"line":75,"column":4},"end":{"line":77,"column":5}},"39":{"start":{"line":76,"column":8},"end":{"line":76,"column":92}},"40":{"start":{"line":80,"column":4},"end":{"line":85,"column":5}},"41":{"start":{"line":81,"column":19},"end":{"line":81,"column":55}},"42":{"start":{"line":82,"column":8},"end":{"line":84,"column":50}},"43":{"start":{"line":82,"column":54},"end":{"line":82,"column":95}},"44":{"start":{"line":83,"column":13},"end":{"line":84,"column":50}},"45":{"start":{"line":83,"column":36},"end":{"line":83,"column":76}},"46":{"start":{"line":84,"column":13},"end":{"line":84,"column":50}},"47":{"start":{"line":87,"column":4},"end":{"line":87,"column":50}},"48":{"start":{"line":90,"column":18},"end":{"line":90,"column":46}},"49":{"start":{"line":93,"column":4},"end":{"line":114,"column":5}},"50":{"start":{"line":94,"column":28},"end":{"line":94,"column":64}},"51":{"start":{"line":97,"column":32},"end":{"line":97,"column":80}},"52":{"start":{"line":100,"column":8},"end":{"line":113,"column":9}},"53":{"start":{"line":101,"column":12},"end":{"line":108,"column":15}},"54":{"start":{"line":109,"column":12},"end":{"line":109,"column":115}},"55":{"start":{"line":111,"column":12},"end":{"line":111,"column":100}},"56":{"start":{"line":116,"column":4},"end":{"line":116,"column":113}},"57":{"start":{"line":118,"column":4},"end":{"line":121,"column":5}},"58":{"start":{"line":119,"column":23},"end":{"line":119,"column":68}},"59":{"start":{"line":119,"column":58},"end":{"line":119,"column":67}},"60":{"start":{"line":120,"column":6},"end":{"line":120,"column":81}},"61":{"start":{"line":122,"column":4},"end":{"line":122,"column":64}},"62":{"start":{"line":127,"column":0},"end":{"line":165,"column":2}},"63":{"start":{"line":128,"column":2},"end":{"line":164,"column":3}},"64":{"start":{"line":129,"column":20},"end":{"line":129,"column":33}},"65":{"start":{"line":130,"column":4},"end":{"line":132,"column":5}},"66":{"start":{"line":131,"column":8},"end":{"line":131,"column":89}},"67":{"start":{"line":134,"column":18},"end":{"line":134,"column":47}},"68":{"start":{"line":135,"column":4},"end":{"line":135,"column":91}},"69":{"start":{"line":135,"column":16},"end":{"line":135,"column":91}},"70":{"start":{"line":137,"column":16},"end":{"line":137,"column":33}},"71":{"start":{"line":138,"column":24},"end":{"line":138,"column":52}},"72":{"start":{"line":140,"column":4},"end":{"line":142,"column":5}},"73":{"start":{"line":141,"column":8},"end":{"line":141,"column":97}},"74":{"start":{"line":144,"column":4},"end":{"line":146,"column":5}},"75":{"start":{"line":145,"column":8},"end":{"line":145,"column":121}},"76":{"start":{"line":149,"column":4},"end":{"line":154,"column":5}},"77":{"start":{"line":150,"column":19},"end":{"line":150,"column":55}},"78":{"start":{"line":151,"column":8},"end":{"line":153,"column":50}},"79":{"start":{"line":151,"column":54},"end":{"line":151,"column":95}},"80":{"start":{"line":152,"column":13},"end":{"line":153,"column":50}},"81":{"start":{"line":152,"column":36},"end":{"line":152,"column":76}},"82":{"start":{"line":153,"column":13},"end":{"line":153,"column":50}},"83":{"start":{"line":156,"column":29},"end":{"line":159,"column":6}},"84":{"start":{"line":161,"column":4},"end":{"line":161,"column":94}},"85":{"start":{"line":163,"column":4},"end":{"line":163,"column":64}},"86":{"start":{"line":168,"column":0},"end":{"line":187,"column":2}},"87":{"start":{"line":169,"column":2},"end":{"line":186,"column":3}},"88":{"start":{"line":170,"column":20},"end":{"line":170,"column":33}},"89":{"start":{"line":172,"column":4},"end":{"line":174,"column":5}},"90":{"start":{"line":173,"column":8},"end":{"line":173,"column":113}},"91":{"start":{"line":176,"column":18},"end":{"line":180,"column":5}},"92":{"start":{"line":182,"column":4},"end":{"line":182,"column":111}},"93":{"start":{"line":182,"column":16},"end":{"line":182,"column":111}},"94":{"start":{"line":183,"column":4},"end":{"line":183,"column":81}},"95":{"start":{"line":185,"column":4},"end":{"line":185,"column":64}},"96":{"start":{"line":190,"column":0},"end":{"line":211,"column":2}},"97":{"start":{"line":191,"column":2},"end":{"line":210,"column":3}},"98":{"start":{"line":192,"column":20},"end":{"line":192,"column":33}},"99":{"start":{"line":193,"column":59},"end":{"line":197,"column":6}},"100":{"start":{"line":199,"column":29},"end":{"line":202,"column":6}},"101":{"start":{"line":204,"column":4},"end":{"line":207,"column":7}},"102":{"start":{"line":209,"column":4},"end":{"line":209,"column":64}}},"fnMap":{"0":{"name":"(anonymous_0)","decl":{"start":{"line":8,"column":22},"end":{"line":8,"column":23}},"loc":{"start":{"line":8,"column":42},"end":{"line":43,"column":1}},"line":8},"1":{"name":"(anonymous_1)","decl":{"start":{"line":46,"column":21},"end":{"line":46,"column":22}},"loc":{"start":{"line":46,"column":41},"end":{"line":70,"column":1}},"line":46},"2":{"name":"(anonymous_2)","decl":{"start":{"line":73,"column":20},"end":{"line":73,"column":21}},"loc":{"start":{"line":73,"column":40},"end":{"line":124,"column":1}},"line":73},"3":{"name":"(anonymous_3)","decl":{"start":{"line":119,"column":53},"end":{"line":119,"column":54}},"loc":{"start":{"line":119,"column":58},"end":{"line":119,"column":67}},"line":119},"4":{"name":"(anonymous_4)","decl":{"start":{"line":127,"column":24},"end":{"line":127,"column":25}},"loc":{"start":{"line":127,"column":44},"end":{"line":165,"column":1}},"line":127},"5":{"name":"(anonymous_5)","decl":{"start":{"line":168,"column":19},"end":{"line":168,"column":20}},"loc":{"start":{"line":168,"column":39},"end":{"line":187,"column":1}},"line":168},"6":{"name":"(anonymous_6)","decl":{"start":{"line":190,"column":26},"end":{"line":190,"column":27}},"loc":{"start":{"line":190,"column":46},"end":{"line":211,"column":1}},"line":190}},"branchMap":{"0":{"loc":{"start":{"line":15,"column":4},"end":{"line":23,"column":5}},"type":"if","locations":[{"start":{"line":15,"column":4},"end":{"line":23,"column":5}},{"start":{"line":18,"column":9},"end":{"line":23,"column":5}}],"line":15},"1":{"loc":{"start":{"line":18,"column":9},"end":{"line":23,"column":5}},"type":"if","locations":[{"start":{"line":18,"column":9},"end":{"line":23,"column":5}},{"start":{"line":21,"column":9},"end":{"line":23,"column":5}}],"line":18},"2":{"loc":{"start":{"line":18,"column":13},"end":{"line":18,"column":60}},"type":"binary-expr","locations":[{"start":{"line":18,"column":13},"end":{"line":18,"column":33}},{"start":{"line":18,"column":37},"end":{"line":18,"column":60}}],"line":18},"3":{"loc":{"start":{"line":21,"column":9},"end":{"line":23,"column":5}},"type":"if","locations":[{"start":{"line":21,"column":9},"end":{"line":23,"column":5}},{"start":{},"end":{}}],"line":21},"4":{"loc":{"start":{"line":26,"column":4},"end":{"line":30,"column":5}},"type":"if","locations":[{"start":{"line":26,"column":4},"end":{"line":30,"column":5}},{"start":{"line":28,"column":11},"end":{"line":30,"column":5}}],"line":26},"5":{"loc":{"start":{"line":32,"column":4},"end":{"line":32,"column":66}},"type":"if","locations":[{"start":{"line":32,"column":4},"end":{"line":32,"column":66}},{"start":{},"end":{}}],"line":32},"6":{"loc":{"start":{"line":52,"column":4},"end":{"line":52,"column":91}},"type":"if","locations":[{"start":{"line":52,"column":4},"end":{"line":52,"column":91}},{"start":{},"end":{}}],"line":52},"7":{"loc":{"start":{"line":58,"column":4},"end":{"line":60,"column":5}},"type":"if","locations":[{"start":{"line":58,"column":4},"end":{"line":60,"column":5}},{"start":{},"end":{}}],"line":58},"8":{"loc":{"start":{"line":58,"column":8},"end":{"line":58,"column":85}},"type":"binary-expr","locations":[{"start":{"line":58,"column":8},"end":{"line":58,"column":25}},{"start":{"line":58,"column":29},"end":{"line":58,"column":85}}],"line":58},"9":{"loc":{"start":{"line":62,"column":4},"end":{"line":64,"column":5}},"type":"if","locations":[{"start":{"line":62,"column":4},"end":{"line":64,"column":5}},{"start":{},"end":{}}],"line":62},"10":{"loc":{"start":{"line":62,"column":8},"end":{"line":62,"column":111}},"type":"binary-expr","locations":[{"start":{"line":62,"column":9},"end":{"line":62,"column":29}},{"start":{"line":62,"column":33},"end":{"line":62,"column":56}},{"start":{"line":62,"column":61},"end":{"line":62,"column":111}}],"line":62},"11":{"loc":{"start":{"line":75,"column":4},"end":{"line":77,"column":5}},"type":"if","locations":[{"start":{"line":75,"column":4},"end":{"line":77,"column":5}},{"start":{},"end":{}}],"line":75},"12":{"loc":{"start":{"line":80,"column":4},"end":{"line":85,"column":5}},"type":"if","locations":[{"start":{"line":80,"column":4},"end":{"line":85,"column":5}},{"start":{},"end":{}}],"line":80},"13":{"loc":{"start":{"line":82,"column":8},"end":{"line":84,"column":50}},"type":"if","locations":[{"start":{"line":82,"column":8},"end":{"line":84,"column":50}},{"start":{"line":83,"column":13},"end":{"line":84,"column":50}}],"line":82},"14":{"loc":{"start":{"line":82,"column":12},"end":{"line":82,"column":52}},"type":"binary-expr","locations":[{"start":{"line":82,"column":12},"end":{"line":82,"column":30}},{"start":{"line":82,"column":34},"end":{"line":82,"column":52}}],"line":82},"15":{"loc":{"start":{"line":83,"column":13},"end":{"line":84,"column":50}},"type":"if","locations":[{"start":{"line":83,"column":13},"end":{"line":84,"column":50}},{"start":{"line":84,"column":13},"end":{"line":84,"column":50}}],"line":83},"16":{"loc":{"start":{"line":93,"column":4},"end":{"line":114,"column":5}},"type":"if","locations":[{"start":{"line":93,"column":4},"end":{"line":114,"column":5}},{"start":{},"end":{}}],"line":93},"17":{"loc":{"start":{"line":100,"column":8},"end":{"line":113,"column":9}},"type":"if","locations":[{"start":{"line":100,"column":8},"end":{"line":113,"column":9}},{"start":{"line":110,"column":15},"end":{"line":113,"column":9}}],"line":100},"18":{"loc":{"start":{"line":102,"column":25},"end":{"line":102,"column":63}},"type":"binary-expr","locations":[{"start":{"line":102,"column":25},"end":{"line":102,"column":45}},{"start":{"line":102,"column":49},"end":{"line":102,"column":63}}],"line":102},"19":{"loc":{"start":{"line":118,"column":4},"end":{"line":121,"column":5}},"type":"if","locations":[{"start":{"line":118,"column":4},"end":{"line":121,"column":5}},{"start":{},"end":{}}],"line":118},"20":{"loc":{"start":{"line":130,"column":4},"end":{"line":132,"column":5}},"type":"if","locations":[{"start":{"line":130,"column":4},"end":{"line":132,"column":5}},{"start":{},"end":{}}],"line":130},"21":{"loc":{"start":{"line":130,"column":8},"end":{"line":130,"column":65}},"type":"binary-expr","locations":[{"start":{"line":130,"column":8},"end":{"line":130,"column":16}},{"start":{"line":130,"column":20},"end":{"line":130,"column":43}},{"start":{"line":130,"column":47},"end":{"line":130,"column":65}}],"line":130},"22":{"loc":{"start":{"line":135,"column":4},"end":{"line":135,"column":91}},"type":"if","locations":[{"start":{"line":135,"column":4},"end":{"line":135,"column":91}},{"start":{},"end":{}}],"line":135},"23":{"loc":{"start":{"line":140,"column":4},"end":{"line":142,"column":5}},"type":"if","locations":[{"start":{"line":140,"column":4},"end":{"line":142,"column":5}},{"start":{},"end":{}}],"line":140},"24":{"loc":{"start":{"line":144,"column":4},"end":{"line":146,"column":5}},"type":"if","locations":[{"start":{"line":144,"column":4},"end":{"line":146,"column":5}},{"start":{},"end":{}}],"line":144},"25":{"loc":{"start":{"line":144,"column":8},"end":{"line":144,"column":107}},"type":"binary-expr","locations":[{"start":{"line":144,"column":9},"end":{"line":144,"column":29}},{"start":{"line":144,"column":33},"end":{"line":144,"column":56}},{"start":{"line":144,"column":61},"end":{"line":144,"column":107}}],"line":144},"26":{"loc":{"start":{"line":149,"column":4},"end":{"line":154,"column":5}},"type":"if","locations":[{"start":{"line":149,"column":4},"end":{"line":154,"column":5}},{"start":{},"end":{}}],"line":149},"27":{"loc":{"start":{"line":151,"column":8},"end":{"line":153,"column":50}},"type":"if","locations":[{"start":{"line":151,"column":8},"end":{"line":153,"column":50}},{"start":{"line":152,"column":13},"end":{"line":153,"column":50}}],"line":151},"28":{"loc":{"start":{"line":151,"column":12},"end":{"line":151,"column":52}},"type":"binary-expr","locations":[{"start":{"line":151,"column":12},"end":{"line":151,"column":30}},{"start":{"line":151,"column":34},"end":{"line":151,"column":52}}],"line":151},"29":{"loc":{"start":{"line":152,"column":13},"end":{"line":153,"column":50}},"type":"if","locations":[{"start":{"line":152,"column":13},"end":{"line":153,"column":50}},{"start":{"line":153,"column":13},"end":{"line":153,"column":50}}],"line":152},"30":{"loc":{"start":{"line":172,"column":4},"end":{"line":174,"column":5}},"type":"if","locations":[{"start":{"line":172,"column":4},"end":{"line":174,"column":5}},{"start":{},"end":{}}],"line":172},"31":{"loc":{"start":{"line":172,"column":8},"end":{"line":172,"column":65}},"type":"binary-expr","locations":[{"start":{"line":172,"column":8},"end":{"line":172,"column":16}},{"start":{"line":172,"column":20},"end":{"line":172,"column":43}},{"start":{"line":172,"column":47},"end":{"line":172,"column":65}}],"line":172},"32":{"loc":{"start":{"line":182,"column":4},"end":{"line":182,"column":111}},"type":"if","locations":[{"start":{"line":182,"column":4},"end":{"line":182,"column":111}},{"start":{},"end":{}}],"line":182}},"s":{"0":1,"1":1,"2":1,"3":1,"4":1,"5":3,"6":3,"7":3,"8":3,"9":3,"10":3,"11":1,"12":1,"13":0,"14":0,"15":3,"16":0,"17":3,"18":3,"19":0,"20":3,"21":2,"22":1,"23":1,"24":2,"25":2,"26":2,"27":1,"28":1,"29":1,"30":1,"31":0,"32":1,"33":0,"34":1,"35":0,"36":1,"37":2,"38":2,"39":1,"40":1,"41":1,"42":1,"43":0,"44":1,"45":1,"46":0,"47":1,"48":1,"49":1,"50":0,"51":0,"52":0,"53":0,"54":0,"55":0,"56":1,"57":0,"58":0,"59":0,"60":0,"61":0,"62":1,"63":0,"64":0,"65":0,"66":0,"67":0,"68":0,"69":0,"70":0,"71":0,"72":0,"73":0,"74":0,"75":0,"76":0,"77":0,"78":0,"79":0,"80":0,"81":0,"82":0,"83":0,"84":0,"85":0,"86":1,"87":3,"88":3,"89":3,"90":1,"91":2,"92":2,"93":1,"94":1,"95":0,"96":1,"97":1,"98":1,"99":1,"100":1,"101":1,"102":0},"f":{"0":3,"1":2,"2":2,"3":0,"4":0,"5":3,"6":1},"b":{"0":[2,1],"1":[1,0],"2":[1,0],"3":[0,0],"4":[0,3],"5":[0,3],"6":[1,1],"7":[0,1],"8":[1,0],"9":[0,1],"10":[1,1,0],"11":[1,1],"12":[1,0],"13":[0,1],"14":[1,1],"15":[1,0],"16":[0,1],"17":[0,0],"18":[0,0],"19":[0,0],"20":[0,0],"21":[0,0,0],"22":[0,0],"23":[0,0],"24":[0,0],"25":[0,0,0],"26":[0,0],"27":[0,0],"28":[0,0],"29":[0,0],"30":[1,2],"31":[3,3,2],"32":[1,1]},"_coverageSchema":"1a1c01bbd47fc00a2c39e90264f33305004495a9","hash":"c75bf15aa4963cb2568baf1c9d6fec8d82194259"}
,"C:\\Users\\ASUS\\Desktop\\4.sınıf\\yedek\\isg-ap\\controllers\\personelController.js": {"path":"C:\\Users\\ASUS\\Desktop\\4.sınıf\\yedek\\isg-ap\\controllers\\personelController.js","statementMap":{"0":{"start":{"line":2,"column":18},"end":{"line":2,"column":47}},"1":{"start":{"line":3,"column":18},"end":{"line":3,"column":44}},"2":{"start":{"line":4,"column":18},"end":{"line":4,"column":37}},"3":{"start":{"line":6,"column":19},"end":{"line":13,"column":1}},"4":{"start":{"line":7,"column":4},"end":{"line":7,"column":31}},"5":{"start":{"line":7,"column":19},"end":{"line":7,"column":31}},"6":{"start":{"line":8,"column":4},"end":{"line":11,"column":5}},"7":{"start":{"line":9,"column":18},"end":{"line":9,"column":37}},"8":{"start":{"line":10,"column":8},"end":{"line":10,"column":61}},"9":{"start":{"line":12,"column":4},"end":{"line":12,"column":30}},"10":{"start":{"line":15,"column":19},"end":{"line":24,"column":1}},"11":{"start":{"line":16,"column":4},"end":{"line":16,"column":31}},"12":{"start":{"line":16,"column":19},"end":{"line":16,"column":31}},"13":{"start":{"line":17,"column":21},"end":{"line":17,"column":44}},"14":{"start":{"line":18,"column":4},"end":{"line":20,"column":5}},"15":{"start":{"line":19,"column":8},"end":{"line":19,"column":53}},"16":{"start":{"line":21,"column":25},"end":{"line":21,"column":92}},"17":{"start":{"line":22,"column":4},"end":{"line":22,"column":35}},"18":{"start":{"line":22,"column":23},"end":{"line":22,"column":35}},"19":{"start":{"line":23,"column":4},"end":{"line":23,"column":28}},"20":{"start":{"line":26,"column":0},"end":{"line":62,"column":2}},"21":{"start":{"line":27,"column":4},"end":{"line":61,"column":5}},"22":{"start":{"line":28,"column":53},"end":{"line":28,"column":62}},"23":{"start":{"line":29,"column":28},"end":{"line":29,"column":45}},"24":{"start":{"line":30,"column":28},"end":{"line":30,"column":45}},"25":{"start":{"line":31,"column":28},"end":{"line":31,"column":30}},"26":{"start":{"line":34,"column":8},"end":{"line":44,"column":9}},"27":{"start":{"line":36,"column":34},"end":{"line":39,"column":13}},"28":{"start":{"line":40,"column":12},"end":{"line":40,"column":66}},"29":{"start":{"line":40,"column":57},"end":{"line":40,"column":62}},"30":{"start":{"line":42,"column":13},"end":{"line":44,"column":9}},"31":{"start":{"line":43,"column":12},"end":{"line":43,"column":54}},"32":{"start":{"line":48,"column":8},"end":{"line":48,"column":75}},"33":{"start":{"line":48,"column":52},"end":{"line":48,"column":75}},"34":{"start":{"line":49,"column":8},"end":{"line":50,"column":43}},"35":{"start":{"line":49,"column":33},"end":{"line":49,"column":65}},"36":{"start":{"line":50,"column":13},"end":{"line":50,"column":43}},"37":{"start":{"line":51,"column":8},"end":{"line":51,"column":69}},"38":{"start":{"line":51,"column":19},"end":{"line":51,"column":69}},"39":{"start":{"line":52,"column":8},"end":{"line":52,"column":56}},"40":{"start":{"line":52,"column":23},"end":{"line":52,"column":56}},"41":{"start":{"line":54,"column":28},"end":{"line":56,"column":33}},"42":{"start":{"line":58,"column":8},"end":{"line":58,"column":80}},"43":{"start":{"line":60,"column":8},"end":{"line":60,"column":68}},"44":{"start":{"line":64,"column":0},"end":{"line":72,"column":2}},"45":{"start":{"line":65,"column":4},"end":{"line":71,"column":5}},"46":{"start":{"line":66,"column":25},"end":{"line":66,"column":107}},"47":{"start":{"line":67,"column":8},"end":{"line":67,"column":101}},"48":{"start":{"line":67,"column":23},"end":{"line":67,"column":101}},"49":{"start":{"line":68,"column":8},"end":{"line":68,"column":51}},"50":{"start":{"line":70,"column":8},"end":{"line":70,"column":68}},"51":{"start":{"line":74,"column":0},"end":{"line":106,"column":2}},"52":{"start":{"line":75,"column":4},"end":{"line":105,"column":5}},"53":{"start":{"line":76,"column":21},"end":{"line":76,"column":69}},"54":{"start":{"line":77,"column":8},"end":{"line":77,"column":95}},"55":{"start":{"line":77,"column":19},"end":{"line":77,"column":95}},"56":{"start":{"line":79,"column":8},"end":{"line":79,"column":107}},"57":{"start":{"line":79,"column":25},"end":{"line":79,"column":107}},"58":{"start":{"line":81,"column":24},"end":{"line":81,"column":52}},"59":{"start":{"line":82,"column":8},"end":{"line":82,"column":111}},"60":{"start":{"line":82,"column":22},"end":{"line":82,"column":111}},"61":{"start":{"line":84,"column":22},"end":{"line":84,"column":51}},"62":{"start":{"line":85,"column":8},"end":{"line":85,"column":106}},"63":{"start":{"line":85,"column":20},"end":{"line":85,"column":106}},"64":{"start":{"line":87,"column":30},"end":{"line":93,"column":9}},"65":{"start":{"line":95,"column":25},"end":{"line":95,"column":61}},"66":{"start":{"line":96,"column":8},"end":{"line":96,"column":67}},"67":{"start":{"line":98,"column":8},"end":{"line":98,"column":101}},"68":{"start":{"line":100,"column":8},"end":{"line":103,"column":9}},"69":{"start":{"line":101,"column":29},"end":{"line":101,"column":74}},"70":{"start":{"line":101,"column":64},"end":{"line":101,"column":73}},"71":{"start":{"line":102,"column":12},"end":{"line":102,"column":87}},"72":{"start":{"line":104,"column":8},"end":{"line":104,"column":68}},"73":{"start":{"line":108,"column":0},"end":{"line":137,"column":2}},"74":{"start":{"line":109,"column":4},"end":{"line":136,"column":5}},"75":{"start":{"line":110,"column":21},"end":{"line":110,"column":69}},"76":{"start":{"line":112,"column":25},"end":{"line":112,"column":63}},"77":{"start":{"line":113,"column":8},"end":{"line":113,"column":101}},"78":{"start":{"line":113,"column":23},"end":{"line":113,"column":101}},"79":{"start":{"line":115,"column":8},"end":{"line":115,"column":98}},"80":{"start":{"line":115,"column":48},"end":{"line":115,"column":98}},"81":{"start":{"line":116,"column":8},"end":{"line":116,"column":99}},"82":{"start":{"line":116,"column":48},"end":{"line":116,"column":99}},"83":{"start":{"line":117,"column":8},"end":{"line":117,"column":102}},"84":{"start":{"line":117,"column":48},"end":{"line":117,"column":102}},"85":{"start":{"line":118,"column":8},"end":{"line":118,"column":120}},"86":{"start":{"line":118,"column":48},"end":{"line":118,"column":120}},"87":{"start":{"line":120,"column":8},"end":{"line":124,"column":9}},"88":{"start":{"line":121,"column":28},"end":{"line":121,"column":56}},"89":{"start":{"line":122,"column":12},"end":{"line":122,"column":115}},"90":{"start":{"line":122,"column":26},"end":{"line":122,"column":115}},"91":{"start":{"line":123,"column":12},"end":{"line":123,"column":37}},"92":{"start":{"line":126,"column":8},"end":{"line":126,"column":30}},"93":{"start":{"line":127,"column":8},"end":{"line":127,"column":67}},"94":{"start":{"line":129,"column":8},"end":{"line":129,"column":83}},"95":{"start":{"line":131,"column":8},"end":{"line":134,"column":9}},"96":{"start":{"line":132,"column":29},"end":{"line":132,"column":74}},"97":{"start":{"line":132,"column":64},"end":{"line":132,"column":73}},"98":{"start":{"line":133,"column":12},"end":{"line":133,"column":87}},"99":{"start":{"line":135,"column":8},"end":{"line":135,"column":68}},"100":{"start":{"line":139,"column":0},"end":{"line":147,"column":2}},"101":{"start":{"line":140,"column":4},"end":{"line":146,"column":5}},"102":{"start":{"line":141,"column":25},"end":{"line":141,"column":105}},"103":{"start":{"line":142,"column":8},"end":{"line":142,"column":101}},"104":{"start":{"line":142,"column":23},"end":{"line":142,"column":101}},"105":{"start":{"line":143,"column":8},"end":{"line":143,"column":78}},"106":{"start":{"line":145,"column":8},"end":{"line":145,"column":68}},"107":{"start":{"line":149,"column":0},"end":{"line":179,"column":2}},"108":{"start":{"line":150,"column":4},"end":{"line":178,"column":5}},"109":{"start":{"line":151,"column":28},"end":{"line":151,"column":37}},"110":{"start":{"line":152,"column":23},"end":{"line":152,"column":38}},"111":{"start":{"line":153,"column":8},"end":{"line":153,"column":44}},"112":{"start":{"line":153,"column":21},"end":{"line":153,"column":44}},"113":{"start":{"line":154,"column":8},"end":{"line":154,"column":87}},"114":{"start":{"line":154,"column":45},"end":{"line":154,"column":87}},"115":{"start":{"line":156,"column":24},"end":{"line":156,"column":34}},"116":{"start":{"line":157,"column":24},"end":{"line":157,"column":34}},"117":{"start":{"line":158,"column":8},"end":{"line":158,"column":46}},"118":{"start":{"line":160,"column":28},"end":{"line":160,"column":106}},"119":{"start":{"line":162,"column":25},"end":{"line":162,"column":27}},"120":{"start":{"line":163,"column":8},"end":{"line":173,"column":11}},"121":{"start":{"line":164,"column":30},"end":{"line":169,"column":13}},"122":{"start":{"line":165,"column":16},"end":{"line":165,"column":35}},"123":{"start":{"line":165,"column":28},"end":{"line":165,"column":35}},"124":{"start":{"line":166,"column":30},"end":{"line":166,"column":45}},"125":{"start":{"line":167,"column":16},"end":{"line":168,"column":151}},"126":{"start":{"line":167,"column":43},"end":{"line":167,"column":151}},"127":{"start":{"line":168,"column":21},"end":{"line":168,"column":151}},"128":{"start":{"line":168,"column":43},"end":{"line":168,"column":151}},"129":{"start":{"line":170,"column":12},"end":{"line":170,"column":63}},"130":{"start":{"line":171,"column":12},"end":{"line":171,"column":62}},"131":{"start":{"line":172,"column":12},"end":{"line":172,"column":65}},"132":{"start":{"line":175,"column":8},"end":{"line":175,"column":74}},"133":{"start":{"line":177,"column":8},"end":{"line":177,"column":68}}},"fnMap":{"0":{"name":"(anonymous_0)","decl":{"start":{"line":6,"column":19},"end":{"line":6,"column":20}},"loc":{"start":{"line":6,"column":33},"end":{"line":13,"column":1}},"line":6},"1":{"name":"(anonymous_1)","decl":{"start":{"line":15,"column":19},"end":{"line":15,"column":20}},"loc":{"start":{"line":15,"column":39},"end":{"line":24,"column":1}},"line":15},"2":{"name":"(anonymous_2)","decl":{"start":{"line":26,"column":22},"end":{"line":26,"column":23}},"loc":{"start":{"line":26,"column":42},"end":{"line":62,"column":1}},"line":26},"3":{"name":"(anonymous_3)","decl":{"start":{"line":40,"column":52},"end":{"line":40,"column":53}},"loc":{"start":{"line":40,"column":57},"end":{"line":40,"column":62}},"line":40},"4":{"name":"(anonymous_4)","decl":{"start":{"line":64,"column":24},"end":{"line":64,"column":25}},"loc":{"start":{"line":64,"column":44},"end":{"line":72,"column":1}},"line":64},"5":{"name":"(anonymous_5)","decl":{"start":{"line":74,"column":23},"end":{"line":74,"column":24}},"loc":{"start":{"line":74,"column":43},"end":{"line":106,"column":1}},"line":74},"6":{"name":"(anonymous_6)","decl":{"start":{"line":101,"column":59},"end":{"line":101,"column":60}},"loc":{"start":{"line":101,"column":64},"end":{"line":101,"column":73}},"line":101},"7":{"name":"(anonymous_7)","decl":{"start":{"line":108,"column":27},"end":{"line":108,"column":28}},"loc":{"start":{"line":108,"column":47},"end":{"line":137,"column":1}},"line":108},"8":{"name":"(anonymous_8)","decl":{"start":{"line":132,"column":59},"end":{"line":132,"column":60}},"loc":{"start":{"line":132,"column":64},"end":{"line":132,"column":73}},"line":132},"9":{"name":"(anonymous_9)","decl":{"start":{"line":139,"column":22},"end":{"line":139,"column":23}},"loc":{"start":{"line":139,"column":42},"end":{"line":147,"column":1}},"line":139},"10":{"name":"(anonymous_10)","decl":{"start":{"line":149,"column":28},"end":{"line":149,"column":29}},"loc":{"start":{"line":149,"column":48},"end":{"line":179,"column":1}},"line":149},"11":{"name":"(anonymous_11)","decl":{"start":{"line":163,"column":28},"end":{"line":163,"column":29}},"loc":{"start":{"line":163,"column":33},"end":{"line":173,"column":9}},"line":163},"12":{"name":"(anonymous_12)","decl":{"start":{"line":164,"column":30},"end":{"line":164,"column":31}},"loc":{"start":{"line":164,"column":46},"end":{"line":169,"column":13}},"line":164}},"branchMap":{"0":{"loc":{"start":{"line":7,"column":4},"end":{"line":7,"column":31}},"type":"if","locations":[{"start":{"line":7,"column":4},"end":{"line":7,"column":31}},{"start":{},"end":{}}],"line":7},"1":{"loc":{"start":{"line":8,"column":4},"end":{"line":11,"column":5}},"type":"if","locations":[{"start":{"line":8,"column":4},"end":{"line":11,"column":5}},{"start":{},"end":{}}],"line":8},"2":{"loc":{"start":{"line":8,"column":8},"end":{"line":8,"column":62}},"type":"binary-expr","locations":[{"start":{"line":8,"column":8},"end":{"line":8,"column":36}},{"start":{"line":8,"column":40},"end":{"line":8,"column":62}}],"line":8},"3":{"loc":{"start":{"line":16,"column":4},"end":{"line":16,"column":31}},"type":"if","locations":[{"start":{"line":16,"column":4},"end":{"line":16,"column":31}},{"start":{},"end":{}}],"line":16},"4":{"loc":{"start":{"line":18,"column":4},"end":{"line":20,"column":5}},"type":"if","locations":[{"start":{"line":18,"column":4},"end":{"line":20,"column":5}},{"start":{},"end":{}}],"line":18},"5":{"loc":{"start":{"line":18,"column":8},"end":{"line":18,"column":88}},"type":"binary-expr","locations":[{"start":{"line":18,"column":8},"end":{"line":18,"column":49}},{"start":{"line":18,"column":53},"end":{"line":18,"column":88}}],"line":18},"6":{"loc":{"start":{"line":22,"column":4},"end":{"line":22,"column":35}},"type":"if","locations":[{"start":{"line":22,"column":4},"end":{"line":22,"column":35}},{"start":{},"end":{}}],"line":22},"7":{"loc":{"start":{"line":34,"column":8},"end":{"line":44,"column":9}},"type":"if","locations":[{"start":{"line":34,"column":8},"end":{"line":44,"column":9}},{"start":{"line":42,"column":13},"end":{"line":44,"column":9}}],"line":34},"8":{"loc":{"start":{"line":34,"column":12},"end":{"line":34,"column":59}},"type":"binary-expr","locations":[{"start":{"line":34,"column":12},"end":{"line":34,"column":32}},{"start":{"line":34,"column":36},"end":{"line":34,"column":59}}],"line":34},"9":{"loc":{"start":{"line":42,"column":13},"end":{"line":44,"column":9}},"type":"if","locations":[{"start":{"line":42,"column":13},"end":{"line":44,"column":9}},{"start":{},"end":{}}],"line":42},"10":{"loc":{"start":{"line":48,"column":8},"end":{"line":48,"column":75}},"type":"if","locations":[{"start":{"line":48,"column":8},"end":{"line":48,"column":75}},{"start":{},"end":{}}],"line":48},"11":{"loc":{"start":{"line":48,"column":12},"end":{"line":48,"column":50}},"type":"binary-expr","locations":[{"start":{"line":48,"column":12},"end":{"line":48,"column":19}},{"start":{"line":48,"column":23},"end":{"line":48,"column":50}}],"line":48},"12":{"loc":{"start":{"line":49,"column":8},"end":{"line":50,"column":43}},"type":"if","locations":[{"start":{"line":49,"column":8},"end":{"line":50,"column":43}},{"start":{"line":50,"column":13},"end":{"line":50,"column":43}}],"line":49},"13":{"loc":{"start":{"line":51,"column":8},"end":{"line":51,"column":69}},"type":"if","locations":[{"start":{"line":51,"column":8},"end":{"line":51,"column":69}},{"start":{},"end":{}}],"line":51},"14":{"loc":{"start":{"line":52,"column":8},"end":{"line":52,"column":56}},"type":"if","locations":[{"start":{"line":52,"column":8},"end":{"line":52,"column":56}},{"start":{},"end":{}}],"line":52},"15":{"loc":{"start":{"line":67,"column":8},"end":{"line":67,"column":101}},"type":"if","locations":[{"start":{"line":67,"column":8},"end":{"line":67,"column":101}},{"start":{},"end":{}}],"line":67},"16":{"loc":{"start":{"line":76,"column":21},"end":{"line":76,"column":69}},"type":"cond-expr","locations":[{"start":{"line":76,"column":47},"end":{"line":76,"column":58}},{"start":{"line":76,"column":61},"end":{"line":76,"column":69}}],"line":76},"17":{"loc":{"start":{"line":77,"column":8},"end":{"line":77,"column":95}},"type":"if","locations":[{"start":{"line":77,"column":8},"end":{"line":77,"column":95}},{"start":{},"end":{}}],"line":77},"18":{"loc":{"start":{"line":79,"column":8},"end":{"line":79,"column":107}},"type":"if","locations":[{"start":{"line":79,"column":8},"end":{"line":79,"column":107}},{"start":{},"end":{}}],"line":79},"19":{"loc":{"start":{"line":82,"column":8},"end":{"line":82,"column":111}},"type":"if","locations":[{"start":{"line":82,"column":8},"end":{"line":82,"column":111}},{"start":{},"end":{}}],"line":82},"20":{"loc":{"start":{"line":85,"column":8},"end":{"line":85,"column":106}},"type":"if","locations":[{"start":{"line":85,"column":8},"end":{"line":85,"column":106}},{"start":{},"end":{}}],"line":85},"21":{"loc":{"start":{"line":89,"column":28},"end":{"line":89,"column":51}},"type":"binary-expr","locations":[{"start":{"line":89,"column":28},"end":{"line":89,"column":40}},{"start":{"line":89,"column":44},"end":{"line":89,"column":51}}],"line":89},"22":{"loc":{"start":{"line":90,"column":28},"end":{"line":90,"column":58}},"type":"binary-expr","locations":[{"start":{"line":90,"column":28},"end":{"line":90,"column":41}},{"start":{"line":90,"column":45},"end":{"line":90,"column":52}},{"start":{"line":90,"column":56},"end":{"line":90,"column":58}}],"line":90},"23":{"loc":{"start":{"line":91,"column":28},"end":{"line":91,"column":61}},"type":"binary-expr","locations":[{"start":{"line":91,"column":28},"end":{"line":91,"column":38}},{"start":{"line":91,"column":42},"end":{"line":91,"column":55}},{"start":{"line":91,"column":59},"end":{"line":91,"column":61}}],"line":91},"24":{"loc":{"start":{"line":92,"column":39},"end":{"line":92,"column":72}},"type":"binary-expr","locations":[{"start":{"line":92,"column":39},"end":{"line":92,"column":58}},{"start":{"line":92,"column":62},"end":{"line":92,"column":72}}],"line":92},"25":{"loc":{"start":{"line":100,"column":8},"end":{"line":103,"column":9}},"type":"if","locations":[{"start":{"line":100,"column":8},"end":{"line":103,"column":9}},{"start":{},"end":{}}],"line":100},"26":{"loc":{"start":{"line":110,"column":21},"end":{"line":110,"column":69}},"type":"cond-expr","locations":[{"start":{"line":110,"column":47},"end":{"line":110,"column":58}},{"start":{"line":110,"column":61},"end":{"line":110,"column":69}}],"line":110},"27":{"loc":{"start":{"line":113,"column":8},"end":{"line":113,"column":101}},"type":"if","locations":[{"start":{"line":113,"column":8},"end":{"line":113,"column":101}},{"start":{},"end":{}}],"line":113},"28":{"loc":{"start":{"line":115,"column":8},"end":{"line":115,"column":98}},"type":"if","locations":[{"start":{"line":115,"column":8},"end":{"line":115,"column":98}},{"start":{},"end":{}}],"line":115},"29":{"loc":{"start":{"line":115,"column":12},"end":{"line":115,"column":35}},"type":"binary-expr","locations":[{"start":{"line":115,"column":12},"end":{"line":115,"column":24}},{"start":{"line":115,"column":28},"end":{"line":115,"column":35}}],"line":115},"30":{"loc":{"start":{"line":115,"column":74},"end":{"line":115,"column":97}},"type":"binary-expr","locations":[{"start":{"line":115,"column":74},"end":{"line":115,"column":86}},{"start":{"line":115,"column":90},"end":{"line":115,"column":97}}],"line":115},"31":{"loc":{"start":{"line":116,"column":8},"end":{"line":116,"column":99}},"type":"if","locations":[{"start":{"line":116,"column":8},"end":{"line":116,"column":99}},{"start":{},"end":{}}],"line":116},"32":{"loc":{"start":{"line":116,"column":12},"end":{"line":116,"column":36}},"type":"binary-expr","locations":[{"start":{"line":116,"column":12},"end":{"line":116,"column":25}},{"start":{"line":116,"column":29},"end":{"line":116,"column":36}}],"line":116},"33":{"loc":{"start":{"line":116,"column":74},"end":{"line":116,"column":98}},"type":"binary-expr","locations":[{"start":{"line":116,"column":74},"end":{"line":116,"column":87}},{"start":{"line":116,"column":91},"end":{"line":116,"column":98}}],"line":116},"34":{"loc":{"start":{"line":117,"column":8},"end":{"line":117,"column":102}},"type":"if","locations":[{"start":{"line":117,"column":8},"end":{"line":117,"column":102}},{"start":{},"end":{}}],"line":117},"35":{"loc":{"start":{"line":117,"column":12},"end":{"line":117,"column":39}},"type":"binary-expr","locations":[{"start":{"line":117,"column":12},"end":{"line":117,"column":22}},{"start":{"line":117,"column":26},"end":{"line":117,"column":39}}],"line":117},"36":{"loc":{"start":{"line":117,"column":74},"end":{"line":117,"column":101}},"type":"binary-expr","locations":[{"start":{"line":117,"column":74},"end":{"line":117,"column":84}},{"start":{"line":117,"column":88},"end":{"line":117,"column":101}}],"line":117},"37":{"loc":{"start":{"line":118,"column":8},"end":{"line":118,"column":120}},"type":"if","locations":[{"start":{"line":118,"column":8},"end":{"line":118,"column":120}},{"start":{},"end":{}}],"line":118},"38":{"loc":{"start":{"line":118,"column":12},"end":{"line":118,"column":45}},"type":"binary-expr","locations":[{"start":{"line":118,"column":12},"end":{"line":118,"column":31}},{"start":{"line":118,"column":35},"end":{"line":118,"column":45}}],"line":118},"39":{"loc":{"start":{"line":118,"column":85},"end":{"line":118,"column":118}},"type":"binary-expr","locations":[{"start":{"line":118,"column":85},"end":{"line":118,"column":104}},{"start":{"line":118,"column":108},"end":{"line":118,"column":118}}],"line":118},"40":{"loc":{"start":{"line":120,"column":8},"end":{"line":124,"column":9}},"type":"if","locations":[{"start":{"line":120,"column":8},"end":{"line":124,"column":9}},{"start":{},"end":{}}],"line":120},"41":{"loc":{"start":{"line":122,"column":12},"end":{"line":122,"column":115}},"type":"if","locations":[{"start":{"line":122,"column":12},"end":{"line":122,"column":115}},{"start":{},"end":{}}],"line":122},"42":{"loc":{"start":{"line":131,"column":8},"end":{"line":134,"column":9}},"type":"if","locations":[{"start":{"line":131,"column":8},"end":{"line":134,"column":9}},{"start":{},"end":{}}],"line":131},"43":{"loc":{"start":{"line":142,"column":8},"end":{"line":142,"column":101}},"type":"if","locations":[{"start":{"line":142,"column":8},"end":{"line":142,"column":101}},{"start":{},"end":{}}],"line":142},"44":{"loc":{"start":{"line":153,"column":8},"end":{"line":153,"column":44}},"type":"if","locations":[{"start":{"line":153,"column":8},"end":{"line":153,"column":44}},{"start":{},"end":{}}],"line":153},"45":{"loc":{"start":{"line":154,"column":8},"end":{"line":154,"column":87}},"type":"if","locations":[{"start":{"line":154,"column":8},"end":{"line":154,"column":87}},{"start":{},"end":{}}],"line":154},"46":{"loc":{"start":{"line":165,"column":16},"end":{"line":165,"column":35}},"type":"if","locations":[{"start":{"line":165,"column":16},"end":{"line":165,"column":35}},{"start":{},"end":{}}],"line":165},"47":{"loc":{"start":{"line":167,"column":16},"end":{"line":168,"column":151}},"type":"if","locations":[{"start":{"line":167,"column":16},"end":{"line":168,"column":151}},{"start":{"line":168,"column":21},"end":{"line":168,"column":151}}],"line":167},"48":{"loc":{"start":{"line":168,"column":21},"end":{"line":168,"column":151}},"type":"if","locations":[{"start":{"line":168,"column":21},"end":{"line":168,"column":151}},{"start":{},"end":{}}],"line":168}},"s":{"0":1,"1":1,"2":1,"3":1,"4":0,"5":0,"6":0,"7":0,"8":0,"9":0,"10":1,"11":1,"12":0,"13":1,"14":1,"15":0,"16":1,"17":1,"18":1,"19":0,"20":1,"21":3,"22":3,"23":3,"24":3,"25":3,"26":3,"27":2,"28":1,"29":1,"30":1,"31":0,"32":2,"33":0,"34":2,"35":0,"36":2,"37":2,"38":0,"39":2,"40":0,"41":2,"42":2,"43":1,"44":1,"45":2,"46":2,"47":2,"48":1,"49":1,"50":0,"51":1,"52":2,"53":2,"54":2,"55":0,"56":2,"57":1,"58":1,"59":1,"60":1,"61":0,"62":0,"63":0,"64":0,"65":0,"66":0,"67":0,"68":0,"69":0,"70":0,"71":0,"72":0,"73":1,"74":0,"75":0,"76":0,"77":0,"78":0,"79":0,"80":0,"81":0,"82":0,"83":0,"84":0,"85":0,"86":0,"87":0,"88":0,"89":0,"90":0,"91":0,"92":0,"93":0,"94":0,"95":0,"96":0,"97":0,"98":0,"99":0,"100":1,"101":2,"102":2,"103":2,"104":1,"105":1,"106":0,"107":1,"108":1,"109":1,"110":1,"111":1,"112":0,"113":1,"114":0,"115":1,"116":1,"117":1,"118":1,"119":1,"120":1,"121":1,"122":3,"123":2,"124":1,"125":1,"126":1,"127":0,"128":0,"129":1,"130":1,"131":1,"132":1,"133":0},"f":{"0":0,"1":1,"2":3,"3":1,"4":2,"5":2,"6":0,"7":0,"8":0,"9":2,"10":1,"11":1,"12":3},"b":{"0":[0,0],"1":[0,0],"2":[0,0],"3":[0,1],"4":[0,1],"5":[1,0],"6":[1,0],"7":[2,1],"8":[3,1],"9":[0,1],"10":[0,2],"11":[2,0],"12":[0,2],"13":[0,2],"14":[0,2],"15":[1,1],"16":[0,2],"17":[0,2],"18":[1,1],"19":[1,0],"20":[0,0],"21":[0,0],"22":[0,0,0],"23":[0,0,0],"24":[0,0],"25":[0,0],"26":[0,0],"27":[0,0],"28":[0,0],"29":[0,0],"30":[0,0],"31":[0,0],"32":[0,0],"33":[0,0],"34":[0,0],"35":[0,0],"36":[0,0],"37":[0,0],"38":[0,0],"39":[0,0],"40":[0,0],"41":[0,0],"42":[0,0],"43":[1,1],"44":[0,1],"45":[0,1],"46":[2,1],"47":[1,0],"48":[0,0]},"_coverageSchema":"1a1c01bbd47fc00a2c39e90264f33305004495a9","hash":"2c9f153e0a64cfc68a5b214c28fbbae92f0a9e87"}
,"C:\\Users\\ASUS\\Desktop\\4.sınıf\\yedek\\isg-ap\\middleware\\authMiddleware.js": {"path":"C:\\Users\\ASUS\\Desktop\\4.sınıf\\yedek\\isg-ap\\middleware\\authMiddleware.js","statementMap":{"0":{"start":{"line":2,"column":19},"end":{"line":2,"column":42}},"1":{"start":{"line":3,"column":19},"end":{"line":3,"column":44}},"2":{"start":{"line":9,"column":22},"end":{"line":47,"column":1}},"3":{"start":{"line":10,"column":2},"end":{"line":46,"column":3}},"4":{"start":{"line":14,"column":4},"end":{"line":20,"column":5}},"5":{"start":{"line":15,"column":6},"end":{"line":15,"column":54}},"6":{"start":{"line":18,"column":9},"end":{"line":20,"column":5}},"7":{"start":{"line":19,"column":6},"end":{"line":19,"column":32}},"8":{"start":{"line":22,"column":4},"end":{"line":24,"column":5}},"9":{"start":{"line":23,"column":6},"end":{"line":23,"column":103}},"10":{"start":{"line":27,"column":20},"end":{"line":27,"column":61}},"11":{"start":{"line":30,"column":22},"end":{"line":30,"column":75}},"12":{"start":{"line":31,"column":4},"end":{"line":33,"column":5}},"13":{"start":{"line":32,"column":6},"end":{"line":32,"column":92}},"14":{"start":{"line":34,"column":4},"end":{"line":36,"column":5}},"15":{"start":{"line":35,"column":6},"end":{"line":35,"column":96}},"16":{"start":{"line":39,"column":4},"end":{"line":39,"column":30}},"17":{"start":{"line":40,"column":4},"end":{"line":40,"column":11}},"18":{"start":{"line":42,"column":4},"end":{"line":44,"column":5}},"19":{"start":{"line":43,"column":6},"end":{"line":43,"column":104}},"20":{"start":{"line":45,"column":4},"end":{"line":45,"column":77}},"21":{"start":{"line":49,"column":0},"end":{"line":49,"column":31}}},"fnMap":{"0":{"name":"(anonymous_0)","decl":{"start":{"line":9,"column":22},"end":{"line":9,"column":23}},"loc":{"start":{"line":9,"column":48},"end":{"line":47,"column":1}},"line":9}},"branchMap":{"0":{"loc":{"start":{"line":14,"column":4},"end":{"line":20,"column":5}},"type":"if","locations":[{"start":{"line":14,"column":4},"end":{"line":20,"column":5}},{"start":{"line":18,"column":9},"end":{"line":20,"column":5}}],"line":14},"1":{"loc":{"start":{"line":18,"column":9},"end":{"line":20,"column":5}},"type":"if","locations":[{"start":{"line":18,"column":9},"end":{"line":20,"column":5}},{"start":{},"end":{}}],"line":18},"2":{"loc":{"start":{"line":22,"column":4},"end":{"line":24,"column":5}},"type":"if","locations":[{"start":{"line":22,"column":4},"end":{"line":24,"column":5}},{"start":{},"end":{}}],"line":22},"3":{"loc":{"start":{"line":31,"column":4},"end":{"line":33,"column":5}},"type":"if","locations":[{"start":{"line":31,"column":4},"end":{"line":33,"column":5}},{"start":{},"end":{}}],"line":31},"4":{"loc":{"start":{"line":34,"column":4},"end":{"line":36,"column":5}},"type":"if","locations":[{"start":{"line":34,"column":4},"end":{"line":36,"column":5}},{"start":{},"end":{}}],"line":34},"5":{"loc":{"start":{"line":42,"column":4},"end":{"line":44,"column":5}},"type":"if","locations":[{"start":{"line":42,"column":4},"end":{"line":44,"column":5}},{"start":{},"end":{}}],"line":42}},"s":{"0":1,"1":1,"2":1,"3":6,"4":6,"5":5,"6":1,"7":0,"8":6,"9":1,"10":5,"11":3,"12":3,"13":1,"14":2,"15":1,"16":1,"17":1,"18":2,"19":1,"20":1,"21":1},"f":{"0":6},"b":{"0":[5,1],"1":[0,1],"2":[1,5],"3":[1,2],"4":[1,1],"5":[1,1]},"_coverageSchema":"1a1c01bbd47fc00a2c39e90264f33305004495a9","hash":"f1d67ae9ee349c2ae9041096828a259a16ffc01b"}
,"C:\\Users\\ASUS\\Desktop\\4.sınıf\\yedek\\isg-ap\\models\\Dokuman.js": {"path":"C:\\Users\\ASUS\\Desktop\\4.sınıf\\yedek\\isg-ap\\models\\Dokuman.js","statementMap":{"0":{"start":{"line":2,"column":17},"end":{"line":2,"column":36}},"1":{"start":{"line":4,"column":20},"end":{"line":41,"column":1}},"2":{"start":{"line":44,"column":0},"end":{"line":52,"column":3}},"3":{"start":{"line":45,"column":2},"end":{"line":45,"column":46}},"4":{"start":{"line":45,"column":29},"end":{"line":45,"column":46}},"5":{"start":{"line":46,"column":16},"end":{"line":46,"column":26}},"6":{"start":{"line":47,"column":18},"end":{"line":47,"column":28}},"7":{"start":{"line":48,"column":2},"end":{"line":48,"column":40}},"8":{"start":{"line":49,"column":2},"end":{"line":49,"column":62}},"9":{"start":{"line":49,"column":39},"end":{"line":49,"column":62}},"10":{"start":{"line":50,"column":2},"end":{"line":50,"column":57}},"11":{"start":{"line":50,"column":39},"end":{"line":50,"column":57}},"12":{"start":{"line":51,"column":2},"end":{"line":51,"column":19}},"13":{"start":{"line":54,"column":0},"end":{"line":54,"column":56}}},"fnMap":{"0":{"name":"(anonymous_0)","decl":{"start":{"line":44,"column":33},"end":{"line":44,"column":34}},"loc":{"start":{"line":44,"column":45},"end":{"line":52,"column":1}},"line":44}},"branchMap":{"0":{"loc":{"start":{"line":45,"column":2},"end":{"line":45,"column":46}},"type":"if","locations":[{"start":{"line":45,"column":2},"end":{"line":45,"column":46}},{"start":{},"end":{}}],"line":45},"1":{"loc":{"start":{"line":49,"column":2},"end":{"line":49,"column":62}},"type":"if","locations":[{"start":{"line":49,"column":2},"end":{"line":49,"column":62}},{"start":{},"end":{}}],"line":49},"2":{"loc":{"start":{"line":50,"column":2},"end":{"line":50,"column":57}},"type":"if","locations":[{"start":{"line":50,"column":2},"end":{"line":50,"column":57}},{"start":{},"end":{}}],"line":50}},"s":{"0":2,"1":2,"2":2,"3":0,"4":0,"5":0,"6":0,"7":0,"8":0,"9":0,"10":0,"11":0,"12":0,"13":2},"f":{"0":0},"b":{"0":[0,0],"1":[0,0],"2":[0,0]},"_coverageSchema":"1a1c01bbd47fc00a2c39e90264f33305004495a9","hash":"1e5b609ce9f0652372c4a70c27eaa2c9d4ae6372"}
,"C:\\Users\\ASUS\\Desktop\\4.sınıf\\yedek\\isg-ap\\models\\Firma.js": {"path":"C:\\Users\\ASUS\\Desktop\\4.sınıf\\yedek\\isg-ap\\models\\Firma.js","statementMap":{"0":{"start":{"line":2,"column":17},"end":{"line":2,"column":36}},"1":{"start":{"line":4,"column":18},"end":{"line":85,"column":1}},"2":{"start":{"line":87,"column":0},"end":{"line":87,"column":52}}},"fnMap":{},"branchMap":{},"s":{"0":2,"1":2,"2":2},"f":{},"b":{},"_coverageSchema":"1a1c01bbd47fc00a2c39e90264f33305004495a9","hash":"91093b64941b74e24702f43e458b7663e3c66b33"}
,"C:\\Users\\ASUS\\Desktop\\4.sınıf\\yedek\\isg-ap\\models\\Personel.js": {"path":"C:\\Users\\ASUS\\Desktop\\4.sınıf\\yedek\\isg-ap\\models\\Personel.js","statementMap":{"0":{"start":{"line":2,"column":17},"end":{"line":2,"column":36}},"1":{"start":{"line":4,"column":22},"end":{"line":4,"column":82}},"2":{"start":{"line":5,"column":23},"end":{"line":5,"column":83}},"3":{"start":{"line":7,"column":21},"end":{"line":42,"column":1}},"4":{"start":{"line":45,"column":12},"end":{"line":45,"column":27}},"5":{"start":{"line":46,"column":2},"end":{"line":46,"column":32}},"6":{"start":{"line":47,"column":2},"end":{"line":47,"column":11}},"7":{"start":{"line":50,"column":0},"end":{"line":69,"column":3}},"8":{"start":{"line":51,"column":4},"end":{"line":64,"column":5}},"9":{"start":{"line":52,"column":22},"end":{"line":52,"column":45}},"10":{"start":{"line":53,"column":22},"end":{"line":53,"column":78}},"11":{"start":{"line":55,"column":8},"end":{"line":63,"column":9}},"12":{"start":{"line":56,"column":23},"end":{"line":56,"column":60}},"13":{"start":{"line":57,"column":12},"end":{"line":59,"column":13}},"14":{"start":{"line":58,"column":16},"end":{"line":58,"column":105}},"15":{"start":{"line":60,"column":12},"end":{"line":62,"column":13}},"16":{"start":{"line":61,"column":16},"end":{"line":61,"column":101}},"17":{"start":{"line":66,"column":4},"end":{"line":68,"column":5}},"18":{"start":{"line":67,"column":8},"end":{"line":67,"column":84}},"19":{"start":{"line":70,"column":0},"end":{"line":70,"column":58}}},"fnMap":{"0":{"name":"ayEkle","decl":{"start":{"line":44,"column":9},"end":{"line":44,"column":15}},"loc":{"start":{"line":44,"column":27},"end":{"line":48,"column":1}},"line":44},"1":{"name":"(anonymous_1)","decl":{"start":{"line":50,"column":25},"end":{"line":50,"column":26}},"loc":{"start":{"line":50,"column":43},"end":{"line":69,"column":1}},"line":50}},"branchMap":{"0":{"loc":{"start":{"line":51,"column":4},"end":{"line":64,"column":5}},"type":"if","locations":[{"start":{"line":51,"column":4},"end":{"line":64,"column":5}},{"start":{},"end":{}}],"line":51},"1":{"loc":{"start":{"line":51,"column":8},"end":{"line":51,"column":96}},"type":"binary-expr","locations":[{"start":{"line":51,"column":8},"end":{"line":51,"column":51}},{"start":{"line":51,"column":55},"end":{"line":51,"column":96}}],"line":51},"2":{"loc":{"start":{"line":55,"column":8},"end":{"line":63,"column":9}},"type":"if","locations":[{"start":{"line":55,"column":8},"end":{"line":63,"column":9}},{"start":{},"end":{}}],"line":55},"3":{"loc":{"start":{"line":56,"column":23},"end":{"line":56,"column":60}},"type":"binary-expr","locations":[{"start":{"line":56,"column":23},"end":{"line":56,"column":42}},{"start":{"line":56,"column":46},"end":{"line":56,"column":60}}],"line":56},"4":{"loc":{"start":{"line":57,"column":12},"end":{"line":59,"column":13}},"type":"if","locations":[{"start":{"line":57,"column":12},"end":{"line":59,"column":13}},{"start":{},"end":{}}],"line":57},"5":{"loc":{"start":{"line":60,"column":12},"end":{"line":62,"column":13}},"type":"if","locations":[{"start":{"line":60,"column":12},"end":{"line":62,"column":13}},{"start":{},"end":{}}],"line":60},"6":{"loc":{"start":{"line":66,"column":4},"end":{"line":68,"column":5}},"type":"if","locations":[{"start":{"line":66,"column":4},"end":{"line":68,"column":5}},{"start":{},"end":{}}],"line":66},"7":{"loc":{"start":{"line":66,"column":8},"end":{"line":66,"column":87}},"type":"binary-expr","locations":[{"start":{"line":66,"column":8},"end":{"line":66,"column":52}},{"start":{"line":66,"column":56},"end":{"line":66,"column":87}}],"line":66}},"s":{"0":2,"1":2,"2":2,"3":2,"4":0,"5":0,"6":0,"7":2,"8":0,"9":0,"10":0,"11":0,"12":0,"13":0,"14":0,"15":0,"16":0,"17":0,"18":0,"19":2},"f":{"0":0,"1":0},"b":{"0":[0,0],"1":[0,0],"2":[0,0],"3":[0,0],"4":[0,0],"5":[0,0],"6":[0,0],"7":[0,0]},"_coverageSchema":"1a1c01bbd47fc00a2c39e90264f33305004495a9","hash":"7796256cd6fb0f68e4d460eea91aaadc12618167"}
,"C:\\Users\\ASUS\\Desktop\\4.sınıf\\yedek\\isg-ap\\models\\User.js": {"path":"C:\\Users\\ASUS\\Desktop\\4.sınıf\\yedek\\isg-ap\\models\\User.js","statementMap":{"0":{"start":{"line":2,"column":17},"end":{"line":2,"column":36}},"1":{"start":{"line":3,"column":17},"end":{"line":3,"column":36}},"2":{"start":{"line":5,"column":22},"end":{"line":49,"column":1}},"3":{"start":{"line":52,"column":0},"end":{"line":55,"column":3}},"4":{"start":{"line":53,"column":2},"end":{"line":53,"column":40}},"5":{"start":{"line":53,"column":33},"end":{"line":53,"column":40}},"6":{"start":{"line":54,"column":2},"end":{"line":54,"column":49}},"7":{"start":{"line":58,"column":0},"end":{"line":60,"column":2}},"8":{"start":{"line":59,"column":2},"end":{"line":59,"column":45}},"9":{"start":{"line":63,"column":0},"end":{"line":67,"column":2}},"10":{"start":{"line":64,"column":14},"end":{"line":64,"column":29}},"11":{"start":{"line":65,"column":2},"end":{"line":65,"column":19}},"12":{"start":{"line":66,"column":2},"end":{"line":66,"column":13}},"13":{"start":{"line":69,"column":0},"end":{"line":69,"column":60}}},"fnMap":{"0":{"name":"(anonymous_0)","decl":{"start":{"line":52,"column":26},"end":{"line":52,"column":27}},"loc":{"start":{"line":52,"column":44},"end":{"line":55,"column":1}},"line":52},"1":{"name":"(anonymous_1)","decl":{"start":{"line":58,"column":37},"end":{"line":58,"column":38}},"loc":{"start":{"line":58,"column":62},"end":{"line":60,"column":1}},"line":58},"2":{"name":"(anonymous_2)","decl":{"start":{"line":63,"column":31},"end":{"line":63,"column":32}},"loc":{"start":{"line":63,"column":43},"end":{"line":67,"column":1}},"line":63}},"branchMap":{"0":{"loc":{"start":{"line":53,"column":2},"end":{"line":53,"column":40}},"type":"if","locations":[{"start":{"line":53,"column":2},"end":{"line":53,"column":40}},{"start":{},"end":{}}],"line":53}},"s":{"0":3,"1":3,"2":3,"3":3,"4":0,"5":0,"6":0,"7":3,"8":0,"9":3,"10":0,"11":0,"12":0,"13":3},"f":{"0":0,"1":0,"2":0},"b":{"0":[0,0]},"_coverageSchema":"1a1c01bbd47fc00a2c39e90264f33305004495a9","hash":"d6b45315e59c0c3bfd2de486d4be27cee6febb30"}
}
