{"C:\\Users\\ASUS\\Desktop\\4.sınıf\\yedek\\isg-ap\\controllers\\firmaController.js": {"path":"C:\\Users\\ASUS\\Desktop\\4.sınıf\\yedek\\isg-ap\\controllers\\firmaController.js","statementMap":{"0":{"start":{"line":2,"column":17},"end":{"line":2,"column":43}},"1":{"start":{"line":3,"column":17},"end":{"line":3,"column":46}},"2":{"start":{"line":4,"column":17},"end":{"line":4,"column":45}},"3":{"start":{"line":5,"column":18},"end":{"line":5,"column":43}},"4":{"start":{"line":8,"column":0},"end":{"line":43,"column":2}},"5":{"start":{"line":9,"column":2},"end":{"line":42,"column":3}},"6":{"start":{"line":10,"column":29},"end":{"line":10,"column":38}},"7":{"start":{"line":11,"column":19},"end":{"line":11,"column":21}},"8":{"start":{"line":12,"column":16},"end":{"line":12,"column":33}},"9":{"start":{"line":13,"column":24},"end":{"line":13,"column":41}},"10":{"start":{"line":15,"column":4},"end":{"line":23,"column":5}},"11":{"start":{"line":18,"column":9},"end":{"line":23,"column":5}},"12":{"start":{"line":19,"column":6},"end":{"line":19,"column":44}},"13":{"start":{"line":21,"column":9},"end":{"line":23,"column":5}},"14":{"start":{"line":22,"column":6},"end":{"line":22,"column":46}},"15":{"start":{"line":26,"column":4},"end":{"line":30,"column":5}},"16":{"start":{"line":27,"column":8},"end":{"line":27,"column":40}},"17":{"start":{"line":29,"column":8},"end":{"line":29,"column":38}},"18":{"start":{"line":32,"column":4},"end":{"line":32,"column":66}},"19":{"start":{"line":32,"column":15},"end":{"line":32,"column":66}},"20":{"start":{"line":34,"column":21},"end":{"line":37,"column":28}},"21":{"start":{"line":39,"column":4},"end":{"line":39,"column":70}},"22":{"start":{"line":41,"column":4},"end":{"line":41,"column":64}},"23":{"start":{"line":46,"column":0},"end":{"line":70,"column":2}},"24":{"start":{"line":47,"column":2},"end":{"line":69,"column":3}},"25":{"start":{"line":48,"column":18},"end":{"line":50,"column":48}},"26":{"start":{"line":52,"column":4},"end":{"line":52,"column":91}},"27":{"start":{"line":52,"column":16},"end":{"line":52,"column":91}},"28":{"start":{"line":54,"column":16},"end":{"line":54,"column":33}},"29":{"start":{"line":55,"column":24},"end":{"line":55,"column":52}},"30":{"start":{"line":58,"column":4},"end":{"line":60,"column":5}},"31":{"start":{"line":59,"column":6},"end":{"line":59,"column":95}},"32":{"start":{"line":62,"column":4},"end":{"line":64,"column":5}},"33":{"start":{"line":63,"column":7},"end":{"line":63,"column":122}},"34":{"start":{"line":66,"column":4},"end":{"line":66,"column":44}},"35":{"start":{"line":68,"column":4},"end":{"line":68,"column":64}},"36":{"start":{"line":73,"column":0},"end":{"line":129,"column":2}},"37":{"start":{"line":74,"column":2},"end":{"line":128,"column":3}},"38":{"start":{"line":75,"column":4},"end":{"line":77,"column":5}},"39":{"start":{"line":76,"column":8},"end":{"line":76,"column":92}},"40":{"start":{"line":79,"column":96},"end":{"line":79,"column":125}},"41":{"start":{"line":80,"column":27},"end":{"line":82,"column":5}},"42":{"start":{"line":81,"column":8},"end":{"line":81,"column":98}},"43":{"start":{"line":81,"column":30},"end":{"line":81,"column":98}},"44":{"start":{"line":85,"column":4},"end":{"line":90,"column":5}},"45":{"start":{"line":86,"column":19},"end":{"line":86,"column":55}},"46":{"start":{"line":87,"column":8},"end":{"line":89,"column":50}},"47":{"start":{"line":87,"column":54},"end":{"line":87,"column":95}},"48":{"start":{"line":88,"column":13},"end":{"line":89,"column":50}},"49":{"start":{"line":88,"column":36},"end":{"line":88,"column":76}},"50":{"start":{"line":89,"column":13},"end":{"line":89,"column":50}},"51":{"start":{"line":92,"column":4},"end":{"line":92,"column":50}},"52":{"start":{"line":95,"column":18},"end":{"line":95,"column":46}},"53":{"start":{"line":98,"column":4},"end":{"line":119,"column":5}},"54":{"start":{"line":99,"column":28},"end":{"line":99,"column":64}},"55":{"start":{"line":102,"column":32},"end":{"line":102,"column":80}},"56":{"start":{"line":105,"column":8},"end":{"line":118,"column":9}},"57":{"start":{"line":106,"column":12},"end":{"line":113,"column":15}},"58":{"start":{"line":114,"column":12},"end":{"line":114,"column":115}},"59":{"start":{"line":116,"column":12},"end":{"line":116,"column":100}},"60":{"start":{"line":121,"column":4},"end":{"line":121,"column":113}},"61":{"start":{"line":123,"column":4},"end":{"line":126,"column":5}},"62":{"start":{"line":124,"column":23},"end":{"line":124,"column":68}},"63":{"start":{"line":124,"column":58},"end":{"line":124,"column":67}},"64":{"start":{"line":125,"column":6},"end":{"line":125,"column":81}},"65":{"start":{"line":127,"column":4},"end":{"line":127,"column":64}},"66":{"start":{"line":132,"column":0},"end":{"line":192,"column":2}},"67":{"start":{"line":133,"column":2},"end":{"line":191,"column":3}},"68":{"start":{"line":134,"column":20},"end":{"line":134,"column":33}},"69":{"start":{"line":135,"column":4},"end":{"line":137,"column":5}},"70":{"start":{"line":136,"column":8},"end":{"line":136,"column":89}},"71":{"start":{"line":139,"column":96},"end":{"line":139,"column":125}},"72":{"start":{"line":140,"column":27},"end":{"line":142,"column":5}},"73":{"start":{"line":141,"column":8},"end":{"line":141,"column":98}},"74":{"start":{"line":141,"column":30},"end":{"line":141,"column":98}},"75":{"start":{"line":144,"column":18},"end":{"line":144,"column":47}},"76":{"start":{"line":145,"column":4},"end":{"line":145,"column":91}},"77":{"start":{"line":145,"column":16},"end":{"line":145,"column":91}},"78":{"start":{"line":147,"column":16},"end":{"line":147,"column":33}},"79":{"start":{"line":148,"column":24},"end":{"line":148,"column":52}},"80":{"start":{"line":150,"column":4},"end":{"line":152,"column":5}},"81":{"start":{"line":151,"column":8},"end":{"line":151,"column":97}},"82":{"start":{"line":153,"column":4},"end":{"line":155,"column":5}},"83":{"start":{"line":154,"column":8},"end":{"line":154,"column":121}},"84":{"start":{"line":157,"column":4},"end":{"line":162,"column":5}},"85":{"start":{"line":158,"column":19},"end":{"line":158,"column":55}},"86":{"start":{"line":159,"column":8},"end":{"line":161,"column":50}},"87":{"start":{"line":159,"column":54},"end":{"line":159,"column":95}},"88":{"start":{"line":160,"column":13},"end":{"line":161,"column":50}},"89":{"start":{"line":160,"column":36},"end":{"line":160,"column":76}},"90":{"start":{"line":161,"column":13},"end":{"line":161,"column":50}},"91":{"start":{"line":166,"column":4},"end":{"line":181,"column":5}},"92":{"start":{"line":168,"column":26},"end":{"line":168,"column":28}},"93":{"start":{"line":169,"column":8},"end":{"line":171,"column":11}},"94":{"start":{"line":170,"column":12},"end":{"line":170,"column":56}},"95":{"start":{"line":173,"column":41},"end":{"line":173,"column":49}},"96":{"start":{"line":174,"column":8},"end":{"line":176,"column":11}},"97":{"start":{"line":175,"column":12},"end":{"line":175,"column":47}},"98":{"start":{"line":177,"column":8},"end":{"line":177,"column":42}},"99":{"start":{"line":180,"column":8},"end":{"line":180,"column":31}},"100":{"start":{"line":183,"column":29},"end":{"line":186,"column":6}},"101":{"start":{"line":188,"column":4},"end":{"line":188,"column":94}},"102":{"start":{"line":190,"column":4},"end":{"line":190,"column":64}},"103":{"start":{"line":194,"column":0},"end":{"line":213,"column":2}},"104":{"start":{"line":195,"column":2},"end":{"line":212,"column":3}},"105":{"start":{"line":196,"column":20},"end":{"line":196,"column":33}},"106":{"start":{"line":198,"column":4},"end":{"line":200,"column":5}},"107":{"start":{"line":199,"column":8},"end":{"line":199,"column":113}},"108":{"start":{"line":202,"column":18},"end":{"line":206,"column":5}},"109":{"start":{"line":208,"column":4},"end":{"line":208,"column":111}},"110":{"start":{"line":208,"column":16},"end":{"line":208,"column":111}},"111":{"start":{"line":209,"column":4},"end":{"line":209,"column":81}},"112":{"start":{"line":211,"column":4},"end":{"line":211,"column":64}},"113":{"start":{"line":216,"column":0},"end":{"line":237,"column":2}},"114":{"start":{"line":217,"column":2},"end":{"line":236,"column":3}},"115":{"start":{"line":218,"column":20},"end":{"line":218,"column":33}},"116":{"start":{"line":219,"column":59},"end":{"line":223,"column":6}},"117":{"start":{"line":225,"column":29},"end":{"line":228,"column":6}},"118":{"start":{"line":230,"column":4},"end":{"line":233,"column":7}},"119":{"start":{"line":235,"column":4},"end":{"line":235,"column":64}}},"fnMap":{"0":{"name":"(anonymous_0)","decl":{"start":{"line":8,"column":22},"end":{"line":8,"column":23}},"loc":{"start":{"line":8,"column":42},"end":{"line":43,"column":1}},"line":8},"1":{"name":"(anonymous_1)","decl":{"start":{"line":46,"column":21},"end":{"line":46,"column":22}},"loc":{"start":{"line":46,"column":41},"end":{"line":70,"column":1}},"line":46},"2":{"name":"(anonymous_2)","decl":{"start":{"line":73,"column":20},"end":{"line":73,"column":21}},"loc":{"start":{"line":73,"column":40},"end":{"line":129,"column":1}},"line":73},"3":{"name":"(anonymous_3)","decl":{"start":{"line":80,"column":27},"end":{"line":80,"column":28}},"loc":{"start":{"line":80,"column":40},"end":{"line":82,"column":5}},"line":80},"4":{"name":"(anonymous_4)","decl":{"start":{"line":124,"column":53},"end":{"line":124,"column":54}},"loc":{"start":{"line":124,"column":58},"end":{"line":124,"column":67}},"line":124},"5":{"name":"(anonymous_5)","decl":{"start":{"line":132,"column":24},"end":{"line":132,"column":25}},"loc":{"start":{"line":132,"column":44},"end":{"line":192,"column":1}},"line":132},"6":{"name":"(anonymous_6)","decl":{"start":{"line":140,"column":27},"end":{"line":140,"column":28}},"loc":{"start":{"line":140,"column":40},"end":{"line":142,"column":5}},"line":140},"7":{"name":"(anonymous_7)","decl":{"start":{"line":169,"column":42},"end":{"line":169,"column":43}},"loc":{"start":{"line":169,"column":49},"end":{"line":171,"column":9}},"line":169},"8":{"name":"(anonymous_8)","decl":{"start":{"line":174,"column":42},"end":{"line":174,"column":43}},"loc":{"start":{"line":174,"column":49},"end":{"line":176,"column":9}},"line":174},"9":{"name":"(anonymous_9)","decl":{"start":{"line":194,"column":19},"end":{"line":194,"column":20}},"loc":{"start":{"line":194,"column":39},"end":{"line":213,"column":1}},"line":194},"10":{"name":"(anonymous_10)","decl":{"start":{"line":216,"column":26},"end":{"line":216,"column":27}},"loc":{"start":{"line":216,"column":46},"end":{"line":237,"column":1}},"line":216}},"branchMap":{"0":{"loc":{"start":{"line":15,"column":4},"end":{"line":23,"column":5}},"type":"if","locations":[{"start":{"line":15,"column":4},"end":{"line":23,"column":5}},{"start":{"line":18,"column":9},"end":{"line":23,"column":5}}],"line":15},"1":{"loc":{"start":{"line":18,"column":9},"end":{"line":23,"column":5}},"type":"if","locations":[{"start":{"line":18,"column":9},"end":{"line":23,"column":5}},{"start":{"line":21,"column":9},"end":{"line":23,"column":5}}],"line":18},"2":{"loc":{"start":{"line":18,"column":13},"end":{"line":18,"column":60}},"type":"binary-expr","locations":[{"start":{"line":18,"column":13},"end":{"line":18,"column":33}},{"start":{"line":18,"column":37},"end":{"line":18,"column":60}}],"line":18},"3":{"loc":{"start":{"line":21,"column":9},"end":{"line":23,"column":5}},"type":"if","locations":[{"start":{"line":21,"column":9},"end":{"line":23,"column":5}},{"start":{},"end":{}}],"line":21},"4":{"loc":{"start":{"line":26,"column":4},"end":{"line":30,"column":5}},"type":"if","locations":[{"start":{"line":26,"column":4},"end":{"line":30,"column":5}},{"start":{"line":28,"column":11},"end":{"line":30,"column":5}}],"line":26},"5":{"loc":{"start":{"line":32,"column":4},"end":{"line":32,"column":66}},"type":"if","locations":[{"start":{"line":32,"column":4},"end":{"line":32,"column":66}},{"start":{},"end":{}}],"line":32},"6":{"loc":{"start":{"line":52,"column":4},"end":{"line":52,"column":91}},"type":"if","locations":[{"start":{"line":52,"column":4},"end":{"line":52,"column":91}},{"start":{},"end":{}}],"line":52},"7":{"loc":{"start":{"line":58,"column":4},"end":{"line":60,"column":5}},"type":"if","locations":[{"start":{"line":58,"column":4},"end":{"line":60,"column":5}},{"start":{},"end":{}}],"line":58},"8":{"loc":{"start":{"line":58,"column":8},"end":{"line":58,"column":85}},"type":"binary-expr","locations":[{"start":{"line":58,"column":8},"end":{"line":58,"column":25}},{"start":{"line":58,"column":29},"end":{"line":58,"column":85}}],"line":58},"9":{"loc":{"start":{"line":62,"column":4},"end":{"line":64,"column":5}},"type":"if","locations":[{"start":{"line":62,"column":4},"end":{"line":64,"column":5}},{"start":{},"end":{}}],"line":62},"10":{"loc":{"start":{"line":62,"column":8},"end":{"line":62,"column":111}},"type":"binary-expr","locations":[{"start":{"line":62,"column":9},"end":{"line":62,"column":29}},{"start":{"line":62,"column":33},"end":{"line":62,"column":56}},{"start":{"line":62,"column":61},"end":{"line":62,"column":111}}],"line":62},"11":{"loc":{"start":{"line":75,"column":4},"end":{"line":77,"column":5}},"type":"if","locations":[{"start":{"line":75,"column":4},"end":{"line":77,"column":5}},{"start":{},"end":{}}],"line":75},"12":{"loc":{"start":{"line":81,"column":8},"end":{"line":81,"column":98}},"type":"if","locations":[{"start":{"line":81,"column":8},"end":{"line":81,"column":98}},{"start":{},"end":{}}],"line":81},"13":{"loc":{"start":{"line":85,"column":4},"end":{"line":90,"column":5}},"type":"if","locations":[{"start":{"line":85,"column":4},"end":{"line":90,"column":5}},{"start":{},"end":{}}],"line":85},"14":{"loc":{"start":{"line":87,"column":8},"end":{"line":89,"column":50}},"type":"if","locations":[{"start":{"line":87,"column":8},"end":{"line":89,"column":50}},{"start":{"line":88,"column":13},"end":{"line":89,"column":50}}],"line":87},"15":{"loc":{"start":{"line":87,"column":12},"end":{"line":87,"column":52}},"type":"binary-expr","locations":[{"start":{"line":87,"column":12},"end":{"line":87,"column":30}},{"start":{"line":87,"column":34},"end":{"line":87,"column":52}}],"line":87},"16":{"loc":{"start":{"line":88,"column":13},"end":{"line":89,"column":50}},"type":"if","locations":[{"start":{"line":88,"column":13},"end":{"line":89,"column":50}},{"start":{"line":89,"column":13},"end":{"line":89,"column":50}}],"line":88},"17":{"loc":{"start":{"line":98,"column":4},"end":{"line":119,"column":5}},"type":"if","locations":[{"start":{"line":98,"column":4},"end":{"line":119,"column":5}},{"start":{},"end":{}}],"line":98},"18":{"loc":{"start":{"line":105,"column":8},"end":{"line":118,"column":9}},"type":"if","locations":[{"start":{"line":105,"column":8},"end":{"line":118,"column":9}},{"start":{"line":115,"column":15},"end":{"line":118,"column":9}}],"line":105},"19":{"loc":{"start":{"line":107,"column":25},"end":{"line":107,"column":63}},"type":"binary-expr","locations":[{"start":{"line":107,"column":25},"end":{"line":107,"column":45}},{"start":{"line":107,"column":49},"end":{"line":107,"column":63}}],"line":107},"20":{"loc":{"start":{"line":123,"column":4},"end":{"line":126,"column":5}},"type":"if","locations":[{"start":{"line":123,"column":4},"end":{"line":126,"column":5}},{"start":{},"end":{}}],"line":123},"21":{"loc":{"start":{"line":135,"column":4},"end":{"line":137,"column":5}},"type":"if","locations":[{"start":{"line":135,"column":4},"end":{"line":137,"column":5}},{"start":{},"end":{}}],"line":135},"22":{"loc":{"start":{"line":135,"column":8},"end":{"line":135,"column":65}},"type":"binary-expr","locations":[{"start":{"line":135,"column":8},"end":{"line":135,"column":16}},{"start":{"line":135,"column":20},"end":{"line":135,"column":43}},{"start":{"line":135,"column":47},"end":{"line":135,"column":65}}],"line":135},"23":{"loc":{"start":{"line":141,"column":8},"end":{"line":141,"column":98}},"type":"if","locations":[{"start":{"line":141,"column":8},"end":{"line":141,"column":98}},{"start":{},"end":{}}],"line":141},"24":{"loc":{"start":{"line":145,"column":4},"end":{"line":145,"column":91}},"type":"if","locations":[{"start":{"line":145,"column":4},"end":{"line":145,"column":91}},{"start":{},"end":{}}],"line":145},"25":{"loc":{"start":{"line":150,"column":4},"end":{"line":152,"column":5}},"type":"if","locations":[{"start":{"line":150,"column":4},"end":{"line":152,"column":5}},{"start":{},"end":{}}],"line":150},"26":{"loc":{"start":{"line":153,"column":4},"end":{"line":155,"column":5}},"type":"if","locations":[{"start":{"line":153,"column":4},"end":{"line":155,"column":5}},{"start":{},"end":{}}],"line":153},"27":{"loc":{"start":{"line":153,"column":8},"end":{"line":153,"column":107}},"type":"binary-expr","locations":[{"start":{"line":153,"column":9},"end":{"line":153,"column":29}},{"start":{"line":153,"column":33},"end":{"line":153,"column":56}},{"start":{"line":153,"column":61},"end":{"line":153,"column":107}}],"line":153},"28":{"loc":{"start":{"line":157,"column":4},"end":{"line":162,"column":5}},"type":"if","locations":[{"start":{"line":157,"column":4},"end":{"line":162,"column":5}},{"start":{},"end":{}}],"line":157},"29":{"loc":{"start":{"line":159,"column":8},"end":{"line":161,"column":50}},"type":"if","locations":[{"start":{"line":159,"column":8},"end":{"line":161,"column":50}},{"start":{"line":160,"column":13},"end":{"line":161,"column":50}}],"line":159},"30":{"loc":{"start":{"line":159,"column":12},"end":{"line":159,"column":52}},"type":"binary-expr","locations":[{"start":{"line":159,"column":12},"end":{"line":159,"column":30}},{"start":{"line":159,"column":34},"end":{"line":159,"column":52}}],"line":159},"31":{"loc":{"start":{"line":160,"column":13},"end":{"line":161,"column":50}},"type":"if","locations":[{"start":{"line":160,"column":13},"end":{"line":161,"column":50}},{"start":{"line":161,"column":13},"end":{"line":161,"column":50}}],"line":160},"32":{"loc":{"start":{"line":166,"column":4},"end":{"line":181,"column":5}},"type":"if","locations":[{"start":{"line":166,"column":4},"end":{"line":181,"column":5}},{"start":{"line":178,"column":11},"end":{"line":181,"column":5}}],"line":166},"33":{"loc":{"start":{"line":198,"column":4},"end":{"line":200,"column":5}},"type":"if","locations":[{"start":{"line":198,"column":4},"end":{"line":200,"column":5}},{"start":{},"end":{}}],"line":198},"34":{"loc":{"start":{"line":198,"column":8},"end":{"line":198,"column":65}},"type":"binary-expr","locations":[{"start":{"line":198,"column":8},"end":{"line":198,"column":16}},{"start":{"line":198,"column":20},"end":{"line":198,"column":43}},{"start":{"line":198,"column":47},"end":{"line":198,"column":65}}],"line":198},"35":{"loc":{"start":{"line":208,"column":4},"end":{"line":208,"column":111}},"type":"if","locations":[{"start":{"line":208,"column":4},"end":{"line":208,"column":111}},{"start":{},"end":{}}],"line":208}},"s":{"0":4,"1":4,"2":4,"3":4,"4":4,"5":6,"6":6,"7":6,"8":6,"9":6,"10":6,"11":1,"12":1,"13":0,"14":0,"15":6,"16":0,"17":6,"18":6,"19":0,"20":6,"21":5,"22":1,"23":4,"24":4,"25":4,"26":4,"27":1,"28":3,"29":3,"30":3,"31":1,"32":2,"33":1,"34":1,"35":0,"36":4,"37":8,"38":8,"39":1,"40":7,"41":7,"42":0,"43":0,"44":7,"45":5,"46":5,"47":2,"48":3,"49":1,"50":2,"51":7,"52":7,"53":5,"54":1,"55":1,"56":1,"57":0,"58":0,"59":1,"60":5,"61":2,"62":2,"63":2,"64":2,"65":0,"66":4,"67":6,"68":6,"69":6,"70":1,"71":5,"72":5,"73":0,"74":0,"75":5,"76":5,"77":1,"78":4,"79":4,"80":4,"81":1,"82":3,"83":1,"84":2,"85":0,"86":0,"87":0,"88":0,"89":0,"90":0,"91":2,"92":1,"93":1,"94":1,"95":1,"96":1,"97":0,"98":1,"99":1,"100":2,"101":2,"102":0,"103":4,"104":3,"105":3,"106":3,"107":1,"108":2,"109":2,"110":1,"111":1,"112":0,"113":4,"114":1,"115":1,"116":1,"117":1,"118":1,"119":0},"f":{"0":6,"1":4,"2":8,"3":0,"4":2,"5":6,"6":0,"7":1,"8":0,"9":3,"10":1},"b":{"0":[5,1],"1":[1,0],"2":[1,0],"3":[0,0],"4":[0,6],"5":[0,6],"6":[1,3],"7":[1,2],"8":[3,1],"9":[1,1],"10":[2,1,1],"11":[1,7],"12":[0,0],"13":[5,2],"14":[2,3],"15":[5,4],"16":[1,2],"17":[1,4],"18":[0,1],"19":[0,0],"20":[2,0],"21":[1,5],"22":[6,6,5],"23":[0,0],"24":[1,4],"25":[1,3],"26":[1,2],"27":[3,2,1],"28":[0,2],"29":[0,0],"30":[0,0],"31":[0,0],"32":[1,1],"33":[1,2],"34":[3,3,2],"35":[1,1]},"_coverageSchema":"1a1c01bbd47fc00a2c39e90264f33305004495a9","hash":"6c786d359dfcd37518d3f35e7d79e9ad1336fc99"}
,"C:\\Users\\ASUS\\Desktop\\4.sınıf\\yedek\\isg-ap\\controllers\\personelController.js": {"path":"C:\\Users\\ASUS\\Desktop\\4.sınıf\\yedek\\isg-ap\\controllers\\personelController.js","statementMap":{"0":{"start":{"line":2,"column":18},"end":{"line":2,"column":47}},"1":{"start":{"line":3,"column":18},"end":{"line":3,"column":44}},"2":{"start":{"line":4,"column":18},"end":{"line":4,"column":37}},"3":{"start":{"line":5,"column":28},"end":{"line":5,"column":57}},"4":{"start":{"line":7,"column":19},"end":{"line":14,"column":1}},"5":{"start":{"line":8,"column":4},"end":{"line":8,"column":31}},"6":{"start":{"line":8,"column":19},"end":{"line":8,"column":31}},"7":{"start":{"line":9,"column":4},"end":{"line":12,"column":5}},"8":{"start":{"line":10,"column":18},"end":{"line":10,"column":37}},"9":{"start":{"line":11,"column":8},"end":{"line":11,"column":61}},"10":{"start":{"line":13,"column":4},"end":{"line":13,"column":30}},"11":{"start":{"line":16,"column":19},"end":{"line":25,"column":1}},"12":{"start":{"line":17,"column":4},"end":{"line":17,"column":31}},"13":{"start":{"line":17,"column":19},"end":{"line":17,"column":31}},"14":{"start":{"line":18,"column":21},"end":{"line":18,"column":44}},"15":{"start":{"line":19,"column":4},"end":{"line":21,"column":5}},"16":{"start":{"line":20,"column":8},"end":{"line":20,"column":53}},"17":{"start":{"line":22,"column":25},"end":{"line":22,"column":92}},"18":{"start":{"line":23,"column":4},"end":{"line":23,"column":35}},"19":{"start":{"line":23,"column":23},"end":{"line":23,"column":35}},"20":{"start":{"line":24,"column":4},"end":{"line":24,"column":28}},"21":{"start":{"line":27,"column":0},"end":{"line":59,"column":2}},"22":{"start":{"line":28,"column":4},"end":{"line":58,"column":5}},"23":{"start":{"line":29,"column":53},"end":{"line":29,"column":62}},"24":{"start":{"line":30,"column":28},"end":{"line":30,"column":45}},"25":{"start":{"line":31,"column":28},"end":{"line":31,"column":45}},"26":{"start":{"line":32,"column":28},"end":{"line":32,"column":30}},"27":{"start":{"line":34,"column":8},"end":{"line":43,"column":9}},"28":{"start":{"line":35,"column":34},"end":{"line":38,"column":13}},"29":{"start":{"line":39,"column":12},"end":{"line":39,"column":66}},"30":{"start":{"line":39,"column":57},"end":{"line":39,"column":62}},"31":{"start":{"line":41,"column":13},"end":{"line":43,"column":9}},"32":{"start":{"line":42,"column":12},"end":{"line":42,"column":54}},"33":{"start":{"line":45,"column":8},"end":{"line":45,"column":75}},"34":{"start":{"line":45,"column":52},"end":{"line":45,"column":75}},"35":{"start":{"line":46,"column":8},"end":{"line":47,"column":43}},"36":{"start":{"line":46,"column":33},"end":{"line":46,"column":65}},"37":{"start":{"line":47,"column":13},"end":{"line":47,"column":43}},"38":{"start":{"line":48,"column":8},"end":{"line":48,"column":69}},"39":{"start":{"line":48,"column":19},"end":{"line":48,"column":69}},"40":{"start":{"line":49,"column":8},"end":{"line":49,"column":56}},"41":{"start":{"line":49,"column":23},"end":{"line":49,"column":56}},"42":{"start":{"line":51,"column":28},"end":{"line":53,"column":33}},"43":{"start":{"line":55,"column":8},"end":{"line":55,"column":80}},"44":{"start":{"line":57,"column":8},"end":{"line":57,"column":68}},"45":{"start":{"line":61,"column":0},"end":{"line":69,"column":2}},"46":{"start":{"line":62,"column":4},"end":{"line":68,"column":5}},"47":{"start":{"line":63,"column":25},"end":{"line":63,"column":107}},"48":{"start":{"line":64,"column":8},"end":{"line":64,"column":101}},"49":{"start":{"line":64,"column":23},"end":{"line":64,"column":101}},"50":{"start":{"line":65,"column":8},"end":{"line":65,"column":51}},"51":{"start":{"line":67,"column":8},"end":{"line":67,"column":68}},"52":{"start":{"line":71,"column":0},"end":{"line":123,"column":2}},"53":{"start":{"line":72,"column":4},"end":{"line":122,"column":5}},"54":{"start":{"line":73,"column":21},"end":{"line":73,"column":69}},"55":{"start":{"line":74,"column":8},"end":{"line":74,"column":95}},"56":{"start":{"line":74,"column":19},"end":{"line":74,"column":95}},"57":{"start":{"line":76,"column":8},"end":{"line":76,"column":107}},"58":{"start":{"line":76,"column":25},"end":{"line":76,"column":107}},"59":{"start":{"line":79,"column":24},"end":{"line":79,"column":48}},"60":{"start":{"line":80,"column":8},"end":{"line":96,"column":9}},"61":{"start":{"line":81,"column":30},"end":{"line":81,"column":54}},"62":{"start":{"line":82,"column":12},"end":{"line":84,"column":13}},"63":{"start":{"line":83,"column":16},"end":{"line":83,"column":86}},"64":{"start":{"line":86,"column":27},"end":{"line":89,"column":14}},"65":{"start":{"line":90,"column":12},"end":{"line":95,"column":13}},"66":{"start":{"line":91,"column":16},"end":{"line":94,"column":19}},"67":{"start":{"line":98,"column":24},"end":{"line":98,"column":52}},"68":{"start":{"line":99,"column":8},"end":{"line":99,"column":111}},"69":{"start":{"line":99,"column":22},"end":{"line":99,"column":111}},"70":{"start":{"line":101,"column":22},"end":{"line":101,"column":51}},"71":{"start":{"line":102,"column":8},"end":{"line":102,"column":106}},"72":{"start":{"line":102,"column":20},"end":{"line":102,"column":106}},"73":{"start":{"line":104,"column":30},"end":{"line":110,"column":9}},"74":{"start":{"line":112,"column":25},"end":{"line":112,"column":61}},"75":{"start":{"line":113,"column":8},"end":{"line":113,"column":67}},"76":{"start":{"line":115,"column":8},"end":{"line":115,"column":101}},"77":{"start":{"line":117,"column":8},"end":{"line":120,"column":9}},"78":{"start":{"line":118,"column":29},"end":{"line":118,"column":74}},"79":{"start":{"line":118,"column":64},"end":{"line":118,"column":73}},"80":{"start":{"line":119,"column":12},"end":{"line":119,"column":87}},"81":{"start":{"line":121,"column":8},"end":{"line":121,"column":68}},"82":{"start":{"line":125,"column":0},"end":{"line":175,"column":2}},"83":{"start":{"line":126,"column":4},"end":{"line":174,"column":5}},"84":{"start":{"line":127,"column":21},"end":{"line":127,"column":69}},"85":{"start":{"line":129,"column":25},"end":{"line":129,"column":63}},"86":{"start":{"line":130,"column":8},"end":{"line":130,"column":101}},"87":{"start":{"line":130,"column":23},"end":{"line":130,"column":101}},"88":{"start":{"line":133,"column":23},"end":{"line":133,"column":47}},"89":{"start":{"line":134,"column":8},"end":{"line":151,"column":9}},"90":{"start":{"line":135,"column":30},"end":{"line":135,"column":53}},"91":{"start":{"line":136,"column":12},"end":{"line":138,"column":13}},"92":{"start":{"line":137,"column":16},"end":{"line":137,"column":86}},"93":{"start":{"line":140,"column":27},"end":{"line":144,"column":14}},"94":{"start":{"line":145,"column":12},"end":{"line":150,"column":13}},"95":{"start":{"line":146,"column":16},"end":{"line":149,"column":19}},"96":{"start":{"line":153,"column":8},"end":{"line":153,"column":98}},"97":{"start":{"line":153,"column":48},"end":{"line":153,"column":98}},"98":{"start":{"line":154,"column":8},"end":{"line":154,"column":82}},"99":{"start":{"line":154,"column":49},"end":{"line":154,"column":82}},"100":{"start":{"line":155,"column":8},"end":{"line":155,"column":102}},"101":{"start":{"line":155,"column":48},"end":{"line":155,"column":102}},"102":{"start":{"line":156,"column":8},"end":{"line":156,"column":120}},"103":{"start":{"line":156,"column":48},"end":{"line":156,"column":120}},"104":{"start":{"line":158,"column":8},"end":{"line":162,"column":9}},"105":{"start":{"line":159,"column":28},"end":{"line":159,"column":56}},"106":{"start":{"line":160,"column":12},"end":{"line":160,"column":115}},"107":{"start":{"line":160,"column":26},"end":{"line":160,"column":115}},"108":{"start":{"line":161,"column":12},"end":{"line":161,"column":37}},"109":{"start":{"line":164,"column":8},"end":{"line":164,"column":30}},"110":{"start":{"line":165,"column":8},"end":{"line":165,"column":67}},"111":{"start":{"line":167,"column":8},"end":{"line":167,"column":83}},"112":{"start":{"line":169,"column":8},"end":{"line":172,"column":9}},"113":{"start":{"line":170,"column":29},"end":{"line":170,"column":74}},"114":{"start":{"line":170,"column":64},"end":{"line":170,"column":73}},"115":{"start":{"line":171,"column":12},"end":{"line":171,"column":87}},"116":{"start":{"line":173,"column":8},"end":{"line":173,"column":68}},"117":{"start":{"line":177,"column":0},"end":{"line":185,"column":2}},"118":{"start":{"line":178,"column":4},"end":{"line":184,"column":5}},"119":{"start":{"line":179,"column":25},"end":{"line":179,"column":105}},"120":{"start":{"line":180,"column":8},"end":{"line":180,"column":101}},"121":{"start":{"line":180,"column":23},"end":{"line":180,"column":101}},"122":{"start":{"line":181,"column":8},"end":{"line":181,"column":78}},"123":{"start":{"line":183,"column":8},"end":{"line":183,"column":68}},"124":{"start":{"line":187,"column":0},"end":{"line":217,"column":2}},"125":{"start":{"line":188,"column":4},"end":{"line":216,"column":5}},"126":{"start":{"line":189,"column":28},"end":{"line":189,"column":37}},"127":{"start":{"line":190,"column":23},"end":{"line":190,"column":38}},"128":{"start":{"line":191,"column":8},"end":{"line":191,"column":44}},"129":{"start":{"line":191,"column":21},"end":{"line":191,"column":44}},"130":{"start":{"line":192,"column":8},"end":{"line":192,"column":87}},"131":{"start":{"line":192,"column":45},"end":{"line":192,"column":87}},"132":{"start":{"line":194,"column":24},"end":{"line":194,"column":34}},"133":{"start":{"line":195,"column":24},"end":{"line":195,"column":34}},"134":{"start":{"line":196,"column":8},"end":{"line":196,"column":46}},"135":{"start":{"line":198,"column":28},"end":{"line":198,"column":106}},"136":{"start":{"line":200,"column":25},"end":{"line":200,"column":27}},"137":{"start":{"line":201,"column":8},"end":{"line":211,"column":11}},"138":{"start":{"line":202,"column":30},"end":{"line":207,"column":13}},"139":{"start":{"line":203,"column":16},"end":{"line":203,"column":35}},"140":{"start":{"line":203,"column":28},"end":{"line":203,"column":35}},"141":{"start":{"line":204,"column":30},"end":{"line":204,"column":45}},"142":{"start":{"line":205,"column":16},"end":{"line":206,"column":151}},"143":{"start":{"line":205,"column":43},"end":{"line":205,"column":151}},"144":{"start":{"line":206,"column":21},"end":{"line":206,"column":151}},"145":{"start":{"line":206,"column":43},"end":{"line":206,"column":151}},"146":{"start":{"line":208,"column":12},"end":{"line":208,"column":63}},"147":{"start":{"line":209,"column":12},"end":{"line":209,"column":62}},"148":{"start":{"line":210,"column":12},"end":{"line":210,"column":65}},"149":{"start":{"line":213,"column":8},"end":{"line":213,"column":74}},"150":{"start":{"line":215,"column":8},"end":{"line":215,"column":68}}},"fnMap":{"0":{"name":"(anonymous_0)","decl":{"start":{"line":7,"column":19},"end":{"line":7,"column":20}},"loc":{"start":{"line":7,"column":33},"end":{"line":14,"column":1}},"line":7},"1":{"name":"(anonymous_1)","decl":{"start":{"line":16,"column":19},"end":{"line":16,"column":20}},"loc":{"start":{"line":16,"column":39},"end":{"line":25,"column":1}},"line":16},"2":{"name":"(anonymous_2)","decl":{"start":{"line":27,"column":22},"end":{"line":27,"column":23}},"loc":{"start":{"line":27,"column":42},"end":{"line":59,"column":1}},"line":27},"3":{"name":"(anonymous_3)","decl":{"start":{"line":39,"column":52},"end":{"line":39,"column":53}},"loc":{"start":{"line":39,"column":57},"end":{"line":39,"column":62}},"line":39},"4":{"name":"(anonymous_4)","decl":{"start":{"line":61,"column":24},"end":{"line":61,"column":25}},"loc":{"start":{"line":61,"column":44},"end":{"line":69,"column":1}},"line":61},"5":{"name":"(anonymous_5)","decl":{"start":{"line":71,"column":23},"end":{"line":71,"column":24}},"loc":{"start":{"line":71,"column":43},"end":{"line":123,"column":1}},"line":71},"6":{"name":"(anonymous_6)","decl":{"start":{"line":118,"column":59},"end":{"line":118,"column":60}},"loc":{"start":{"line":118,"column":64},"end":{"line":118,"column":73}},"line":118},"7":{"name":"(anonymous_7)","decl":{"start":{"line":125,"column":27},"end":{"line":125,"column":28}},"loc":{"start":{"line":125,"column":47},"end":{"line":175,"column":1}},"line":125},"8":{"name":"(anonymous_8)","decl":{"start":{"line":170,"column":59},"end":{"line":170,"column":60}},"loc":{"start":{"line":170,"column":64},"end":{"line":170,"column":73}},"line":170},"9":{"name":"(anonymous_9)","decl":{"start":{"line":177,"column":22},"end":{"line":177,"column":23}},"loc":{"start":{"line":177,"column":42},"end":{"line":185,"column":1}},"line":177},"10":{"name":"(anonymous_10)","decl":{"start":{"line":187,"column":28},"end":{"line":187,"column":29}},"loc":{"start":{"line":187,"column":48},"end":{"line":217,"column":1}},"line":187},"11":{"name":"(anonymous_11)","decl":{"start":{"line":201,"column":28},"end":{"line":201,"column":29}},"loc":{"start":{"line":201,"column":33},"end":{"line":211,"column":9}},"line":201},"12":{"name":"(anonymous_12)","decl":{"start":{"line":202,"column":30},"end":{"line":202,"column":31}},"loc":{"start":{"line":202,"column":46},"end":{"line":207,"column":13}},"line":202}},"branchMap":{"0":{"loc":{"start":{"line":8,"column":4},"end":{"line":8,"column":31}},"type":"if","locations":[{"start":{"line":8,"column":4},"end":{"line":8,"column":31}},{"start":{},"end":{}}],"line":8},"1":{"loc":{"start":{"line":9,"column":4},"end":{"line":12,"column":5}},"type":"if","locations":[{"start":{"line":9,"column":4},"end":{"line":12,"column":5}},{"start":{},"end":{}}],"line":9},"2":{"loc":{"start":{"line":9,"column":8},"end":{"line":9,"column":62}},"type":"binary-expr","locations":[{"start":{"line":9,"column":8},"end":{"line":9,"column":36}},{"start":{"line":9,"column":40},"end":{"line":9,"column":62}}],"line":9},"3":{"loc":{"start":{"line":17,"column":4},"end":{"line":17,"column":31}},"type":"if","locations":[{"start":{"line":17,"column":4},"end":{"line":17,"column":31}},{"start":{},"end":{}}],"line":17},"4":{"loc":{"start":{"line":19,"column":4},"end":{"line":21,"column":5}},"type":"if","locations":[{"start":{"line":19,"column":4},"end":{"line":21,"column":5}},{"start":{},"end":{}}],"line":19},"5":{"loc":{"start":{"line":19,"column":8},"end":{"line":19,"column":88}},"type":"binary-expr","locations":[{"start":{"line":19,"column":8},"end":{"line":19,"column":49}},{"start":{"line":19,"column":53},"end":{"line":19,"column":88}}],"line":19},"6":{"loc":{"start":{"line":23,"column":4},"end":{"line":23,"column":35}},"type":"if","locations":[{"start":{"line":23,"column":4},"end":{"line":23,"column":35}},{"start":{},"end":{}}],"line":23},"7":{"loc":{"start":{"line":34,"column":8},"end":{"line":43,"column":9}},"type":"if","locations":[{"start":{"line":34,"column":8},"end":{"line":43,"column":9}},{"start":{"line":41,"column":13},"end":{"line":43,"column":9}}],"line":34},"8":{"loc":{"start":{"line":34,"column":12},"end":{"line":34,"column":59}},"type":"binary-expr","locations":[{"start":{"line":34,"column":12},"end":{"line":34,"column":32}},{"start":{"line":34,"column":36},"end":{"line":34,"column":59}}],"line":34},"9":{"loc":{"start":{"line":41,"column":13},"end":{"line":43,"column":9}},"type":"if","locations":[{"start":{"line":41,"column":13},"end":{"line":43,"column":9}},{"start":{},"end":{}}],"line":41},"10":{"loc":{"start":{"line":45,"column":8},"end":{"line":45,"column":75}},"type":"if","locations":[{"start":{"line":45,"column":8},"end":{"line":45,"column":75}},{"start":{},"end":{}}],"line":45},"11":{"loc":{"start":{"line":45,"column":12},"end":{"line":45,"column":50}},"type":"binary-expr","locations":[{"start":{"line":45,"column":12},"end":{"line":45,"column":19}},{"start":{"line":45,"column":23},"end":{"line":45,"column":50}}],"line":45},"12":{"loc":{"start":{"line":46,"column":8},"end":{"line":47,"column":43}},"type":"if","locations":[{"start":{"line":46,"column":8},"end":{"line":47,"column":43}},{"start":{"line":47,"column":13},"end":{"line":47,"column":43}}],"line":46},"13":{"loc":{"start":{"line":48,"column":8},"end":{"line":48,"column":69}},"type":"if","locations":[{"start":{"line":48,"column":8},"end":{"line":48,"column":69}},{"start":{},"end":{}}],"line":48},"14":{"loc":{"start":{"line":49,"column":8},"end":{"line":49,"column":56}},"type":"if","locations":[{"start":{"line":49,"column":8},"end":{"line":49,"column":56}},{"start":{},"end":{}}],"line":49},"15":{"loc":{"start":{"line":64,"column":8},"end":{"line":64,"column":101}},"type":"if","locations":[{"start":{"line":64,"column":8},"end":{"line":64,"column":101}},{"start":{},"end":{}}],"line":64},"16":{"loc":{"start":{"line":73,"column":21},"end":{"line":73,"column":69}},"type":"cond-expr","locations":[{"start":{"line":73,"column":47},"end":{"line":73,"column":58}},{"start":{"line":73,"column":61},"end":{"line":73,"column":69}}],"line":73},"17":{"loc":{"start":{"line":74,"column":8},"end":{"line":74,"column":95}},"type":"if","locations":[{"start":{"line":74,"column":8},"end":{"line":74,"column":95}},{"start":{},"end":{}}],"line":74},"18":{"loc":{"start":{"line":76,"column":8},"end":{"line":76,"column":107}},"type":"if","locations":[{"start":{"line":76,"column":8},"end":{"line":76,"column":107}},{"start":{},"end":{}}],"line":76},"19":{"loc":{"start":{"line":79,"column":24},"end":{"line":79,"column":48}},"type":"binary-expr","locations":[{"start":{"line":79,"column":24},"end":{"line":79,"column":37}},{"start":{"line":79,"column":41},"end":{"line":79,"column":48}}],"line":79},"20":{"loc":{"start":{"line":80,"column":8},"end":{"line":96,"column":9}},"type":"if","locations":[{"start":{"line":80,"column":8},"end":{"line":96,"column":9}},{"start":{},"end":{}}],"line":80},"21":{"loc":{"start":{"line":82,"column":12},"end":{"line":84,"column":13}},"type":"if","locations":[{"start":{"line":82,"column":12},"end":{"line":84,"column":13}},{"start":{},"end":{}}],"line":82},"22":{"loc":{"start":{"line":90,"column":12},"end":{"line":95,"column":13}},"type":"if","locations":[{"start":{"line":90,"column":12},"end":{"line":95,"column":13}},{"start":{},"end":{}}],"line":90},"23":{"loc":{"start":{"line":99,"column":8},"end":{"line":99,"column":111}},"type":"if","locations":[{"start":{"line":99,"column":8},"end":{"line":99,"column":111}},{"start":{},"end":{}}],"line":99},"24":{"loc":{"start":{"line":102,"column":8},"end":{"line":102,"column":106}},"type":"if","locations":[{"start":{"line":102,"column":8},"end":{"line":102,"column":106}},{"start":{},"end":{}}],"line":102},"25":{"loc":{"start":{"line":106,"column":28},"end":{"line":106,"column":51}},"type":"binary-expr","locations":[{"start":{"line":106,"column":28},"end":{"line":106,"column":40}},{"start":{"line":106,"column":44},"end":{"line":106,"column":51}}],"line":106},"26":{"loc":{"start":{"line":107,"column":28},"end":{"line":107,"column":41}},"type":"binary-expr","locations":[{"start":{"line":107,"column":28},"end":{"line":107,"column":35}},{"start":{"line":107,"column":39},"end":{"line":107,"column":41}}],"line":107},"27":{"loc":{"start":{"line":108,"column":28},"end":{"line":108,"column":61}},"type":"binary-expr","locations":[{"start":{"line":108,"column":28},"end":{"line":108,"column":38}},{"start":{"line":108,"column":42},"end":{"line":108,"column":55}},{"start":{"line":108,"column":59},"end":{"line":108,"column":61}}],"line":108},"28":{"loc":{"start":{"line":109,"column":39},"end":{"line":109,"column":72}},"type":"binary-expr","locations":[{"start":{"line":109,"column":39},"end":{"line":109,"column":58}},{"start":{"line":109,"column":62},"end":{"line":109,"column":72}}],"line":109},"29":{"loc":{"start":{"line":117,"column":8},"end":{"line":120,"column":9}},"type":"if","locations":[{"start":{"line":117,"column":8},"end":{"line":120,"column":9}},{"start":{},"end":{}}],"line":117},"30":{"loc":{"start":{"line":127,"column":21},"end":{"line":127,"column":69}},"type":"cond-expr","locations":[{"start":{"line":127,"column":47},"end":{"line":127,"column":58}},{"start":{"line":127,"column":61},"end":{"line":127,"column":69}}],"line":127},"31":{"loc":{"start":{"line":130,"column":8},"end":{"line":130,"column":101}},"type":"if","locations":[{"start":{"line":130,"column":8},"end":{"line":130,"column":101}},{"start":{},"end":{}}],"line":130},"32":{"loc":{"start":{"line":133,"column":23},"end":{"line":133,"column":47}},"type":"binary-expr","locations":[{"start":{"line":133,"column":23},"end":{"line":133,"column":36}},{"start":{"line":133,"column":40},"end":{"line":133,"column":47}}],"line":133},"33":{"loc":{"start":{"line":134,"column":8},"end":{"line":151,"column":9}},"type":"if","locations":[{"start":{"line":134,"column":8},"end":{"line":151,"column":9}},{"start":{},"end":{}}],"line":134},"34":{"loc":{"start":{"line":134,"column":12},"end":{"line":134,"column":50}},"type":"binary-expr","locations":[{"start":{"line":134,"column":12},"end":{"line":134,"column":18}},{"start":{"line":134,"column":22},"end":{"line":134,"column":50}}],"line":134},"35":{"loc":{"start":{"line":136,"column":12},"end":{"line":138,"column":13}},"type":"if","locations":[{"start":{"line":136,"column":12},"end":{"line":138,"column":13}},{"start":{},"end":{}}],"line":136},"36":{"loc":{"start":{"line":145,"column":12},"end":{"line":150,"column":13}},"type":"if","locations":[{"start":{"line":145,"column":12},"end":{"line":150,"column":13}},{"start":{},"end":{}}],"line":145},"37":{"loc":{"start":{"line":153,"column":8},"end":{"line":153,"column":98}},"type":"if","locations":[{"start":{"line":153,"column":8},"end":{"line":153,"column":98}},{"start":{},"end":{}}],"line":153},"38":{"loc":{"start":{"line":153,"column":12},"end":{"line":153,"column":35}},"type":"binary-expr","locations":[{"start":{"line":153,"column":12},"end":{"line":153,"column":24}},{"start":{"line":153,"column":28},"end":{"line":153,"column":35}}],"line":153},"39":{"loc":{"start":{"line":153,"column":74},"end":{"line":153,"column":97}},"type":"binary-expr","locations":[{"start":{"line":153,"column":74},"end":{"line":153,"column":86}},{"start":{"line":153,"column":90},"end":{"line":153,"column":97}}],"line":153},"40":{"loc":{"start":{"line":154,"column":8},"end":{"line":154,"column":82}},"type":"if","locations":[{"start":{"line":154,"column":8},"end":{"line":154,"column":82}},{"start":{},"end":{}}],"line":154},"41":{"loc":{"start":{"line":155,"column":8},"end":{"line":155,"column":102}},"type":"if","locations":[{"start":{"line":155,"column":8},"end":{"line":155,"column":102}},{"start":{},"end":{}}],"line":155},"42":{"loc":{"start":{"line":155,"column":12},"end":{"line":155,"column":39}},"type":"binary-expr","locations":[{"start":{"line":155,"column":12},"end":{"line":155,"column":22}},{"start":{"line":155,"column":26},"end":{"line":155,"column":39}}],"line":155},"43":{"loc":{"start":{"line":155,"column":74},"end":{"line":155,"column":101}},"type":"binary-expr","locations":[{"start":{"line":155,"column":74},"end":{"line":155,"column":84}},{"start":{"line":155,"column":88},"end":{"line":155,"column":101}}],"line":155},"44":{"loc":{"start":{"line":156,"column":8},"end":{"line":156,"column":120}},"type":"if","locations":[{"start":{"line":156,"column":8},"end":{"line":156,"column":120}},{"start":{},"end":{}}],"line":156},"45":{"loc":{"start":{"line":156,"column":12},"end":{"line":156,"column":45}},"type":"binary-expr","locations":[{"start":{"line":156,"column":12},"end":{"line":156,"column":31}},{"start":{"line":156,"column":35},"end":{"line":156,"column":45}}],"line":156},"46":{"loc":{"start":{"line":156,"column":85},"end":{"line":156,"column":118}},"type":"binary-expr","locations":[{"start":{"line":156,"column":85},"end":{"line":156,"column":104}},{"start":{"line":156,"column":108},"end":{"line":156,"column":118}}],"line":156},"47":{"loc":{"start":{"line":158,"column":8},"end":{"line":162,"column":9}},"type":"if","locations":[{"start":{"line":158,"column":8},"end":{"line":162,"column":9}},{"start":{},"end":{}}],"line":158},"48":{"loc":{"start":{"line":160,"column":12},"end":{"line":160,"column":115}},"type":"if","locations":[{"start":{"line":160,"column":12},"end":{"line":160,"column":115}},{"start":{},"end":{}}],"line":160},"49":{"loc":{"start":{"line":169,"column":8},"end":{"line":172,"column":9}},"type":"if","locations":[{"start":{"line":169,"column":8},"end":{"line":172,"column":9}},{"start":{},"end":{}}],"line":169},"50":{"loc":{"start":{"line":180,"column":8},"end":{"line":180,"column":101}},"type":"if","locations":[{"start":{"line":180,"column":8},"end":{"line":180,"column":101}},{"start":{},"end":{}}],"line":180},"51":{"loc":{"start":{"line":191,"column":8},"end":{"line":191,"column":44}},"type":"if","locations":[{"start":{"line":191,"column":8},"end":{"line":191,"column":44}},{"start":{},"end":{}}],"line":191},"52":{"loc":{"start":{"line":192,"column":8},"end":{"line":192,"column":87}},"type":"if","locations":[{"start":{"line":192,"column":8},"end":{"line":192,"column":87}},{"start":{},"end":{}}],"line":192},"53":{"loc":{"start":{"line":203,"column":16},"end":{"line":203,"column":35}},"type":"if","locations":[{"start":{"line":203,"column":16},"end":{"line":203,"column":35}},{"start":{},"end":{}}],"line":203},"54":{"loc":{"start":{"line":205,"column":16},"end":{"line":206,"column":151}},"type":"if","locations":[{"start":{"line":205,"column":16},"end":{"line":206,"column":151}},{"start":{"line":206,"column":21},"end":{"line":206,"column":151}}],"line":205},"55":{"loc":{"start":{"line":206,"column":21},"end":{"line":206,"column":151}},"type":"if","locations":[{"start":{"line":206,"column":21},"end":{"line":206,"column":151}},{"start":{},"end":{}}],"line":206}},"s":{"0":4,"1":4,"2":4,"3":4,"4":4,"5":3,"6":3,"7":0,"8":0,"9":0,"10":0,"11":4,"12":5,"13":0,"14":5,"15":5,"16":3,"17":2,"18":2,"19":2,"20":0,"21":4,"22":4,"23":4,"24":4,"25":4,"26":4,"27":4,"28":2,"29":1,"30":1,"31":2,"32":1,"33":3,"34":0,"35":3,"36":0,"37":3,"38":3,"39":0,"40":3,"41":0,"42":3,"43":3,"44":1,"45":4,"46":2,"47":2,"48":2,"49":1,"50":1,"51":0,"52":4,"53":7,"54":7,"55":7,"56":1,"57":6,"58":1,"59":5,"60":5,"61":1,"62":1,"63":1,"64":0,"65":0,"66":0,"67":4,"68":4,"69":1,"70":3,"71":3,"72":0,"73":3,"74":3,"75":2,"76":2,"77":1,"78":1,"79":1,"80":1,"81":0,"82":4,"83":4,"84":4,"85":4,"86":4,"87":1,"88":3,"89":3,"90":0,"91":0,"92":0,"93":0,"94":0,"95":0,"96":3,"97":2,"98":3,"99":0,"100":3,"101":1,"102":3,"103":0,"104":3,"105":1,"106":1,"107":1,"108":0,"109":2,"110":1,"111":1,"112":1,"113":1,"114":1,"115":1,"116":0,"117":4,"118":2,"119":2,"120":2,"121":1,"122":1,"123":0,"124":4,"125":4,"126":4,"127":4,"128":4,"129":0,"130":4,"131":1,"132":4,"133":4,"134":4,"135":4,"136":3,"137":3,"138":2,"139":6,"140":4,"141":2,"142":2,"143":1,"144":1,"145":1,"146":2,"147":2,"148":2,"149":3,"150":1},"f":{"0":3,"1":5,"2":4,"3":1,"4":2,"5":7,"6":1,"7":4,"8":1,"9":2,"10":4,"11":2,"12":6},"b":{"0":[3,0],"1":[0,0],"2":[0,0],"3":[0,5],"4":[3,2],"5":[5,3],"6":[2,0],"7":[2,2],"8":[4,2],"9":[1,1],"10":[0,3],"11":[3,0],"12":[0,3],"13":[0,3],"14":[0,3],"15":[1,1],"16":[0,7],"17":[1,6],"18":[1,5],"19":[5,4],"20":[1,4],"21":[1,0],"22":[0,0],"23":[1,3],"24":[0,3],"25":[3,1],"26":[3,3],"27":[3,2,2],"28":[3,3],"29":[1,0],"30":[0,4],"31":[1,3],"32":[3,3],"33":[0,3],"34":[3,0],"35":[0,0],"36":[0,0],"37":[2,1],"38":[3,1],"39":[2,0],"40":[0,3],"41":[1,2],"42":[3,2],"43":[1,0],"44":[0,3],"45":[3,3],"46":[0,0],"47":[1,2],"48":[1,0],"49":[1,0],"50":[1,1],"51":[0,4],"52":[1,3],"53":[4,2],"54":[1,1],"55":[1,0]},"_coverageSchema":"1a1c01bbd47fc00a2c39e90264f33305004495a9","hash":"c292a7934f5e5f9fa4aaff52540dc7dd5e1afea3"}
,"C:\\Users\\ASUS\\Desktop\\4.sınıf\\yedek\\isg-ap\\middleware\\authMiddleware.js": {"path":"C:\\Users\\ASUS\\Desktop\\4.sınıf\\yedek\\isg-ap\\middleware\\authMiddleware.js","statementMap":{"0":{"start":{"line":2,"column":19},"end":{"line":2,"column":42}},"1":{"start":{"line":3,"column":19},"end":{"line":3,"column":44}},"2":{"start":{"line":9,"column":22},"end":{"line":47,"column":1}},"3":{"start":{"line":10,"column":2},"end":{"line":46,"column":3}},"4":{"start":{"line":14,"column":4},"end":{"line":20,"column":5}},"5":{"start":{"line":15,"column":6},"end":{"line":15,"column":54}},"6":{"start":{"line":18,"column":9},"end":{"line":20,"column":5}},"7":{"start":{"line":19,"column":6},"end":{"line":19,"column":32}},"8":{"start":{"line":22,"column":4},"end":{"line":24,"column":5}},"9":{"start":{"line":23,"column":6},"end":{"line":23,"column":103}},"10":{"start":{"line":27,"column":20},"end":{"line":27,"column":61}},"11":{"start":{"line":30,"column":22},"end":{"line":30,"column":75}},"12":{"start":{"line":31,"column":4},"end":{"line":33,"column":5}},"13":{"start":{"line":32,"column":6},"end":{"line":32,"column":92}},"14":{"start":{"line":34,"column":4},"end":{"line":36,"column":5}},"15":{"start":{"line":35,"column":6},"end":{"line":35,"column":96}},"16":{"start":{"line":39,"column":4},"end":{"line":39,"column":30}},"17":{"start":{"line":40,"column":4},"end":{"line":40,"column":11}},"18":{"start":{"line":42,"column":4},"end":{"line":44,"column":5}},"19":{"start":{"line":43,"column":6},"end":{"line":43,"column":104}},"20":{"start":{"line":45,"column":4},"end":{"line":45,"column":77}},"21":{"start":{"line":49,"column":0},"end":{"line":49,"column":31}}},"fnMap":{"0":{"name":"(anonymous_0)","decl":{"start":{"line":9,"column":22},"end":{"line":9,"column":23}},"loc":{"start":{"line":9,"column":48},"end":{"line":47,"column":1}},"line":9}},"branchMap":{"0":{"loc":{"start":{"line":14,"column":4},"end":{"line":20,"column":5}},"type":"if","locations":[{"start":{"line":14,"column":4},"end":{"line":20,"column":5}},{"start":{"line":18,"column":9},"end":{"line":20,"column":5}}],"line":14},"1":{"loc":{"start":{"line":18,"column":9},"end":{"line":20,"column":5}},"type":"if","locations":[{"start":{"line":18,"column":9},"end":{"line":20,"column":5}},{"start":{},"end":{}}],"line":18},"2":{"loc":{"start":{"line":22,"column":4},"end":{"line":24,"column":5}},"type":"if","locations":[{"start":{"line":22,"column":4},"end":{"line":24,"column":5}},{"start":{},"end":{}}],"line":22},"3":{"loc":{"start":{"line":31,"column":4},"end":{"line":33,"column":5}},"type":"if","locations":[{"start":{"line":31,"column":4},"end":{"line":33,"column":5}},{"start":{},"end":{}}],"line":31},"4":{"loc":{"start":{"line":34,"column":4},"end":{"line":36,"column":5}},"type":"if","locations":[{"start":{"line":34,"column":4},"end":{"line":36,"column":5}},{"start":{},"end":{}}],"line":34},"5":{"loc":{"start":{"line":42,"column":4},"end":{"line":44,"column":5}},"type":"if","locations":[{"start":{"line":42,"column":4},"end":{"line":44,"column":5}},{"start":{},"end":{}}],"line":42}},"s":{"0":4,"1":4,"2":4,"3":19,"4":19,"5":16,"6":3,"7":0,"8":19,"9":3,"10":16,"11":12,"12":12,"13":1,"14":11,"15":1,"16":10,"17":10,"18":4,"19":2,"20":2,"21":4},"f":{"0":19},"b":{"0":[16,3],"1":[0,3],"2":[3,16],"3":[1,11],"4":[1,10],"5":[2,2]},"_coverageSchema":"1a1c01bbd47fc00a2c39e90264f33305004495a9","hash":"f1d67ae9ee349c2ae9041096828a259a16ffc01b"}
,"C:\\Users\\ASUS\\Desktop\\4.sınıf\\yedek\\isg-ap\\middleware\\roleMiddleware.js": {"path":"C:\\Users\\ASUS\\Desktop\\4.sınıf\\yedek\\isg-ap\\middleware\\roleMiddleware.js","statementMap":{"0":{"start":{"line":7,"column":19},"end":{"line":20,"column":1}},"1":{"start":{"line":8,"column":2},"end":{"line":19,"column":4}},"2":{"start":{"line":9,"column":4},"end":{"line":11,"column":5}},"3":{"start":{"line":10,"column":6},"end":{"line":10,"column":85}},"4":{"start":{"line":12,"column":4},"end":{"line":17,"column":5}},"5":{"start":{"line":13,"column":6},"end":{"line":16,"column":9}},"6":{"start":{"line":18,"column":4},"end":{"line":18,"column":11}},"7":{"start":{"line":22,"column":0},"end":{"line":22,"column":28}}},"fnMap":{"0":{"name":"(anonymous_0)","decl":{"start":{"line":7,"column":19},"end":{"line":7,"column":20}},"loc":{"start":{"line":7,"column":40},"end":{"line":20,"column":1}},"line":7},"1":{"name":"(anonymous_1)","decl":{"start":{"line":8,"column":9},"end":{"line":8,"column":10}},"loc":{"start":{"line":8,"column":29},"end":{"line":19,"column":3}},"line":8}},"branchMap":{"0":{"loc":{"start":{"line":9,"column":4},"end":{"line":11,"column":5}},"type":"if","locations":[{"start":{"line":9,"column":4},"end":{"line":11,"column":5}},{"start":{},"end":{}}],"line":9},"1":{"loc":{"start":{"line":12,"column":4},"end":{"line":17,"column":5}},"type":"if","locations":[{"start":{"line":12,"column":4},"end":{"line":17,"column":5}},{"start":{},"end":{}}],"line":12}},"s":{"0":3,"1":90,"2":6,"3":0,"4":6,"5":1,"6":5,"7":3},"f":{"0":90,"1":6},"b":{"0":[0,6],"1":[1,5]},"_coverageSchema":"1a1c01bbd47fc00a2c39e90264f33305004495a9","hash":"affd92e2dddb9d738be6f340431ff6414fc78b7e"}
}
