TN:
SF:controllers\firmaController.js
FN:8,(anonymous_0)
FN:46,(anonymous_1)
FN:73,(anonymous_2)
FN:80,(anonymous_3)
FN:124,(anonymous_4)
FN:132,(anonymous_5)
FN:140,(anonymous_6)
FN:169,(anonymous_7)
FN:174,(anonymous_8)
FN:194,(anonymous_9)
FN:216,(anonymous_10)
FNF:11
FNH:8
FNDA:6,(anonymous_0)
FNDA:4,(anonymous_1)
FNDA:8,(anonymous_2)
FNDA:0,(anonymous_3)
FNDA:2,(anonymous_4)
FNDA:6,(anonymous_5)
FNDA:0,(anonymous_6)
FNDA:1,(anonymous_7)
FNDA:0,(anonymous_8)
FNDA:3,(anonymous_9)
FNDA:1,(anonymous_10)
DA:2,4
DA:3,4
DA:4,4
DA:5,4
DA:8,4
DA:9,6
DA:10,6
DA:11,6
DA:12,6
DA:13,6
DA:15,6
DA:18,1
DA:19,1
DA:21,0
DA:22,0
DA:26,6
DA:27,0
DA:29,6
DA:32,6
DA:34,6
DA:39,5
DA:41,1
DA:46,4
DA:47,4
DA:48,4
DA:52,4
DA:54,3
DA:55,3
DA:58,3
DA:59,1
DA:62,2
DA:63,1
DA:66,1
DA:68,0
DA:73,4
DA:74,8
DA:75,8
DA:76,1
DA:79,7
DA:80,7
DA:81,0
DA:85,7
DA:86,5
DA:87,5
DA:88,3
DA:89,2
DA:92,7
DA:95,7
DA:98,5
DA:99,1
DA:102,1
DA:105,1
DA:106,0
DA:114,0
DA:116,1
DA:121,5
DA:123,2
DA:124,2
DA:125,2
DA:127,0
DA:132,4
DA:133,6
DA:134,6
DA:135,6
DA:136,1
DA:139,5
DA:140,5
DA:141,0
DA:144,5
DA:145,5
DA:147,4
DA:148,4
DA:150,4
DA:151,1
DA:153,3
DA:154,1
DA:157,2
DA:158,0
DA:159,0
DA:160,0
DA:161,0
DA:166,2
DA:168,1
DA:169,1
DA:170,1
DA:173,1
DA:174,1
DA:175,0
DA:177,1
DA:180,1
DA:183,2
DA:188,2
DA:190,0
DA:194,4
DA:195,3
DA:196,3
DA:198,3
DA:199,1
DA:202,2
DA:208,2
DA:209,1
DA:211,0
DA:216,4
DA:217,1
DA:218,1
DA:219,1
DA:225,1
DA:230,1
DA:235,0
LF:109
LH:92
BRDA:15,0,0,5
BRDA:15,0,1,1
BRDA:18,1,0,1
BRDA:18,1,1,0
BRDA:18,2,0,1
BRDA:18,2,1,0
BRDA:21,3,0,0
BRDA:21,3,1,0
BRDA:26,4,0,0
BRDA:26,4,1,6
BRDA:32,5,0,0
BRDA:32,5,1,6
BRDA:52,6,0,1
BRDA:52,6,1,3
BRDA:58,7,0,1
BRDA:58,7,1,2
BRDA:58,8,0,3
BRDA:58,8,1,1
BRDA:62,9,0,1
BRDA:62,9,1,1
BRDA:62,10,0,2
BRDA:62,10,1,1
BRDA:62,10,2,1
BRDA:75,11,0,1
BRDA:75,11,1,7
BRDA:81,12,0,0
BRDA:81,12,1,0
BRDA:85,13,0,5
BRDA:85,13,1,2
BRDA:87,14,0,2
BRDA:87,14,1,3
BRDA:87,15,0,5
BRDA:87,15,1,4
BRDA:88,16,0,1
BRDA:88,16,1,2
BRDA:98,17,0,1
BRDA:98,17,1,4
BRDA:105,18,0,0
BRDA:105,18,1,1
BRDA:107,19,0,0
BRDA:107,19,1,0
BRDA:123,20,0,2
BRDA:123,20,1,0
BRDA:135,21,0,1
BRDA:135,21,1,5
BRDA:135,22,0,6
BRDA:135,22,1,6
BRDA:135,22,2,5
BRDA:141,23,0,0
BRDA:141,23,1,0
BRDA:145,24,0,1
BRDA:145,24,1,4
BRDA:150,25,0,1
BRDA:150,25,1,3
BRDA:153,26,0,1
BRDA:153,26,1,2
BRDA:153,27,0,3
BRDA:153,27,1,2
BRDA:153,27,2,1
BRDA:157,28,0,0
BRDA:157,28,1,2
BRDA:159,29,0,0
BRDA:159,29,1,0
BRDA:159,30,0,0
BRDA:159,30,1,0
BRDA:160,31,0,0
BRDA:160,31,1,0
BRDA:166,32,0,1
BRDA:166,32,1,1
BRDA:198,33,0,1
BRDA:198,33,1,2
BRDA:198,34,0,3
BRDA:198,34,1,3
BRDA:198,34,2,2
BRDA:208,35,0,1
BRDA:208,35,1,1
BRF:76
BRH:55
end_of_record
TN:
SF:controllers\personelController.js
FN:7,(anonymous_0)
FN:16,(anonymous_1)
FN:27,(anonymous_2)
FN:39,(anonymous_3)
FN:61,(anonymous_4)
FN:71,(anonymous_5)
FN:118,(anonymous_6)
FN:125,(anonymous_7)
FN:170,(anonymous_8)
FN:177,(anonymous_9)
FN:187,(anonymous_10)
FN:201,(anonymous_11)
FN:202,(anonymous_12)
FNF:13
FNH:13
FNDA:3,(anonymous_0)
FNDA:5,(anonymous_1)
FNDA:4,(anonymous_2)
FNDA:1,(anonymous_3)
FNDA:2,(anonymous_4)
FNDA:7,(anonymous_5)
FNDA:1,(anonymous_6)
FNDA:4,(anonymous_7)
FNDA:1,(anonymous_8)
FNDA:2,(anonymous_9)
FNDA:4,(anonymous_10)
FNDA:2,(anonymous_11)
FNDA:6,(anonymous_12)
DA:2,4
DA:3,4
DA:4,4
DA:5,4
DA:7,4
DA:8,3
DA:9,0
DA:10,0
DA:11,0
DA:13,0
DA:16,4
DA:17,5
DA:18,5
DA:19,5
DA:20,3
DA:22,2
DA:23,2
DA:24,0
DA:27,4
DA:28,4
DA:29,4
DA:30,4
DA:31,4
DA:32,4
DA:34,4
DA:35,2
DA:39,1
DA:41,2
DA:42,1
DA:45,3
DA:46,3
DA:47,3
DA:48,3
DA:49,3
DA:51,3
DA:55,3
DA:57,1
DA:61,4
DA:62,2
DA:63,2
DA:64,2
DA:65,1
DA:67,0
DA:71,4
DA:72,7
DA:73,7
DA:74,7
DA:76,6
DA:79,5
DA:80,5
DA:81,1
DA:82,1
DA:83,1
DA:86,0
DA:90,0
DA:91,0
DA:98,4
DA:99,4
DA:101,3
DA:102,3
DA:104,3
DA:112,3
DA:113,2
DA:115,2
DA:117,1
DA:118,1
DA:119,1
DA:121,0
DA:125,4
DA:126,4
DA:127,4
DA:129,4
DA:130,4
DA:133,3
DA:134,3
DA:135,0
DA:136,0
DA:137,0
DA:140,0
DA:145,0
DA:146,0
DA:153,3
DA:154,3
DA:155,3
DA:156,3
DA:158,3
DA:159,1
DA:160,1
DA:161,0
DA:164,2
DA:165,1
DA:167,1
DA:169,1
DA:170,1
DA:171,1
DA:173,0
DA:177,4
DA:178,2
DA:179,2
DA:180,2
DA:181,1
DA:183,0
DA:187,4
DA:188,4
DA:189,4
DA:190,4
DA:191,4
DA:192,4
DA:194,4
DA:195,4
DA:196,4
DA:198,4
DA:200,3
DA:201,3
DA:202,2
DA:203,6
DA:204,2
DA:205,2
DA:206,1
DA:208,2
DA:209,2
DA:210,2
DA:213,3
DA:215,1
LF:124
LH:105
BRDA:8,0,0,3
BRDA:8,0,1,0
BRDA:9,1,0,0
BRDA:9,1,1,0
BRDA:9,2,0,0
BRDA:9,2,1,0
BRDA:17,3,0,0
BRDA:17,3,1,5
BRDA:19,4,0,3
BRDA:19,4,1,2
BRDA:19,5,0,5
BRDA:19,5,1,3
BRDA:23,6,0,2
BRDA:23,6,1,0
BRDA:34,7,0,2
BRDA:34,7,1,2
BRDA:34,8,0,4
BRDA:34,8,1,2
BRDA:41,9,0,1
BRDA:41,9,1,1
BRDA:45,10,0,0
BRDA:45,10,1,3
BRDA:45,11,0,3
BRDA:45,11,1,0
BRDA:46,12,0,0
BRDA:46,12,1,3
BRDA:48,13,0,0
BRDA:48,13,1,3
BRDA:49,14,0,0
BRDA:49,14,1,3
BRDA:64,15,0,1
BRDA:64,15,1,1
BRDA:73,16,0,0
BRDA:73,16,1,7
BRDA:74,17,0,1
BRDA:74,17,1,6
BRDA:76,18,0,1
BRDA:76,18,1,5
BRDA:79,19,0,5
BRDA:79,19,1,4
BRDA:80,20,0,1
BRDA:80,20,1,4
BRDA:82,21,0,1
BRDA:82,21,1,0
BRDA:90,22,0,0
BRDA:90,22,1,0
BRDA:99,23,0,1
BRDA:99,23,1,3
BRDA:102,24,0,0
BRDA:102,24,1,3
BRDA:106,25,0,3
BRDA:106,25,1,1
BRDA:107,26,0,3
BRDA:107,26,1,3
BRDA:108,27,0,3
BRDA:108,27,1,2
BRDA:108,27,2,2
BRDA:109,28,0,3
BRDA:109,28,1,3
BRDA:117,29,0,1
BRDA:117,29,1,0
BRDA:127,30,0,0
BRDA:127,30,1,4
BRDA:130,31,0,1
BRDA:130,31,1,3
BRDA:133,32,0,3
BRDA:133,32,1,3
BRDA:134,33,0,0
BRDA:134,33,1,3
BRDA:134,34,0,3
BRDA:134,34,1,0
BRDA:136,35,0,0
BRDA:136,35,1,0
BRDA:145,36,0,0
BRDA:145,36,1,0
BRDA:153,37,0,2
BRDA:153,37,1,1
BRDA:153,38,0,3
BRDA:153,38,1,1
BRDA:153,39,0,2
BRDA:153,39,1,0
BRDA:154,40,0,0
BRDA:154,40,1,3
BRDA:155,41,0,1
BRDA:155,41,1,2
BRDA:155,42,0,3
BRDA:155,42,1,2
BRDA:155,43,0,1
BRDA:155,43,1,0
BRDA:156,44,0,0
BRDA:156,44,1,3
BRDA:156,45,0,3
BRDA:156,45,1,3
BRDA:156,46,0,0
BRDA:156,46,1,0
BRDA:158,47,0,1
BRDA:158,47,1,2
BRDA:160,48,0,1
BRDA:160,48,1,0
BRDA:169,49,0,1
BRDA:169,49,1,0
BRDA:180,50,0,1
BRDA:180,50,1,1
BRDA:191,51,0,0
BRDA:191,51,1,4
BRDA:192,52,0,1
BRDA:192,52,1,3
BRDA:203,53,0,4
BRDA:203,53,1,2
BRDA:205,54,0,1
BRDA:205,54,1,1
BRDA:206,55,0,1
BRDA:206,55,1,0
BRF:113
BRH:78
end_of_record
TN:
SF:middleware\authMiddleware.js
FN:9,(anonymous_0)
FNF:1
FNH:1
FNDA:19,(anonymous_0)
DA:2,4
DA:3,4
DA:9,4
DA:10,19
DA:14,19
DA:15,16
DA:18,3
DA:19,0
DA:22,19
DA:23,3
DA:27,16
DA:30,12
DA:31,12
DA:32,1
DA:34,11
DA:35,1
DA:39,10
DA:40,10
DA:42,4
DA:43,2
DA:45,2
DA:49,4
LF:22
LH:21
BRDA:14,0,0,16
BRDA:14,0,1,3
BRDA:18,1,0,0
BRDA:18,1,1,3
BRDA:22,2,0,3
BRDA:22,2,1,16
BRDA:31,3,0,1
BRDA:31,3,1,11
BRDA:34,4,0,1
BRDA:34,4,1,10
BRDA:42,5,0,2
BRDA:42,5,1,2
BRF:12
BRH:11
end_of_record
TN:
SF:middleware\roleMiddleware.js
FN:7,(anonymous_0)
FN:8,(anonymous_1)
FNF:2
FNH:2
FNDA:90,(anonymous_0)
FNDA:6,(anonymous_1)
DA:7,3
DA:8,90
DA:9,6
DA:10,0
DA:12,6
DA:13,1
DA:18,5
DA:22,3
LF:8
LH:7
BRDA:9,0,0,0
BRDA:9,0,1,6
BRDA:12,1,0,1
BRDA:12,1,1,5
BRF:4
BRH:3
end_of_record
