TN:
SF:controllers\authController.js
FN:9,(anonymous_0)
FN:20,(anonymous_1)
FN:89,(anonymous_2)
FN:139,(anonymous_3)
FN:154,(anonymous_4)
FN:201,(anonymous_5)
FN:231,(anonymous_6)
FN:280,(anonymous_7)
FN:311,(anonymous_8)
FN:323,(anonymous_9)
FN:346,(anonymous_10)
FN:366,(anonymous_11)
FN:426,(anonymous_12)
FNF:13
FNH:9
FNDA:3,(anonymous_0)
FNDA:6,(anonymous_1)
FNDA:5,(anonymous_2)
FNDA:1,(anonymous_3)
FNDA:0,(anonymous_4)
FNDA:0,(anonymous_5)
FNDA:6,(anonymous_6)
FNDA:3,(anonymous_7)
FNDA:1,(anonymous_8)
FNDA:3,(anonymous_9)
FNDA:3,(anonymous_10)
FNDA:0,(anonymous_11)
FNDA:0,(anonymous_12)
DA:2,1
DA:3,1
DA:4,1
DA:5,1
DA:6,1
DA:7,1
DA:9,1
DA:10,3
DA:20,1
DA:21,6
DA:22,6
DA:25,6
DA:26,1
DA:28,5
DA:29,1
DA:31,4
DA:32,1
DA:36,3
DA:37,3
DA:40,2
DA:43,3
DA:46,3
DA:47,3
DA:48,1
DA:52,2
DA:62,2
DA:64,2
DA:80,0
DA:81,0
DA:83,0
DA:89,1
DA:90,5
DA:91,5
DA:93,5
DA:94,1
DA:97,4
DA:98,4
DA:100,4
DA:101,1
DA:104,3
DA:105,3
DA:106,1
DA:109,2
DA:110,1
DA:113,1
DA:114,1
DA:116,1
DA:118,1
DA:132,0
DA:139,1
DA:140,1
DA:141,1
DA:146,0
DA:154,1
DA:155,0
DA:156,0
DA:157,0
DA:160,0
DA:161,0
DA:162,0
DA:166,0
DA:167,0
DA:168,0
DA:169,0
DA:170,0
DA:172,0
DA:178,0
DA:179,0
DA:180,0
DA:182,0
DA:190,0
DA:191,0
DA:193,0
DA:201,1
DA:202,0
DA:203,0
DA:204,0
DA:205,0
DA:208,0
DA:209,0
DA:210,0
DA:211,0
DA:213,0
DA:214,0
DA:217,0
DA:223,0
DA:231,1
DA:232,6
DA:233,6
DA:235,6
DA:236,1
DA:239,5
DA:240,1
DA:243,4
DA:244,1
DA:247,3
DA:248,1
DA:252,2
DA:253,2
DA:254,0
DA:258,2
DA:259,2
DA:260,1
DA:264,1
DA:265,1
DA:267,1
DA:273,0
DA:280,1
DA:281,3
DA:282,3
DA:284,3
DA:285,1
DA:288,2
DA:290,2
DA:291,2
DA:292,1
DA:295,1
DA:297,1
DA:302,1
DA:304,0
DA:311,1
DA:312,1
DA:313,1
DA:314,1
DA:316,0
DA:323,1
DA:324,3
DA:325,3
DA:326,3
DA:328,3
DA:329,1
DA:332,2
DA:333,1
DA:336,1
DA:337,1
DA:339,0
DA:346,1
DA:347,3
DA:348,3
DA:349,1
DA:352,2
DA:353,2
DA:354,1
DA:357,1
DA:359,0
DA:366,1
DA:367,0
DA:368,0
DA:370,0
DA:371,0
DA:374,0
DA:375,0
DA:377,0
DA:378,0
DA:384,0
DA:385,0
DA:391,0
DA:392,0
DA:394,0
DA:395,0
DA:397,0
DA:398,0
DA:404,0
DA:409,0
DA:410,0
DA:411,0
DA:413,0
DA:414,0
DA:419,0
DA:426,1
DA:427,0
DA:428,0
DA:429,0
DA:431,0
DA:432,0
DA:435,0
DA:440,0
DA:445,0
DA:446,0
DA:451,0
DA:452,0
DA:453,0
DA:454,0
DA:456,0
DA:461,0
LF:185
LH:105
BRDA:25,0,0,1
BRDA:25,0,1,5
BRDA:25,1,0,6
BRDA:25,1,1,5
BRDA:25,1,2,5
BRDA:28,2,0,1
BRDA:28,2,1,4
BRDA:31,3,0,1
BRDA:31,3,1,3
BRDA:31,4,0,4
BRDA:31,4,1,1
BRDA:37,5,0,2
BRDA:37,5,1,1
BRDA:37,6,0,3
BRDA:37,6,1,2
BRDA:47,7,0,1
BRDA:47,7,1,2
BRDA:80,8,0,0
BRDA:80,8,1,0
BRDA:93,9,0,1
BRDA:93,9,1,4
BRDA:93,10,0,5
BRDA:93,10,1,5
BRDA:100,11,0,1
BRDA:100,11,1,3
BRDA:105,12,0,1
BRDA:105,12,1,2
BRDA:109,13,0,1
BRDA:109,13,1,1
BRDA:156,14,0,0
BRDA:156,14,1,0
BRDA:161,15,0,0
BRDA:161,15,1,0
BRDA:166,16,0,0
BRDA:166,16,1,0
BRDA:168,17,0,0
BRDA:168,17,1,0
BRDA:190,18,0,0
BRDA:190,18,1,0
BRDA:190,19,0,0
BRDA:190,19,1,0
BRDA:204,20,0,0
BRDA:204,20,1,0
BRDA:208,21,0,0
BRDA:208,21,1,0
BRDA:210,22,0,0
BRDA:210,22,1,0
BRDA:235,23,0,1
BRDA:235,23,1,5
BRDA:235,24,0,6
BRDA:235,24,1,6
BRDA:235,24,2,5
BRDA:239,25,0,1
BRDA:239,25,1,4
BRDA:243,26,0,1
BRDA:243,26,1,3
BRDA:247,27,0,1
BRDA:247,27,1,2
BRDA:253,28,0,0
BRDA:253,28,1,2
BRDA:259,29,0,1
BRDA:259,29,1,1
BRDA:284,30,0,1
BRDA:284,30,1,2
BRDA:284,31,0,3
BRDA:284,31,1,2
BRDA:284,31,2,2
BRDA:291,32,0,1
BRDA:291,32,1,1
BRDA:295,33,0,0
BRDA:295,33,1,1
BRDA:299,34,0,1
BRDA:299,34,1,1
BRDA:328,35,0,1
BRDA:328,35,1,2
BRDA:332,36,0,1
BRDA:332,36,1,1
BRDA:348,37,0,1
BRDA:348,37,1,2
BRDA:353,38,0,1
BRDA:353,38,1,1
BRDA:370,39,0,0
BRDA:370,39,1,0
BRDA:377,40,0,0
BRDA:377,40,1,0
BRDA:384,41,0,0
BRDA:384,41,1,0
BRDA:394,42,0,0
BRDA:394,42,1,0
BRDA:431,43,0,0
BRDA:431,43,1,0
BRDA:431,44,0,0
BRDA:431,44,1,0
BRDA:445,45,0,0
BRDA:445,45,1,0
BRF:95
BRH:59
end_of_record
TN:
SF:controllers\dokumanController.js
FN:8,(anonymous_0)
FN:31,(anonymous_1)
FN:41,(anonymous_2)
FN:57,(anonymous_3)
FN:82,(anonymous_4)
FN:102,(anonymous_5)
FN:115,(anonymous_6)
FN:130,(anonymous_7)
FN:139,_dataUrlToAttachment
FN:151,_trTarih
FN:158,_difDofMailSablonu
FN:201,(anonymous_11)
FN:224,(anonymous_12)
FN:235,(anonymous_13)
FN:240,(anonymous_14)
FN:253,(anonymous_15)
FN:270,(anonymous_16)
FN:287,(anonymous_17)
FN:306,(anonymous_18)
FN:331,(anonymous_19)
FN:345,(anonymous_20)
FN:354,(anonymous_21)
FN:372,(anonymous_22)
FN:373,(anonymous_23)
FN:374,(anonymous_24)
FN:397,(anonymous_25)
FN:444,(anonymous_26)
FN:473,(anonymous_27)
FN:499,(anonymous_28)
FN:533,(anonymous_29)
FN:551,(anonymous_30)
FN:568,(anonymous_31)
FN:585,(anonymous_32)
FN:603,(anonymous_33)
FN:617,(anonymous_34)
FN:641,(anonymous_35)
FN:675,(anonymous_36)
FN:698,(anonymous_37)
FN:725,(anonymous_38)
FN:750,(anonymous_39)
FN:782,(anonymous_40)
FN:817,(anonymous_41)
FN:844,(anonymous_42)
FN:869,(anonymous_43)
FN:947,(anonymous_44)
FN:960,(anonymous_45)
FN:979,(anonymous_46)
FN:994,(anonymous_47)
FNF:48
FNH:25
FNDA:4,(anonymous_0)
FNDA:2,(anonymous_1)
FNDA:2,(anonymous_2)
FNDA:1,(anonymous_3)
FNDA:1,(anonymous_4)
FNDA:2,(anonymous_5)
FNDA:1,(anonymous_6)
FNDA:3,(anonymous_7)
FNDA:0,_dataUrlToAttachment
FNDA:2,_trTarih
FNDA:1,_difDofMailSablonu
FNDA:2,(anonymous_11)
FNDA:0,(anonymous_12)
FNDA:0,(anonymous_13)
FNDA:0,(anonymous_14)
FNDA:0,(anonymous_15)
FNDA:0,(anonymous_16)
FNDA:0,(anonymous_17)
FNDA:0,(anonymous_18)
FNDA:0,(anonymous_19)
FNDA:0,(anonymous_20)
FNDA:0,(anonymous_21)
FNDA:0,(anonymous_22)
FNDA:0,(anonymous_23)
FNDA:0,(anonymous_24)
FNDA:2,(anonymous_25)
FNDA:0,(anonymous_26)
FNDA:0,(anonymous_27)
FNDA:3,(anonymous_28)
FNDA:0,(anonymous_29)
FNDA:0,(anonymous_30)
FNDA:0,(anonymous_31)
FNDA:0,(anonymous_32)
FNDA:0,(anonymous_33)
FNDA:0,(anonymous_34)
FNDA:6,(anonymous_35)
FNDA:1,(anonymous_36)
FNDA:3,(anonymous_37)
FNDA:1,(anonymous_38)
FNDA:3,(anonymous_39)
FNDA:1,(anonymous_40)
FNDA:5,(anonymous_41)
FNDA:1,(anonymous_42)
FNDA:4,(anonymous_43)
FNDA:2,(anonymous_44)
FNDA:2,(anonymous_45)
FNDA:3,(anonymous_46)
FNDA:0,(anonymous_47)
DA:2,2
DA:3,2
DA:4,2
DA:5,2
DA:8,2
DA:9,4
DA:10,4
DA:11,4
DA:13,4
DA:16,4
DA:17,1
DA:20,4
DA:21,4
DA:22,4
DA:24,4
DA:30,3
DA:31,2
DA:34,3
DA:36,1
DA:41,2
DA:42,2
DA:43,2
DA:47,2
DA:48,1
DA:50,1
DA:52,0
DA:57,2
DA:58,1
DA:59,1
DA:61,1
DA:69,1
DA:72,1
DA:73,1
DA:75,1
DA:77,0
DA:82,2
DA:83,1
DA:84,1
DA:92,1
DA:93,1
DA:95,0
DA:97,0
DA:102,2
DA:103,2
DA:104,2
DA:105,2
DA:106,1
DA:108,1
DA:110,0
DA:115,2
DA:116,1
DA:117,1
DA:119,1
DA:120,0
DA:123,1
DA:129,1
DA:130,3
DA:133,1
DA:135,0
DA:140,0
DA:141,0
DA:142,0
DA:143,0
DA:152,2
DA:153,2
DA:154,2
DA:155,2
DA:159,1
DA:163,1
DA:201,2
DA:202,2
DA:203,2
DA:204,2
DA:205,2
DA:206,2
DA:207,2
DA:210,2
DA:211,2
DA:213,1
DA:214,0
DA:215,1
DA:216,0
DA:218,1
DA:221,1
DA:224,1
DA:225,0
DA:226,0
DA:227,0
DA:228,0
DA:232,1
DA:233,1
DA:235,1
DA:236,0
DA:240,1
DA:241,0
DA:244,0
DA:252,0
DA:253,0
DA:254,0
DA:255,0
DA:256,0
DA:257,0
DA:258,0
DA:269,0
DA:270,0
DA:271,0
DA:272,0
DA:273,0
DA:274,0
DA:275,0
DA:286,0
DA:287,0
DA:288,0
DA:289,0
DA:290,0
DA:291,0
DA:292,0
DA:293,0
DA:304,0
DA:305,0
DA:306,0
DA:307,0
DA:308,0
DA:309,0
DA:310,0
DA:311,0
DA:323,0
DA:331,0
DA:332,0
DA:333,0
DA:334,0
DA:335,0
DA:336,0
DA:341,1
DA:342,1
DA:345,0
DA:346,0
DA:349,1
DA:353,1
DA:354,1
DA:355,0
DA:356,0
DA:358,0
DA:359,0
DA:360,0
DA:361,0
DA:363,0
DA:372,1
DA:373,1
DA:374,1
DA:377,1
DA:390,0
DA:391,0
DA:397,2
DA:398,2
DA:399,2
DA:400,2
DA:401,2
DA:402,2
DA:405,2
DA:406,2
DA:408,2
DA:409,2
DA:410,1
DA:415,1
DA:420,1
DA:421,1
DA:424,0
DA:433,0
DA:443,0
DA:444,0
DA:447,0
DA:448,0
DA:449,0
DA:450,0
DA:451,0
DA:454,0
DA:473,0
DA:475,0
DA:491,0
DA:492,0
DA:499,2
DA:500,3
DA:501,3
DA:502,3
DA:503,3
DA:506,3
DA:507,3
DA:509,3
DA:510,3
DA:511,1
DA:515,2
DA:520,2
DA:521,1
DA:524,1
DA:525,1
DA:528,1
DA:529,1
DA:530,1
DA:531,1
DA:533,1
DA:534,0
DA:548,1
DA:549,0
DA:550,0
DA:551,0
DA:552,0
DA:553,0
DA:554,0
DA:565,1
DA:566,0
DA:567,0
DA:568,0
DA:569,0
DA:570,0
DA:571,0
DA:582,1
DA:583,0
DA:584,0
DA:585,0
DA:586,0
DA:587,0
DA:588,0
DA:599,1
DA:600,0
DA:601,0
DA:602,0
DA:603,0
DA:604,0
DA:617,1
DA:618,0
DA:619,0
DA:620,0
DA:623,1
DA:632,0
DA:633,0
DA:641,2
DA:642,6
DA:643,6
DA:644,6
DA:645,6
DA:647,6
DA:648,1
DA:651,5
DA:652,5
DA:653,1
DA:657,4
DA:658,4
DA:661,4
DA:662,1
DA:665,3
DA:666,3
DA:668,3
DA:669,3
DA:670,1
DA:673,2
DA:674,2
DA:675,2
DA:677,2
DA:678,1
DA:681,1
DA:682,1
DA:683,1
DA:684,1
DA:686,1
DA:688,0
DA:689,0
DA:698,2
DA:699,3
DA:700,3
DA:701,3
DA:702,3
DA:704,3
DA:705,1
DA:708,2
DA:709,2
DA:711,1
DA:712,1
DA:715,1
DA:717,1
DA:718,1
DA:720,1
DA:721,1
DA:723,1
DA:724,1
DA:725,1
DA:727,1
DA:729,1
DA:730,1
DA:731,1
DA:733,1
DA:734,1
DA:735,1
DA:736,1
DA:738,1
DA:740,0
DA:741,0
DA:750,2
DA:751,3
DA:752,3
DA:753,3
DA:754,3
DA:756,3
DA:758,3
DA:759,1
DA:762,2
DA:763,2
DA:765,1
DA:766,1
DA:769,1
DA:771,1
DA:772,1
DA:774,1
DA:775,1
DA:776,0
DA:778,1
DA:779,1
DA:782,1
DA:783,1
DA:784,1
DA:785,1
DA:789,1
DA:801,1
DA:803,1
DA:804,1
DA:805,1
DA:806,1
DA:808,1
DA:810,0
DA:811,0
DA:817,2
DA:818,5
DA:819,5
DA:820,5
DA:821,5
DA:823,5
DA:824,5
DA:826,5
DA:827,5
DA:830,4
DA:835,4
DA:837,3
DA:839,3
DA:840,2
DA:841,2
DA:842,2
DA:844,2
DA:845,2
DA:847,1
DA:855,1
DA:861,0
DA:862,0
DA:869,2
DA:870,4
DA:871,4
DA:872,4
DA:873,4
DA:875,4
DA:877,4
DA:878,1
DA:884,3
DA:885,3
DA:886,1
DA:889,2
DA:890,2
DA:892,1
DA:893,1
DA:897,1
DA:898,0
DA:901,1
DA:902,1
DA:904,1
DA:905,1
DA:906,0
DA:909,1
DA:910,1
DA:911,0
DA:914,1
DA:927,1
DA:928,1
DA:929,1
DA:930,1
DA:932,1
DA:939,0
DA:940,0
DA:947,2
DA:948,2
DA:949,2
DA:950,2
DA:951,2
DA:953,0
DA:960,2
DA:961,2
DA:962,2
DA:963,2
DA:965,2
DA:970,1
DA:972,1
DA:979,2
DA:980,3
DA:981,3
DA:983,3
DA:984,3
DA:986,2
DA:987,2
DA:988,1
DA:991,1
DA:992,1
DA:993,0
DA:994,0
DA:995,0
DA:996,0
DA:1000,1
DA:1007,1
DA:1014,1
DA:1016,0
DA:1017,0
LF:417
LH:285
BRDA:13,0,0,0
BRDA:13,0,1,4
BRDA:16,1,0,1
BRDA:16,1,1,3
BRDA:20,2,0,0
BRDA:20,2,1,4
BRDA:21,3,0,0
BRDA:21,3,1,4
BRDA:22,4,0,0
BRDA:22,4,1,4
BRDA:30,5,0,1
BRDA:30,5,1,2
BRDA:47,6,0,1
BRDA:47,6,1,1
BRDA:66,7,0,1
BRDA:66,7,1,0
BRDA:66,7,2,0
BRDA:92,8,0,1
BRDA:92,8,1,0
BRDA:105,9,0,1
BRDA:105,9,1,1
BRDA:119,10,0,0
BRDA:119,10,1,1
BRDA:130,11,0,3
BRDA:130,11,1,2
BRDA:140,12,0,0
BRDA:140,12,1,0
BRDA:140,13,0,0
BRDA:140,13,1,0
BRDA:140,13,2,0
BRDA:142,14,0,0
BRDA:142,14,1,0
BRDA:144,15,0,0
BRDA:144,15,1,0
BRDA:152,16,0,0
BRDA:152,16,1,2
BRDA:154,17,0,0
BRDA:154,17,1,2
BRDA:154,18,0,2
BRDA:154,18,1,2
BRDA:154,18,2,2
BRDA:159,19,0,0
BRDA:159,19,1,1
BRDA:160,20,0,0
BRDA:160,20,1,0
BRDA:160,21,0,0
BRDA:160,21,1,0
BRDA:176,22,0,1
BRDA:176,22,1,0
BRDA:178,23,0,1
BRDA:178,23,1,0
BRDA:179,24,0,1
BRDA:179,24,1,0
BRDA:181,25,0,1
BRDA:181,25,1,0
BRDA:211,26,0,1
BRDA:211,26,1,1
BRDA:213,27,0,0
BRDA:213,27,1,1
BRDA:213,28,0,1
BRDA:213,28,1,1
BRDA:215,29,0,0
BRDA:215,29,1,1
BRDA:225,30,0,0
BRDA:225,30,1,0
BRDA:236,31,0,0
BRDA:236,31,1,0
BRDA:241,32,0,0
BRDA:241,32,1,0
BRDA:252,33,0,0
BRDA:252,33,1,0
BRDA:254,34,0,0
BRDA:254,34,1,0
BRDA:255,35,0,0
BRDA:255,35,1,0
BRDA:257,36,0,0
BRDA:257,36,1,0
BRDA:269,37,0,0
BRDA:269,37,1,0
BRDA:272,38,0,0
BRDA:272,38,1,0
BRDA:274,39,0,0
BRDA:274,39,1,0
BRDA:286,40,0,0
BRDA:286,40,1,0
BRDA:290,41,0,0
BRDA:290,41,1,0
BRDA:292,42,0,0
BRDA:292,42,1,0
BRDA:294,43,0,0
BRDA:294,43,1,0
BRDA:304,44,0,0
BRDA:304,44,1,0
BRDA:305,45,0,0
BRDA:305,45,1,0
BRDA:308,46,0,0
BRDA:308,46,1,0
BRDA:310,47,0,0
BRDA:310,47,1,0
BRDA:312,48,0,0
BRDA:312,48,1,0
BRDA:333,49,0,0
BRDA:333,49,1,0
BRDA:335,50,0,0
BRDA:335,50,1,0
BRDA:342,51,0,1
BRDA:342,51,1,0
BRDA:355,52,0,0
BRDA:355,52,1,0
BRDA:356,53,0,0
BRDA:356,53,1,0
BRDA:356,54,0,0
BRDA:356,54,1,0
BRDA:358,55,0,0
BRDA:358,55,1,0
BRDA:359,56,0,0
BRDA:359,56,1,0
BRDA:361,57,0,0
BRDA:361,57,1,0
BRDA:364,58,0,0
BRDA:364,58,1,0
BRDA:364,58,2,0
BRDA:365,59,0,0
BRDA:365,59,1,0
BRDA:409,60,0,1
BRDA:409,60,1,1
BRDA:415,61,0,1
BRDA:415,61,1,1
BRDA:415,61,2,1
BRDA:415,61,3,1
BRDA:415,61,4,0
BRDA:420,62,0,1
BRDA:420,62,1,0
BRDA:424,63,0,0
BRDA:424,63,1,0
BRDA:443,64,0,0
BRDA:443,64,1,0
BRDA:444,65,0,0
BRDA:444,65,1,0
BRDA:447,66,0,0
BRDA:447,66,1,0
BRDA:448,67,0,0
BRDA:448,67,1,0
BRDA:449,68,0,0
BRDA:449,68,1,0
BRDA:450,69,0,0
BRDA:450,69,1,0
BRDA:451,70,0,0
BRDA:451,70,1,0
BRDA:480,71,0,0
BRDA:480,71,1,0
BRDA:481,72,0,0
BRDA:481,72,1,0
BRDA:510,73,0,1
BRDA:510,73,1,2
BRDA:515,74,0,2
BRDA:515,74,1,1
BRDA:515,74,2,1
BRDA:515,74,3,1
BRDA:515,74,4,0
BRDA:520,75,0,1
BRDA:520,75,1,1
BRDA:524,76,0,1
BRDA:524,76,1,0
BRDA:528,77,0,1
BRDA:528,77,1,0
BRDA:530,78,0,1
BRDA:530,78,1,1
BRDA:531,79,0,1
BRDA:531,79,1,1
BRDA:535,80,0,0
BRDA:535,80,1,0
BRDA:536,81,0,0
BRDA:536,81,1,0
BRDA:537,82,0,0
BRDA:537,82,1,0
BRDA:538,83,0,0
BRDA:538,83,1,0
BRDA:539,84,0,0
BRDA:539,84,1,0
BRDA:540,85,0,0
BRDA:540,85,1,0
BRDA:541,86,0,0
BRDA:541,86,1,0
BRDA:548,87,0,0
BRDA:548,87,1,1
BRDA:550,88,0,0
BRDA:550,88,1,0
BRDA:553,89,0,0
BRDA:553,89,1,0
BRDA:556,90,0,0
BRDA:556,90,1,0
BRDA:556,90,2,0
BRDA:557,91,0,0
BRDA:557,91,1,0
BRDA:565,92,0,0
BRDA:565,92,1,1
BRDA:567,93,0,0
BRDA:567,93,1,0
BRDA:570,94,0,0
BRDA:570,94,1,0
BRDA:573,95,0,0
BRDA:573,95,1,0
BRDA:574,96,0,0
BRDA:574,96,1,0
BRDA:582,97,0,0
BRDA:582,97,1,1
BRDA:584,98,0,0
BRDA:584,98,1,0
BRDA:587,99,0,0
BRDA:587,99,1,0
BRDA:589,100,0,0
BRDA:589,100,1,0
BRDA:590,101,0,0
BRDA:590,101,1,0
BRDA:591,102,0,0
BRDA:591,102,1,0
BRDA:599,103,0,0
BRDA:599,103,1,1
BRDA:601,104,0,0
BRDA:601,104,1,0
BRDA:602,105,0,0
BRDA:602,105,1,0
BRDA:605,106,0,0
BRDA:605,106,1,0
BRDA:605,107,0,0
BRDA:605,107,1,0
BRDA:606,108,0,0
BRDA:606,108,1,0
BRDA:607,109,0,0
BRDA:607,109,1,0
BRDA:610,110,0,0
BRDA:610,110,1,0
BRDA:618,111,0,0
BRDA:618,111,1,0
BRDA:618,111,2,0
BRDA:619,112,0,0
BRDA:619,112,1,0
BRDA:619,112,2,0
BRDA:647,113,0,1
BRDA:647,113,1,5
BRDA:647,114,0,6
BRDA:647,114,1,6
BRDA:647,114,2,5
BRDA:652,115,0,1
BRDA:652,115,1,4
BRDA:658,116,0,4
BRDA:658,116,1,1
BRDA:658,116,2,1
BRDA:661,117,0,1
BRDA:661,117,1,3
BRDA:665,118,0,3
BRDA:665,118,1,0
BRDA:669,119,0,1
BRDA:669,119,1,2
BRDA:673,120,0,2
BRDA:673,120,1,0
BRDA:674,121,0,2
BRDA:674,121,1,0
BRDA:677,122,0,1
BRDA:677,122,1,1
BRDA:704,123,0,1
BRDA:704,123,1,2
BRDA:704,124,0,3
BRDA:704,124,1,3
BRDA:704,124,2,2
BRDA:709,125,0,1
BRDA:709,125,1,1
BRDA:712,126,0,1
BRDA:712,126,1,0
BRDA:712,126,2,0
BRDA:715,127,0,0
BRDA:715,127,1,1
BRDA:717,128,0,1
BRDA:717,128,1,0
BRDA:721,129,0,0
BRDA:721,129,1,1
BRDA:723,130,0,1
BRDA:723,130,1,0
BRDA:724,131,0,1
BRDA:724,131,1,0
BRDA:727,132,0,0
BRDA:727,132,1,1
BRDA:729,133,0,1
BRDA:729,133,1,0
BRDA:730,134,0,0
BRDA:730,134,1,1
BRDA:758,135,0,1
BRDA:758,135,1,2
BRDA:758,136,0,3
BRDA:758,136,1,3
BRDA:758,136,2,2
BRDA:758,136,3,2
BRDA:758,136,4,2
BRDA:763,137,0,1
BRDA:763,137,1,1
BRDA:766,138,0,1
BRDA:766,138,1,0
BRDA:766,138,2,0
BRDA:769,139,0,0
BRDA:769,139,1,1
BRDA:771,140,0,1
BRDA:771,140,1,0
BRDA:775,141,0,0
BRDA:775,141,1,1
BRDA:778,142,0,1
BRDA:778,142,1,0
BRDA:779,143,0,1
BRDA:779,143,1,0
BRDA:783,144,0,1
BRDA:783,144,1,0
BRDA:792,145,0,1
BRDA:792,145,1,1
BRDA:792,145,2,0
BRDA:793,146,0,1
BRDA:793,146,1,0
BRDA:794,147,0,1
BRDA:794,147,1,0
BRDA:795,148,0,1
BRDA:795,148,1,0
BRDA:798,149,0,1
BRDA:798,149,1,0
BRDA:798,149,2,0
BRDA:827,150,0,1
BRDA:827,150,1,4
BRDA:830,151,0,4
BRDA:830,151,1,1
BRDA:830,151,2,1
BRDA:830,151,3,1
BRDA:830,151,4,0
BRDA:835,152,0,1
BRDA:835,152,1,3
BRDA:837,153,0,3
BRDA:837,153,1,0
BRDA:839,154,0,2
BRDA:839,154,1,1
BRDA:841,155,0,2
BRDA:841,155,1,0
BRDA:842,156,0,2
BRDA:842,156,1,0
BRDA:845,157,0,1
BRDA:845,157,1,1
BRDA:850,158,0,1
BRDA:850,158,1,0
BRDA:877,159,0,1
BRDA:877,159,1,3
BRDA:877,160,0,4
BRDA:877,160,1,4
BRDA:877,160,2,3
BRDA:877,160,3,3
BRDA:885,161,0,1
BRDA:885,161,1,2
BRDA:890,162,0,1
BRDA:890,162,1,1
BRDA:893,163,0,1
BRDA:893,163,1,0
BRDA:893,163,2,0
BRDA:897,164,0,0
BRDA:897,164,1,1
BRDA:901,165,0,1
BRDA:901,165,1,0
BRDA:905,166,0,0
BRDA:905,166,1,1
BRDA:909,167,0,1
BRDA:909,167,1,0
BRDA:910,168,0,0
BRDA:910,168,1,1
BRDA:917,169,0,1
BRDA:917,169,1,0
BRDA:917,169,2,0
BRDA:918,170,0,1
BRDA:918,170,1,0
BRDA:919,171,0,1
BRDA:919,171,1,0
BRDA:920,172,0,1
BRDA:920,172,1,0
BRDA:923,173,0,1
BRDA:923,173,1,0
BRDA:923,173,2,0
BRDA:951,174,0,2
BRDA:951,174,1,1
BRDA:984,175,0,1
BRDA:984,175,1,2
BRDA:986,176,0,2
BRDA:986,176,1,1
BRDA:987,177,0,1
BRDA:987,177,1,1
BRDA:992,178,0,0
BRDA:992,178,1,1
BRDA:992,179,0,1
BRDA:992,179,1,1
BRDA:995,180,0,0
BRDA:995,180,1,0
BRDA:996,181,0,0
BRDA:996,181,1,0
BRDA:1001,182,0,1
BRDA:1001,182,1,0
BRDA:1009,183,0,1
BRDA:1009,183,1,0
BRF:399
BRH:166
end_of_record
TN:
SF:controllers\egitimController.js
FN:5,_yetkiKontrolu
FN:33,_tarihFormatla
FN:43,_durumMetni
FN:51,_egitimMailSablonu
FN:122,_firmayaBildirimGonder
FN:158,(anonymous_5)
FN:169,(anonymous_6)
FN:189,(anonymous_7)
FN:229,(anonymous_8)
FN:274,(anonymous_9)
FNF:10
FNH:6
FNDA:3,_yetkiKontrolu
FNDA:0,_tarihFormatla
FNDA:0,_durumMetni
FNDA:0,_egitimMailSablonu
FNDA:0,_firmayaBildirimGonder
FNDA:4,(anonymous_5)
FNDA:2,(anonymous_6)
FNDA:2,(anonymous_7)
FNDA:3,(anonymous_8)
FNDA:2,(anonymous_9)
DA:6,3
DA:8,3
DA:9,1
DA:11,1
DA:12,1
DA:13,1
DA:15,1
DA:16,1
DA:18,0
DA:21,0
DA:26,1
DA:27,1
DA:28,1
DA:34,0
DA:35,0
DA:36,0
DA:37,0
DA:44,0
DA:45,0
DA:52,0
DA:56,0
DA:60,0
DA:123,0
DA:124,0
DA:125,0
DA:126,0
DA:127,0
DA:129,0
DA:130,0
DA:131,0
DA:134,0
DA:135,0
DA:146,0
DA:147,0
DA:149,0
DA:150,0
DA:158,1
DA:159,4
DA:160,4
DA:161,4
DA:162,4
DA:164,4
DA:165,1
DA:169,2
DA:171,3
DA:172,1
DA:175,4
DA:180,3
DA:182,1
DA:189,1
DA:190,2
DA:192,2
DA:194,2
DA:198,2
DA:201,1
DA:202,1
DA:203,0
DA:217,1
DA:224,1
DA:229,1
DA:230,3
DA:232,3
DA:233,3
DA:236,2
DA:237,2
DA:240,1
DA:242,1
DA:247,1
DA:248,1
DA:249,0
DA:263,1
DA:270,0
DA:274,1
DA:275,2
DA:276,2
DA:277,2
DA:280,1
DA:281,1
DA:283,1
DA:284,1
DA:286,0
LF:81
LH:52
BRDA:8,0,0,2
BRDA:8,0,1,1
BRDA:9,1,0,0
BRDA:9,1,1,1
BRDA:11,2,0,1
BRDA:11,2,1,0
BRDA:11,3,0,1
BRDA:11,3,1,0
BRDA:13,4,0,0
BRDA:13,4,1,1
BRDA:15,5,0,1
BRDA:15,5,1,0
BRDA:34,6,0,0
BRDA:34,6,1,0
BRDA:36,7,0,0
BRDA:36,7,1,0
BRDA:45,8,0,0
BRDA:45,8,1,0
BRDA:52,9,0,0
BRDA:52,9,1,0
BRDA:56,10,0,0
BRDA:56,10,1,0
BRDA:77,11,0,0
BRDA:77,11,1,0
BRDA:81,12,0,0
BRDA:81,12,1,0
BRDA:85,13,0,0
BRDA:85,13,1,0
BRDA:87,14,0,0
BRDA:87,14,1,0
BRDA:93,15,0,0
BRDA:93,15,1,0
BRDA:94,16,0,0
BRDA:94,16,1,0
BRDA:100,17,0,0
BRDA:100,17,1,0
BRDA:125,18,0,0
BRDA:125,18,1,0
BRDA:129,19,0,0
BRDA:129,19,1,0
BRDA:129,20,0,0
BRDA:129,20,1,0
BRDA:164,21,0,1
BRDA:164,21,1,3
BRDA:164,22,0,4
BRDA:164,22,1,3
BRDA:171,23,0,1
BRDA:171,23,1,2
BRDA:202,24,0,0
BRDA:202,24,1,1
BRDA:233,25,0,1
BRDA:233,25,1,2
BRDA:237,26,0,1
BRDA:237,26,1,1
BRDA:248,27,0,0
BRDA:248,27,1,1
BRDA:277,28,0,1
BRDA:277,28,1,1
BRDA:281,29,0,0
BRDA:281,29,1,1
BRF:60
BRH:22
end_of_record
TN:
SF:controllers\egitimTuruController.js
FN:5,(anonymous_0)
FN:18,(anonymous_1)
FN:57,(anonymous_2)
FNF:3
FNH:3
FNDA:2,(anonymous_0)
FNDA:3,(anonymous_1)
FNDA:3,(anonymous_2)
DA:2,1
DA:5,1
DA:6,2
DA:7,2
DA:11,1
DA:13,1
DA:18,1
DA:19,3
DA:20,3
DA:22,3
DA:23,1
DA:27,2
DA:30,2
DA:31,1
DA:34,1
DA:43,1
DA:49,0
DA:50,0
DA:52,0
DA:57,1
DA:58,3
DA:59,3
DA:60,3
DA:63,2
DA:64,2
DA:66,1
DA:71,1
DA:72,1
DA:73,1
DA:75,0
LF:30
LH:26
BRDA:22,0,0,1
BRDA:22,0,1,2
BRDA:22,1,0,3
BRDA:22,1,1,2
BRDA:30,2,0,1
BRDA:30,2,1,1
BRDA:36,3,0,1
BRDA:36,3,1,0
BRDA:37,4,0,1
BRDA:37,4,1,1
BRDA:38,5,0,1
BRDA:38,5,1,1
BRDA:39,6,0,1
BRDA:39,6,1,1
BRDA:49,7,0,0
BRDA:49,7,1,0
BRDA:60,8,0,1
BRDA:60,8,1,2
BRDA:64,9,0,1
BRDA:64,9,1,1
BRDA:64,10,0,2
BRDA:64,10,1,1
BRF:22
BRH:19
end_of_record
TN:
SF:controllers\firmaController.js
FN:8,(anonymous_0)
FN:46,(anonymous_1)
FN:73,(anonymous_2)
FN:80,(anonymous_3)
FN:124,(anonymous_4)
FN:132,(anonymous_5)
FN:140,(anonymous_6)
FN:169,(anonymous_7)
FN:174,(anonymous_8)
FN:194,(anonymous_9)
FN:216,(anonymous_10)
FNF:11
FNH:8
FNDA:3,(anonymous_0)
FNDA:4,(anonymous_1)
FNDA:5,(anonymous_2)
FNDA:0,(anonymous_3)
FNDA:1,(anonymous_4)
FNDA:6,(anonymous_5)
FNDA:0,(anonymous_6)
FNDA:1,(anonymous_7)
FNDA:0,(anonymous_8)
FNDA:3,(anonymous_9)
FNDA:1,(anonymous_10)
DA:2,1
DA:3,1
DA:4,1
DA:5,1
DA:8,1
DA:9,3
DA:10,3
DA:11,3
DA:12,3
DA:13,3
DA:15,3
DA:18,1
DA:19,1
DA:21,0
DA:22,0
DA:26,3
DA:27,0
DA:29,3
DA:32,3
DA:34,3
DA:39,2
DA:41,1
DA:46,1
DA:47,4
DA:48,4
DA:52,4
DA:54,3
DA:55,3
DA:58,3
DA:59,1
DA:62,2
DA:63,1
DA:66,1
DA:68,0
DA:73,1
DA:74,5
DA:75,5
DA:76,1
DA:79,4
DA:80,4
DA:81,0
DA:85,4
DA:86,3
DA:87,3
DA:88,2
DA:89,1
DA:92,4
DA:95,4
DA:98,3
DA:99,1
DA:102,1
DA:105,1
DA:106,0
DA:114,0
DA:116,1
DA:121,3
DA:123,1
DA:124,1
DA:125,1
DA:127,0
DA:132,1
DA:133,6
DA:134,6
DA:135,6
DA:136,1
DA:139,5
DA:140,5
DA:141,0
DA:144,5
DA:145,5
DA:147,4
DA:148,4
DA:150,4
DA:151,1
DA:153,3
DA:154,1
DA:157,2
DA:158,0
DA:159,0
DA:160,0
DA:161,0
DA:166,2
DA:168,1
DA:169,1
DA:170,1
DA:173,1
DA:174,1
DA:175,0
DA:177,1
DA:180,1
DA:183,2
DA:188,2
DA:190,0
DA:194,1
DA:195,3
DA:196,3
DA:198,3
DA:199,1
DA:202,2
DA:208,2
DA:209,1
DA:211,0
DA:216,1
DA:217,1
DA:218,1
DA:219,1
DA:225,1
DA:230,1
DA:235,0
LF:109
LH:92
BRDA:15,0,0,2
BRDA:15,0,1,1
BRDA:18,1,0,1
BRDA:18,1,1,0
BRDA:18,2,0,1
BRDA:18,2,1,0
BRDA:21,3,0,0
BRDA:21,3,1,0
BRDA:26,4,0,0
BRDA:26,4,1,3
BRDA:32,5,0,0
BRDA:32,5,1,3
BRDA:52,6,0,1
BRDA:52,6,1,3
BRDA:58,7,0,1
BRDA:58,7,1,2
BRDA:58,8,0,3
BRDA:58,8,1,1
BRDA:62,9,0,1
BRDA:62,9,1,1
BRDA:62,10,0,2
BRDA:62,10,1,1
BRDA:62,10,2,1
BRDA:75,11,0,1
BRDA:75,11,1,4
BRDA:81,12,0,0
BRDA:81,12,1,0
BRDA:85,13,0,3
BRDA:85,13,1,1
BRDA:87,14,0,1
BRDA:87,14,1,2
BRDA:87,15,0,3
BRDA:87,15,1,3
BRDA:88,16,0,1
BRDA:88,16,1,1
BRDA:98,17,0,1
BRDA:98,17,1,2
BRDA:105,18,0,0
BRDA:105,18,1,1
BRDA:107,19,0,0
BRDA:107,19,1,0
BRDA:123,20,0,1
BRDA:123,20,1,0
BRDA:135,21,0,1
BRDA:135,21,1,5
BRDA:135,22,0,6
BRDA:135,22,1,6
BRDA:135,22,2,5
BRDA:141,23,0,0
BRDA:141,23,1,0
BRDA:145,24,0,1
BRDA:145,24,1,4
BRDA:150,25,0,1
BRDA:150,25,1,3
BRDA:153,26,0,1
BRDA:153,26,1,2
BRDA:153,27,0,3
BRDA:153,27,1,2
BRDA:153,27,2,1
BRDA:157,28,0,0
BRDA:157,28,1,2
BRDA:159,29,0,0
BRDA:159,29,1,0
BRDA:159,30,0,0
BRDA:159,30,1,0
BRDA:160,31,0,0
BRDA:160,31,1,0
BRDA:166,32,0,1
BRDA:166,32,1,1
BRDA:198,33,0,1
BRDA:198,33,1,2
BRDA:198,34,0,3
BRDA:198,34,1,3
BRDA:198,34,2,2
BRDA:208,35,0,1
BRDA:208,35,1,1
BRF:76
BRH:55
end_of_record
TN:
SF:controllers\mevzuatController.js
FN:13,(anonymous_0)
FN:40,(anonymous_1)
FN:52,(anonymous_2)
FN:63,(anonymous_3)
FN:80,(anonymous_4)
FN:129,(anonymous_5)
FN:144,(anonymous_6)
FN:156,(anonymous_7)
FNF:8
FNH:7
FNDA:3,(anonymous_0)
FNDA:2,(anonymous_1)
FNDA:2,(anonymous_2)
FNDA:2,(anonymous_3)
FNDA:0,(anonymous_4)
FNDA:2,(anonymous_5)
FNDA:1,(anonymous_6)
FNDA:1,(anonymous_7)
DA:9,1
DA:10,1
DA:13,1
DA:14,3
DA:15,3
DA:16,3
DA:18,3
DA:19,3
DA:21,3
DA:22,0
DA:29,3
DA:33,2
DA:35,1
DA:40,1
DA:41,2
DA:42,2
DA:43,2
DA:44,1
DA:46,0
DA:52,1
DA:53,2
DA:54,2
DA:55,2
DA:56,1
DA:58,0
DA:63,1
DA:64,2
DA:65,2
DA:69,2
DA:70,1
DA:72,1
DA:73,1
DA:75,0
DA:80,1
DA:81,0
DA:82,0
DA:85,0
DA:86,0
DA:89,0
DA:90,0
DA:93,0
DA:97,0
DA:98,0
DA:100,0
DA:107,0
DA:108,0
DA:122,0
DA:124,0
DA:129,1
DA:130,2
DA:131,2
DA:132,2
DA:135,1
DA:137,1
DA:139,0
DA:144,1
DA:145,1
DA:146,1
DA:149,1
DA:151,0
DA:156,1
DA:157,1
DA:158,1
DA:159,1
DA:164,1
DA:166,0
LF:66
LH:45
BRDA:18,0,0,1
BRDA:18,0,1,2
BRDA:19,1,0,0
BRDA:19,1,1,3
BRDA:21,2,0,0
BRDA:21,2,1,3
BRDA:43,3,0,1
BRDA:43,3,1,1
BRDA:55,4,0,1
BRDA:55,4,1,1
BRDA:72,5,0,1
BRDA:72,5,1,0
BRDA:86,6,0,0
BRDA:86,6,1,0
BRDA:89,7,0,0
BRDA:89,7,1,0
BRDA:90,8,0,0
BRDA:90,8,1,0
BRDA:97,9,0,0
BRDA:97,9,1,0
BRDA:98,10,0,0
BRDA:98,10,1,0
BRDA:107,11,0,0
BRDA:107,11,1,0
BRDA:107,12,0,0
BRDA:107,12,1,0
BRDA:115,13,0,0
BRDA:115,13,1,0
BRDA:116,14,0,0
BRDA:116,14,1,0
BRDA:118,15,0,0
BRDA:118,15,1,0
BRDA:118,15,2,0
BRDA:132,16,0,1
BRDA:132,16,1,1
BRDA:158,17,0,1
BRDA:158,17,1,1
BRF:37
BRH:13
end_of_record
TN:
SF:controllers\naceController.js
FN:5,(anonymous_0)
FN:28,(anonymous_1)
FN:39,(anonymous_2)
FN:57,(anonymous_3)
FN:75,(anonymous_4)
FNF:5
FNH:5
FNDA:4,(anonymous_0)
FNDA:2,(anonymous_1)
FNDA:2,(anonymous_2)
FNDA:2,(anonymous_3)
FNDA:2,(anonymous_4)
DA:2,1
DA:5,1
DA:6,4
DA:7,4
DA:8,4
DA:10,4
DA:13,4
DA:14,1
DA:20,4
DA:21,3
DA:23,1
DA:28,1
DA:29,2
DA:30,2
DA:31,2
DA:32,1
DA:34,0
DA:39,1
DA:40,2
DA:41,2
DA:45,2
DA:46,1
DA:49,1
DA:50,1
DA:52,0
DA:57,1
DA:58,2
DA:59,2
DA:64,2
DA:65,1
DA:67,0
DA:68,0
DA:70,0
DA:75,1
DA:76,2
DA:77,2
DA:78,2
DA:79,1
DA:81,0
LF:39
LH:33
BRDA:10,0,0,1
BRDA:10,0,1,3
BRDA:13,1,0,1
BRDA:13,1,1,3
BRDA:31,2,0,1
BRDA:31,2,1,1
BRDA:49,3,0,1
BRDA:49,3,1,0
BRDA:64,4,0,1
BRDA:64,4,1,1
BRDA:67,5,0,0
BRDA:67,5,1,0
BRDA:78,6,0,1
BRDA:78,6,1,1
BRF:14
BRH:11
end_of_record
TN:
SF:controllers\personelController.js
FN:7,(anonymous_0)
FN:16,(anonymous_1)
FN:27,(anonymous_2)
FN:39,(anonymous_3)
FN:61,(anonymous_4)
FN:71,(anonymous_5)
FN:118,(anonymous_6)
FN:125,(anonymous_7)
FN:170,(anonymous_8)
FN:177,(anonymous_9)
FN:187,(anonymous_10)
FN:201,(anonymous_11)
FN:202,(anonymous_12)
FNF:13
FNH:13
FNDA:2,(anonymous_0)
FNDA:4,(anonymous_1)
FNDA:4,(anonymous_2)
FNDA:1,(anonymous_3)
FNDA:2,(anonymous_4)
FNDA:6,(anonymous_5)
FNDA:1,(anonymous_6)
FNDA:4,(anonymous_7)
FNDA:1,(anonymous_8)
FNDA:2,(anonymous_9)
FNDA:4,(anonymous_10)
FNDA:2,(anonymous_11)
FNDA:6,(anonymous_12)
DA:2,1
DA:3,1
DA:4,1
DA:5,1
DA:7,1
DA:8,2
DA:9,0
DA:10,0
DA:11,0
DA:13,0
DA:16,1
DA:17,4
DA:18,4
DA:19,4
DA:20,2
DA:22,2
DA:23,2
DA:24,0
DA:27,1
DA:28,4
DA:29,4
DA:30,4
DA:31,4
DA:32,4
DA:34,4
DA:35,2
DA:39,1
DA:41,2
DA:42,1
DA:45,3
DA:46,3
DA:47,3
DA:48,3
DA:49,3
DA:51,3
DA:55,3
DA:57,1
DA:61,1
DA:62,2
DA:63,2
DA:64,2
DA:65,1
DA:67,0
DA:71,1
DA:72,6
DA:73,6
DA:74,6
DA:76,5
DA:79,4
DA:80,4
DA:81,1
DA:82,1
DA:83,1
DA:86,0
DA:90,0
DA:91,0
DA:98,3
DA:99,3
DA:101,2
DA:102,2
DA:104,2
DA:112,2
DA:113,1
DA:115,1
DA:117,1
DA:118,1
DA:119,1
DA:121,0
DA:125,1
DA:126,4
DA:127,4
DA:129,4
DA:130,4
DA:133,3
DA:134,3
DA:135,0
DA:136,0
DA:137,0
DA:140,0
DA:145,0
DA:146,0
DA:153,3
DA:154,3
DA:155,3
DA:156,3
DA:158,3
DA:159,1
DA:160,1
DA:161,0
DA:164,2
DA:165,1
DA:167,1
DA:169,1
DA:170,1
DA:171,1
DA:173,0
DA:177,1
DA:178,2
DA:179,2
DA:180,2
DA:181,1
DA:183,0
DA:187,1
DA:188,4
DA:189,4
DA:190,4
DA:191,4
DA:192,4
DA:194,4
DA:195,4
DA:196,4
DA:198,4
DA:200,3
DA:201,3
DA:202,2
DA:203,6
DA:204,2
DA:205,2
DA:206,1
DA:208,2
DA:209,2
DA:210,2
DA:213,3
DA:215,1
LF:124
LH:105
BRDA:8,0,0,2
BRDA:8,0,1,0
BRDA:9,1,0,0
BRDA:9,1,1,0
BRDA:9,2,0,0
BRDA:9,2,1,0
BRDA:17,3,0,0
BRDA:17,3,1,4
BRDA:19,4,0,2
BRDA:19,4,1,2
BRDA:19,5,0,4
BRDA:19,5,1,2
BRDA:23,6,0,2
BRDA:23,6,1,0
BRDA:34,7,0,2
BRDA:34,7,1,2
BRDA:34,8,0,4
BRDA:34,8,1,2
BRDA:41,9,0,1
BRDA:41,9,1,1
BRDA:45,10,0,0
BRDA:45,10,1,3
BRDA:45,11,0,3
BRDA:45,11,1,0
BRDA:46,12,0,0
BRDA:46,12,1,3
BRDA:48,13,0,0
BRDA:48,13,1,3
BRDA:49,14,0,0
BRDA:49,14,1,3
BRDA:64,15,0,1
BRDA:64,15,1,1
BRDA:73,16,0,0
BRDA:73,16,1,6
BRDA:74,17,0,1
BRDA:74,17,1,5
BRDA:76,18,0,1
BRDA:76,18,1,4
BRDA:79,19,0,4
BRDA:79,19,1,3
BRDA:80,20,0,1
BRDA:80,20,1,3
BRDA:82,21,0,1
BRDA:82,21,1,0
BRDA:90,22,0,0
BRDA:90,22,1,0
BRDA:99,23,0,1
BRDA:99,23,1,2
BRDA:102,24,0,0
BRDA:102,24,1,2
BRDA:106,25,0,2
BRDA:106,25,1,1
BRDA:107,26,0,2
BRDA:107,26,1,2
BRDA:108,27,0,2
BRDA:108,27,1,1
BRDA:108,27,2,1
BRDA:109,28,0,2
BRDA:109,28,1,2
BRDA:117,29,0,1
BRDA:117,29,1,0
BRDA:127,30,0,0
BRDA:127,30,1,4
BRDA:130,31,0,1
BRDA:130,31,1,3
BRDA:133,32,0,3
BRDA:133,32,1,3
BRDA:134,33,0,0
BRDA:134,33,1,3
BRDA:134,34,0,3
BRDA:134,34,1,0
BRDA:136,35,0,0
BRDA:136,35,1,0
BRDA:145,36,0,0
BRDA:145,36,1,0
BRDA:153,37,0,2
BRDA:153,37,1,1
BRDA:153,38,0,3
BRDA:153,38,1,1
BRDA:153,39,0,2
BRDA:153,39,1,0
BRDA:154,40,0,0
BRDA:154,40,1,3
BRDA:155,41,0,1
BRDA:155,41,1,2
BRDA:155,42,0,3
BRDA:155,42,1,2
BRDA:155,43,0,1
BRDA:155,43,1,0
BRDA:156,44,0,0
BRDA:156,44,1,3
BRDA:156,45,0,3
BRDA:156,45,1,3
BRDA:156,46,0,0
BRDA:156,46,1,0
BRDA:158,47,0,1
BRDA:158,47,1,2
BRDA:160,48,0,1
BRDA:160,48,1,0
BRDA:169,49,0,1
BRDA:169,49,1,0
BRDA:180,50,0,1
BRDA:180,50,1,1
BRDA:191,51,0,0
BRDA:191,51,1,4
BRDA:192,52,0,1
BRDA:192,52,1,3
BRDA:203,53,0,4
BRDA:203,53,1,2
BRDA:205,54,0,1
BRDA:205,54,1,1
BRDA:206,55,0,1
BRDA:206,55,1,0
BRF:113
BRH:78
end_of_record
TN:
SF:middleware\authMiddleware.js
FN:9,(anonymous_0)
FNF:1
FNH:1
FNDA:6,(anonymous_0)
DA:2,1
DA:3,1
DA:9,1
DA:10,6
DA:14,6
DA:15,5
DA:18,1
DA:19,0
DA:22,6
DA:23,1
DA:27,5
DA:30,3
DA:31,3
DA:32,1
DA:34,2
DA:35,1
DA:39,1
DA:40,1
DA:42,2
DA:43,1
DA:45,1
DA:49,1
LF:22
LH:21
BRDA:14,0,0,5
BRDA:14,0,1,1
BRDA:18,1,0,0
BRDA:18,1,1,1
BRDA:22,2,0,1
BRDA:22,2,1,5
BRDA:31,3,0,1
BRDA:31,3,1,2
BRDA:34,4,0,1
BRDA:34,4,1,1
BRDA:42,5,0,1
BRDA:42,5,1,1
BRF:12
BRH:11
end_of_record
TN:
SF:middleware\roleMiddleware.js
FN:7,(anonymous_0)
FN:8,(anonymous_1)
FNF:2
FNH:2
FNDA:4,(anonymous_0)
FNDA:4,(anonymous_1)
DA:7,1
DA:8,4
DA:9,4
DA:10,1
DA:12,3
DA:13,1
DA:18,2
DA:22,1
LF:8
LH:8
BRDA:9,0,0,1
BRDA:9,0,1,3
BRDA:12,1,0,1
BRDA:12,1,1,2
BRF:4
BRH:4
end_of_record
